[2022-05-16 20:38:39.836] [exthost] [info] Extension host with pid 141 started
[2022-05-16 20:38:39.969] [exthost] [info] Lock '/home/jtorne2/.vscode-server/data/User/workspaceStorage/faf95380bff7befa0e8455c263d445cf/vscode.lock': Lock acquired.
[2022-05-16 20:38:41.964] [exthost] [info] ExtensionService#_doActivateExtension cschlosser.doxdocgen, startup: false, activationEvent: 'onLanguage:c'
[2022-05-16 20:38:42.654] [exthost] [info] ExtensionService#_doActivateExtension ms-vscode.cpptools, startup: false, activationEvent: 'onLanguage:c', root cause: franneck94.c-cpp-runner
[2022-05-16 20:38:43.738] [exthost] [info] ExtensionService#_doActivateExtension vadimcn.vscode-lldb, startup: false, activationEvent: 'onLanguage:c', root cause: franneck94.c-cpp-runner
[2022-05-16 20:38:43.864] [exthost] [info] ExtensionService#_doActivateExtension vscode.debug-auto-launch, startup: true, activationEvent: '*'
[2022-05-16 20:38:43.915] [exthost] [info] ExtensionService#_doActivateExtension vscode.git-base, startup: true, activationEvent: '*', root cause: vscode.git
[2022-05-16 20:38:43.944] [exthost] [info] ExtensionService#_doActivateExtension vscode.ipynb, startup: true, activationEvent: '*'
[2022-05-16 20:38:50.182] [exthost] [info] ExtensionService#_doActivateExtension vscode.git, startup: true, activationEvent: '*'
[2022-05-16 20:38:50.699] [exthost] [info] ExtensionService#_doActivateExtension vscode.github, startup: true, activationEvent: '*'
[2022-05-16 20:38:51.053] [exthost] [info] Not activating extension 'franneck94.c-cpp-runner': Timed out while searching for 'workspaceContains' pattern *.h,*.c,*.hh,*.cc,*.hxx,*.cxx,*.hpp,*.cpp
[2022-05-16 20:38:51.055] [exthost] [info] Not activating extension 'ms-vscode.cmake-tools': Timed out while searching for 'workspaceContains' pattern */CMakeLists.txt,*/*/CMakeLists.txt,*/*/*/CMakeLists.txt
[2022-05-16 20:38:54.952] [exthost] [info] ExtensionService#_doActivateExtension vscode.configuration-editing, startup: false, activationEvent: 'onLanguage:json'
[2022-05-16 20:38:55.048] [exthost] [info] ExtensionService#_doActivateExtension vscode.extension-editing, startup: false, activationEvent: 'onLanguage:json'
[2022-05-16 20:38:55.165] [exthost] [info] ExtensionService#_doActivateExtension vscode.json-language-features, startup: false, activationEvent: 'onLanguage:json'
[2022-05-16 20:38:55.729] [exthost] [info] ExtensionService#_doActivateExtension vscode.npm, startup: false, activationEvent: 'onLanguage:json'
[2022-05-16 20:38:57.214] [exthost] [info] ExtensionService#_doActivateExtension franneck94.c-cpp-runner, startup: false, activationEvent: 'onLanguage:c'
[2022-05-16 20:38:57.315] [exthost] [info] ExtensionService#_doActivateExtension vscode.emmet, startup: false, activationEvent: 'onStartupFinished'
[2022-05-16 20:38:57.426] [exthost] [info] ExtensionService#_doActivateExtension vscode.merge-conflict, startup: false, activationEvent: 'onStartupFinished'
[2022-05-16 20:38:57.459] [exthost] [info] ExtensionService#_doActivateExtension formulahendry.code-runner, startup: false, activationEvent: 'onStartupFinished'
[2022-05-16 20:38:57.717] [exthost] [info] Eager extensions activated
[2022-05-16 20:38:58.807] [exthost] [info] ExtensionService#_doActivateExtension vscode.typescript-language-features, startup: false, activationEvent: 'onLanguage:jsonc'
[2022-05-16 21:51:41.259] [exthost] [info] ExtensionService#_doActivateExtension vscode.markdown-language-features, startup: false, activationEvent: 'onLanguage:markdown'
[2022-05-16 21:51:44.159] [exthost] [info] ExtensionService#_doActivateExtension vscode.markdown-math, startup: false, activationEvent: 'api', root cause: vscode.markdown-language-features
[2022-05-16 22:01:21.150] [exthost] [warning] [Decorations] CAPPING events from decorations provider vscode.git 251
[2022-05-16 22:01:29.518] [exthost] [warning] [Decorations] CAPPING events from decorations provider vscode.git 251
[2022-05-16 22:01:44.048] [exthost] [warning] [Decorations] CAPPING events from decorations provider vscode.git 251
[2022-05-16 22:01:51.307] [exthost] [warning] [Decorations] CAPPING events from decorations provider vscode.git 253
[2022-05-16 22:01:57.667] [exthost] [warning] [Decorations] CAPPING events from decorations provider vscode.git 253
[2022-05-16 22:02:03.435] [exthost] [warning] [Decorations] CAPPING events from decorations provider vscode.git 253
[2022-05-16 22:02:09.000] [exthost] [warning] [Decorations] CAPPING events from decorations provider vscode.git 253
[2022-05-16 22:02:14.348] [exthost] [warning] [Decorations] CAPPING events from decorations provider vscode.git 253
[2022-05-16 22:02:19.929] [exthost] [warning] [Decorations] CAPPING events from decorations provider vscode.git 253
[2022-05-16 22:02:25.859] [exthost] [warning] [Decorations] CAPPING events from decorations provider vscode.git 253
[2022-05-16 22:02:31.426] [exthost] [warning] [Decorations] CAPPING events from decorations provider vscode.git 253
[2022-05-16 22:02:36.994] [exthost] [warning] [Decorations] CAPPING events from decorations provider vscode.git 253
