[2022-05-09 13:59:02.388] [exthost] [info] Extension host with pid 138 started
[2022-05-09 13:59:02.402] [exthost] [error] Error: EEXIST: file already exists, open '/home/jtorne2/.vscode-server/data/User/workspaceStorage/faf95380bff7befa0e8455c263d445cf/vscode.lock'
[2022-05-09 13:59:02.418] [exthost] [info] Lock '/home/jtorne2/.vscode-server/data/User/workspaceStorage/faf95380bff7befa0e8455c263d445cf/vscode.lock': Could not acquire lock, checking if the file is stale.
[2022-05-09 13:59:02.421] [exthost] [info] Lock '/home/jtorne2/.vscode-server/data/User/workspaceStorage/faf95380bff7befa0e8455c263d445cf/vscode.lock': The pid 9786 appears to be gone.
[2022-05-09 13:59:02.421] [exthost] [info] Lock '/home/jtorne2/.vscode-server/data/User/workspaceStorage/faf95380bff7befa0e8455c263d445cf/vscode.lock': Deleting a stale lock.
[2022-05-09 13:59:02.469] [exthost] [info] Lock '/home/jtorne2/.vscode-server/data/User/workspaceStorage/faf95380bff7befa0e8455c263d445cf/vscode.lock': Lock acquired.
[2022-05-09 13:59:03.530] [exthost] [info] ExtensionService#_doActivateExtension vscode.debug-auto-launch, startup: true, activationEvent: '*'
[2022-05-09 13:59:03.579] [exthost] [info] ExtensionService#_doActivateExtension vscode.git-base, startup: true, activationEvent: '*', root cause: vscode.git
[2022-05-09 13:59:03.619] [exthost] [info] ExtensionService#_doActivateExtension vscode.ipynb, startup: true, activationEvent: '*'
[2022-05-09 13:59:03.743] [exthost] [info] ExtensionService#_doActivateExtension ms-vscode.cpptools, startup: true, activationEvent: 'workspaceContains:/.vscode/c_cpp_properties.json'
[2022-05-09 13:59:04.559] [exthost] [info] ExtensionService#_doActivateExtension cschlosser.doxdocgen, startup: false, activationEvent: 'onLanguage:c'
[2022-05-09 13:59:05.273] [exthost] [info] ExtensionService#_doActivateExtension vadimcn.vscode-lldb, startup: false, activationEvent: 'onLanguage:c', root cause: franneck94.c-cpp-runner
[2022-05-09 13:59:09.878] [exthost] [info] ExtensionService#_doActivateExtension vscode.git, startup: true, activationEvent: '*'
[2022-05-09 13:59:10.225] [exthost] [info] ExtensionService#_doActivateExtension vscode.github, startup: true, activationEvent: '*'
[2022-05-09 13:59:10.729] [exthost] [info] Not activating extension 'franneck94.c-cpp-runner': Timed out while searching for 'workspaceContains' pattern *.h,*.c,*.hh,*.cc,*.hxx,*.cxx,*.hpp,*.cpp
[2022-05-09 13:59:10.739] [exthost] [info] Not activating extension 'ms-vscode.cmake-tools': Timed out while searching for 'workspaceContains' pattern */CMakeLists.txt,*/*/CMakeLists.txt,*/*/*/CMakeLists.txt
[2022-05-09 13:59:13.741] [exthost] [info] ExtensionService#_doActivateExtension vscode.emmet, startup: false, activationEvent: 'onStartupFinished'
[2022-05-09 13:59:13.847] [exthost] [info] ExtensionService#_doActivateExtension vscode.merge-conflict, startup: false, activationEvent: 'onStartupFinished'
[2022-05-09 13:59:13.879] [exthost] [info] ExtensionService#_doActivateExtension formulahendry.code-runner, startup: false, activationEvent: 'onStartupFinished'
[2022-05-09 13:59:29.052] [exthost] [info] ExtensionService#_doActivateExtension vscode.configuration-editing, startup: false, activationEvent: 'onLanguage:json'
[2022-05-09 13:59:29.103] [exthost] [info] ExtensionService#_doActivateExtension vscode.extension-editing, startup: false, activationEvent: 'onLanguage:json'
[2022-05-09 13:59:29.214] [exthost] [info] ExtensionService#_doActivateExtension vscode.json-language-features, startup: false, activationEvent: 'onLanguage:json'
[2022-05-09 13:59:29.669] [exthost] [info] ExtensionService#_doActivateExtension vscode.npm, startup: false, activationEvent: 'onLanguage:json'
[2022-05-09 13:59:31.055] [exthost] [info] ExtensionService#_doActivateExtension franneck94.c-cpp-runner, startup: false, activationEvent: 'onLanguage:c'
[2022-05-09 13:59:31.149] [exthost] [info] Eager extensions activated
[2022-05-09 13:59:42.954] [exthost] [info] ExtensionService#_doActivateExtension vscode.typescript-language-features, startup: false, activationEvent: 'onLanguage:jsonc'
[2022-05-09 15:42:10.615] [exthost] [info] extension host terminating: received terminate message from renderer
[2022-05-09 15:42:10.699] [exthost] [info] Lock '/home/jtorne2/.vscode-server/data/User/workspaceStorage/faf95380bff7befa0e8455c263d445cf/vscode.lock': Marking the lockfile as scheduled to be released in 6000 ms.
[2022-05-09 15:42:11.944] [exthost] [info] Extension host with pid 138 exiting with code 0
