[2022-05-08 14:40:46.769] [exthost] [info] Extension host with pid 9786 started
[2022-05-08 14:40:46.876] [exthost] [info] Lock '/home/jtorne2/.vscode-server/data/User/workspaceStorage/faf95380bff7befa0e8455c263d445cf/vscode.lock': Lock acquired.
[2022-05-08 14:40:48.501] [exthost] [info] ExtensionService#_doActivateExtension cschlosser.doxdocgen, startup: false, activationEvent: 'onLanguage:c'
[2022-05-08 14:40:49.317] [exthost] [info] ExtensionService#_doActivateExtension ms-vscode.cpptools, startup: false, activationEvent: 'onLanguage:c', root cause: franneck94.c-cpp-runner
[2022-05-08 14:40:50.119] [exthost] [info] ExtensionService#_doActivateExtension vadimcn.vscode-lldb, startup: false, activationEvent: 'onLanguage:c', root cause: franneck94.c-cpp-runner
[2022-05-08 14:40:50.184] [exthost] [info] ExtensionService#_doActivateExtension vscode.debug-auto-launch, startup: true, activationEvent: '*'
[2022-05-08 14:40:50.218] [exthost] [info] ExtensionService#_doActivateExtension vscode.git-base, startup: true, activationEvent: '*', root cause: vscode.git
[2022-05-08 14:40:50.241] [exthost] [info] ExtensionService#_doActivateExtension vscode.ipynb, startup: true, activationEvent: '*'
[2022-05-08 14:40:51.568] [exthost] [info] ExtensionService#_doActivateExtension vscode.git, startup: true, activationEvent: '*'
[2022-05-08 14:40:53.019] [exthost] [info] ExtensionService#_doActivateExtension vscode.github, startup: true, activationEvent: '*'
[2022-05-08 14:41:01.311] [exthost] [info] ExtensionService#_doActivateExtension franneck94.c-cpp-runner, startup: false, activationEvent: 'onLanguage:c'
[2022-05-08 14:41:01.545] [exthost] [info] ExtensionService#_doActivateExtension vscode.emmet, startup: false, activationEvent: 'onStartupFinished'
[2022-05-08 14:41:01.823] [exthost] [info] ExtensionService#_doActivateExtension vscode.merge-conflict, startup: false, activationEvent: 'onStartupFinished'
[2022-05-08 14:41:02.740] [exthost] [info] Eager extensions activated
[2022-05-08 14:41:05.664] [exthost] [warning] [Decorations] CAPPING events from decorations provider vscode.git 3743
[2022-05-08 14:41:19.689] [exthost] [warning] [Decorations] CAPPING events from decorations provider vscode.git 3746
[2022-05-08 14:41:32.669] [exthost] [warning] [Decorations] CAPPING events from decorations provider vscode.git 3748
[2022-05-08 14:41:42.099] [exthost] [warning] [Decorations] CAPPING events from decorations provider vscode.git 3750
[2022-05-08 14:41:51.143] [exthost] [warning] [Decorations] CAPPING events from decorations provider vscode.git 4944
[2022-05-08 14:42:01.387] [exthost] [warning] [Decorations] CAPPING events from decorations provider vscode.git 4944
[2022-05-08 14:42:11.540] [exthost] [warning] [Decorations] CAPPING events from decorations provider vscode.git 4945
[2022-05-08 14:42:21.665] [exthost] [warning] [Decorations] CAPPING events from decorations provider vscode.git 4945
[2022-05-08 14:42:32.232] [exthost] [warning] [Decorations] CAPPING events from decorations provider vscode.git 4945
[2022-05-08 14:42:42.366] [exthost] [warning] [Decorations] CAPPING events from decorations provider vscode.git 4945
[2022-05-08 14:42:52.097] [exthost] [warning] [Decorations] CAPPING events from decorations provider vscode.git 4945
[2022-05-08 14:43:02.694] [exthost] [warning] [Decorations] CAPPING events from decorations provider vscode.git 4945
[2022-05-08 14:43:13.432] [exthost] [warning] [Decorations] CAPPING events from decorations provider vscode.git 4946
[2022-05-08 14:43:23.952] [exthost] [warning] [Decorations] CAPPING events from decorations provider vscode.git 4946
[2022-05-08 14:43:33.916] [exthost] [warning] [Decorations] CAPPING events from decorations provider vscode.git 4946
[2022-05-08 14:43:43.605] [exthost] [warning] [Decorations] CAPPING events from decorations provider vscode.git 4946
[2022-05-08 14:43:53.410] [exthost] [warning] [Decorations] CAPPING events from decorations provider vscode.git 4946
[2022-05-08 14:44:03.509] [exthost] [warning] [Decorations] CAPPING events from decorations provider vscode.git 4946
[2022-05-08 14:44:13.583] [exthost] [warning] [Decorations] CAPPING events from decorations provider vscode.git 4946
[2022-05-08 14:44:24.716] [exthost] [warning] [Decorations] CAPPING events from decorations provider vscode.git 4946
[2022-05-08 14:44:35.590] [exthost] [warning] [Decorations] CAPPING events from decorations provider vscode.git 4946
[2022-05-08 14:44:45.351] [exthost] [warning] [Decorations] CAPPING events from decorations provider vscode.git 4946
[2022-05-08 14:44:55.420] [exthost] [warning] [Decorations] CAPPING events from decorations provider vscode.git 4946
[2022-05-08 14:45:05.289] [exthost] [warning] [Decorations] CAPPING events from decorations provider vscode.git 4946
[2022-05-08 14:45:15.093] [exthost] [warning] [Decorations] CAPPING events from decorations provider vscode.git 4946
[2022-05-08 14:45:25.154] [exthost] [warning] [Decorations] CAPPING events from decorations provider vscode.git 4946
[2022-05-08 14:45:35.339] [exthost] [warning] [Decorations] CAPPING events from decorations provider vscode.git 4946
[2022-05-08 14:45:45.190] [exthost] [warning] [Decorations] CAPPING events from decorations provider vscode.git 4946
[2022-05-08 14:45:55.366] [exthost] [warning] [Decorations] CAPPING events from decorations provider vscode.git 4946
[2022-05-08 14:46:05.852] [exthost] [warning] [Decorations] CAPPING events from decorations provider vscode.git 4946
[2022-05-08 14:46:16.065] [exthost] [warning] [Decorations] CAPPING events from decorations provider vscode.git 4946
[2022-05-08 14:46:26.300] [exthost] [warning] [Decorations] CAPPING events from decorations provider vscode.git 4946
[2022-05-08 14:46:37.363] [exthost] [warning] [Decorations] CAPPING events from decorations provider vscode.git 4946
[2022-05-08 14:46:47.739] [exthost] [warning] [Decorations] CAPPING events from decorations provider vscode.git 4946
[2022-05-08 14:47:42.919] [exthost] [warning] [Decorations] CAPPING events from decorations provider vscode.git 4946
[2022-05-08 14:47:54.075] [exthost] [warning] [Decorations] CAPPING events from decorations provider vscode.git 4946
[2022-05-08 14:48:03.980] [exthost] [warning] [Decorations] CAPPING events from decorations provider vscode.git 4946
[2022-05-08 14:49:30.026] [exthost] [warning] [Decorations] CAPPING events from decorations provider vscode.git 4946
[2022-05-08 14:49:41.691] [exthost] [warning] [Decorations] CAPPING events from decorations provider vscode.git 4947
[2022-05-08 14:49:51.728] [exthost] [warning] [Decorations] CAPPING events from decorations provider vscode.git 4947
[2022-05-08 14:50:01.660] [exthost] [warning] [Decorations] CAPPING events from decorations provider vscode.git 4947
[2022-05-08 14:50:13.590] [exthost] [warning] [Decorations] CAPPING events from decorations provider vscode.git 4947
[2022-05-08 14:50:23.673] [exthost] [warning] [Decorations] CAPPING events from decorations provider vscode.git 4947
[2022-05-08 14:50:33.491] [exthost] [warning] [Decorations] CAPPING events from decorations provider vscode.git 4947
[2022-05-08 14:50:43.904] [exthost] [warning] [Decorations] CAPPING events from decorations provider vscode.git 4947
[2022-05-08 14:50:53.987] [exthost] [warning] [Decorations] CAPPING events from decorations provider vscode.git 4948
[2022-05-08 14:51:06.175] [exthost] [warning] [Decorations] CAPPING events from decorations provider vscode.git 4948
[2022-05-08 14:51:16.066] [exthost] [warning] [Decorations] CAPPING events from decorations provider vscode.git 4949
[2022-05-08 14:51:26.680] [exthost] [warning] [Decorations] CAPPING events from decorations provider vscode.git 4949
[2022-05-08 14:51:37.143] [exthost] [warning] [Decorations] CAPPING events from decorations provider vscode.git 4949
[2022-05-08 14:51:47.096] [exthost] [warning] [Decorations] CAPPING events from decorations provider vscode.git 4949
[2022-05-08 14:51:57.118] [exthost] [warning] [Decorations] CAPPING events from decorations provider vscode.git 4949
[2022-05-08 14:52:07.131] [exthost] [warning] [Decorations] CAPPING events from decorations provider vscode.git 4950
[2022-05-08 14:52:17.327] [exthost] [warning] [Decorations] CAPPING events from decorations provider vscode.git 4950
[2022-05-08 14:52:27.446] [exthost] [warning] [Decorations] CAPPING events from decorations provider vscode.git 4951
[2022-05-08 14:52:37.411] [exthost] [warning] [Decorations] CAPPING events from decorations provider vscode.git 4951
[2022-05-08 14:52:47.663] [exthost] [warning] [Decorations] CAPPING events from decorations provider vscode.git 4951
[2022-05-08 14:52:57.526] [exthost] [warning] [Decorations] CAPPING events from decorations provider vscode.git 4952
[2022-05-08 14:53:07.882] [exthost] [warning] [Decorations] CAPPING events from decorations provider vscode.git 4952
[2022-05-08 14:53:18.510] [exthost] [warning] [Decorations] CAPPING events from decorations provider vscode.git 4952
[2022-05-08 14:53:28.733] [exthost] [warning] [Decorations] CAPPING events from decorations provider vscode.git 4953
[2022-05-08 14:53:38.804] [exthost] [warning] [Decorations] CAPPING events from decorations provider vscode.git 4953
[2022-05-08 14:53:49.537] [exthost] [warning] [Decorations] CAPPING events from decorations provider vscode.git 4954
[2022-05-08 14:53:59.534] [exthost] [warning] [Decorations] CAPPING events from decorations provider vscode.git 4955
[2022-05-08 14:54:10.963] [exthost] [warning] [Decorations] CAPPING events from decorations provider vscode.git 4956
[2022-05-08 14:54:15.953] [exthost] [error] onWillSaveTextDocument-listener from extension 'ms-vscode.cpptools' threw ERROR
[2022-05-08 14:54:15.981] [exthost] [error] Error: timeout
	at Timeout._onTimeout (/home/jtorne2/.vscode-server/bin/dfd34e8260c270da74b5c2d86d61aee4b6d56977/out/vs/workbench/api/node/extensionHostProcess.js:83:31825)
	at listOnTimeout (node:internal/timers:557:17)
	at processTimers (node:internal/timers:500:7)
[2022-05-08 14:54:21.273] [exthost] [warning] [Decorations] CAPPING events from decorations provider vscode.git 4956
[2022-05-08 14:54:32.023] [exthost] [warning] [Decorations] CAPPING events from decorations provider vscode.git 4957
[2022-05-08 14:54:41.930] [exthost] [warning] [Decorations] CAPPING events from decorations provider vscode.git 4957
[2022-05-08 14:54:52.043] [exthost] [warning] [Decorations] CAPPING events from decorations provider vscode.git 4957
[2022-05-08 14:55:02.571] [exthost] [warning] [Decorations] CAPPING events from decorations provider vscode.git 4957
[2022-05-08 14:55:07.313] [exthost] [error] [ms-vscode.cpptools] provider FAILED
[2022-05-08 14:55:07.313] [exthost] [error] Error: DisposableStore is missing...
	at X._convertCompletionItem (/home/jtorne2/.vscode-server/bin/dfd34e8260c270da74b5c2d86d61aee4b6d56977/out/vs/workbench/api/node/extensionHostProcess.js:85:109928)
	at X.resolveCompletionItem (/home/jtorne2/.vscode-server/bin/dfd34e8260c270da74b5c2d86d61aee4b6d56977/out/vs/workbench/api/node/extensionHostProcess.js:85:109706)
[2022-05-08 14:55:12.713] [exthost] [warning] [Decorations] CAPPING events from decorations provider vscode.git 4957
[2022-05-08 14:55:23.130] [exthost] [warning] [Decorations] CAPPING events from decorations provider vscode.git 4957
[2022-05-08 14:59:02.190] [exthost] [warning] [Decorations] CAPPING events from decorations provider vscode.git 4957
[2022-05-08 14:59:12.857] [exthost] [warning] [Decorations] CAPPING events from decorations provider vscode.git 4958
[2022-05-08 14:59:23.959] [exthost] [warning] [Decorations] CAPPING events from decorations provider vscode.git 4958
[2022-05-08 14:59:33.727] [exthost] [warning] [Decorations] CAPPING events from decorations provider vscode.git 4958
[2022-05-08 15:00:22.559] [exthost] [warning] [Decorations] CAPPING events from decorations provider vscode.git 4958
[2022-05-08 15:00:32.997] [exthost] [warning] [Decorations] CAPPING events from decorations provider vscode.git 4959
[2022-05-08 15:00:43.493] [exthost] [warning] [Decorations] CAPPING events from decorations provider vscode.git 4959
[2022-05-08 15:00:54.678] [exthost] [warning] [Decorations] CAPPING events from decorations provider vscode.git 4959
[2022-05-08 15:01:05.125] [exthost] [warning] [Decorations] CAPPING events from decorations provider vscode.git 4959
[2022-05-08 15:01:15.826] [exthost] [warning] [Decorations] CAPPING events from decorations provider vscode.git 4959
[2022-05-08 15:01:26.825] [exthost] [warning] [Decorations] CAPPING events from decorations provider vscode.git 4959
[2022-05-08 15:01:36.481] [exthost] [warning] [Decorations] CAPPING events from decorations provider vscode.git 4959
[2022-05-08 15:02:24.569] [exthost] [warning] [Decorations] CAPPING events from decorations provider vscode.git 4959
[2022-05-08 15:02:34.761] [exthost] [warning] [Decorations] CAPPING events from decorations provider vscode.git 4960
[2022-05-08 15:02:45.042] [exthost] [warning] [Decorations] CAPPING events from decorations provider vscode.git 4961
[2022-05-08 15:02:55.173] [exthost] [warning] [Decorations] CAPPING events from decorations provider vscode.git 4961
[2022-05-08 15:03:05.500] [exthost] [warning] [Decorations] CAPPING events from decorations provider vscode.git 4961
[2022-05-08 15:03:15.646] [exthost] [warning] [Decorations] CAPPING events from decorations provider vscode.git 4961
[2022-05-08 15:03:25.567] [exthost] [warning] [Decorations] CAPPING events from decorations provider vscode.git 4961
[2022-05-08 15:03:36.347] [exthost] [warning] [Decorations] CAPPING events from decorations provider vscode.git 4962
[2022-05-08 15:03:46.603] [exthost] [warning] [Decorations] CAPPING events from decorations provider vscode.git 4962
[2022-05-08 15:03:56.812] [exthost] [warning] [Decorations] CAPPING events from decorations provider vscode.git 4962
[2022-05-08 15:04:06.872] [exthost] [warning] [Decorations] CAPPING events from decorations provider vscode.git 4963
[2022-05-08 15:04:17.219] [exthost] [warning] [Decorations] CAPPING events from decorations provider vscode.git 4963
[2022-05-08 15:04:27.139] [exthost] [warning] [Decorations] CAPPING events from decorations provider vscode.git 4963
[2022-05-08 15:04:37.177] [exthost] [warning] [Decorations] CAPPING events from decorations provider vscode.git 4963
[2022-05-08 15:04:47.287] [exthost] [warning] [Decorations] CAPPING events from decorations provider vscode.git 4963
[2022-05-08 15:04:57.214] [exthost] [warning] [Decorations] CAPPING events from decorations provider vscode.git 4963
[2022-05-08 15:05:07.108] [exthost] [warning] [Decorations] CAPPING events from decorations provider vscode.git 4963
[2022-05-08 15:05:17.601] [exthost] [warning] [Decorations] CAPPING events from decorations provider vscode.git 4963
[2022-05-08 15:05:27.642] [exthost] [warning] [Decorations] CAPPING events from decorations provider vscode.git 4965
[2022-05-08 15:05:38.258] [exthost] [warning] [Decorations] CAPPING events from decorations provider vscode.git 4966
[2022-05-08 15:05:48.871] [exthost] [warning] [Decorations] CAPPING events from decorations provider vscode.git 4966
[2022-05-08 15:05:59.067] [exthost] [warning] [Decorations] CAPPING events from decorations provider vscode.git 4966
[2022-05-08 15:06:09.170] [exthost] [warning] [Decorations] CAPPING events from decorations provider vscode.git 4966
[2022-05-08 15:06:19.260] [exthost] [warning] [Decorations] CAPPING events from decorations provider vscode.git 4966
[2022-05-08 15:06:29.664] [exthost] [warning] [Decorations] CAPPING events from decorations provider vscode.git 4966
[2022-05-08 15:06:40.500] [exthost] [warning] [Decorations] CAPPING events from decorations provider vscode.git 4966
[2022-05-08 15:06:51.847] [exthost] [warning] [Decorations] CAPPING events from decorations provider vscode.git 4967
[2022-05-08 15:07:02.113] [exthost] [warning] [Decorations] CAPPING events from decorations provider vscode.git 4967
[2022-05-08 15:07:12.856] [exthost] [warning] [Decorations] CAPPING events from decorations provider vscode.git 4968
[2022-05-08 15:07:23.290] [exthost] [warning] [Decorations] CAPPING events from decorations provider vscode.git 4968
[2022-05-08 15:07:33.542] [exthost] [warning] [Decorations] CAPPING events from decorations provider vscode.git 4968
[2022-05-08 15:07:44.645] [exthost] [warning] [Decorations] CAPPING events from decorations provider vscode.git 4969
[2022-05-08 15:07:55.320] [exthost] [warning] [Decorations] CAPPING events from decorations provider vscode.git 4969
[2022-05-08 15:08:05.736] [exthost] [warning] [Decorations] CAPPING events from decorations provider vscode.git 4969
[2022-05-08 15:08:16.664] [exthost] [warning] [Decorations] CAPPING events from decorations provider vscode.git 4970
[2022-05-08 15:08:27.009] [exthost] [warning] [Decorations] CAPPING events from decorations provider vscode.git 4970
[2022-05-08 15:08:38.740] [exthost] [warning] [Decorations] CAPPING events from decorations provider vscode.git 4970
[2022-05-08 15:08:49.532] [exthost] [warning] [Decorations] CAPPING events from decorations provider vscode.git 4971
[2022-05-08 15:08:59.895] [exthost] [warning] [Decorations] CAPPING events from decorations provider vscode.git 4972
[2022-05-08 15:09:10.399] [exthost] [warning] [Decorations] CAPPING events from decorations provider vscode.git 4972
[2022-05-08 15:09:20.758] [exthost] [warning] [Decorations] CAPPING events from decorations provider vscode.git 4972
[2022-05-08 15:09:31.029] [exthost] [warning] [Decorations] CAPPING events from decorations provider vscode.git 4972
[2022-05-08 15:09:41.350] [exthost] [warning] [Decorations] CAPPING events from decorations provider vscode.git 4972
[2022-05-08 15:09:52.592] [exthost] [warning] [Decorations] CAPPING events from decorations provider vscode.git 4973
[2022-05-08 15:10:02.762] [exthost] [warning] [Decorations] CAPPING events from decorations provider vscode.git 4973
[2022-05-08 15:10:13.900] [exthost] [warning] [Decorations] CAPPING events from decorations provider vscode.git 4974
[2022-05-08 15:10:24.111] [exthost] [warning] [Decorations] CAPPING events from decorations provider vscode.git 4974
[2022-05-08 15:10:34.741] [exthost] [warning] [Decorations] CAPPING events from decorations provider vscode.git 4974
[2022-05-08 15:11:26.383] [exthost] [warning] [Decorations] CAPPING events from decorations provider vscode.git 4974
[2022-05-08 15:11:39.176] [exthost] [warning] [Decorations] CAPPING events from decorations provider vscode.git 4975
[2022-05-08 15:11:50.288] [exthost] [warning] [Decorations] CAPPING events from decorations provider vscode.git 4974
[2022-05-08 15:12:01.062] [exthost] [warning] [Decorations] CAPPING events from decorations provider vscode.git 4976
[2022-05-08 15:12:31.910] [exthost] [warning] [Decorations] CAPPING events from decorations provider vscode.git 4976
[2022-05-08 15:12:43.992] [exthost] [warning] [Decorations] CAPPING events from decorations provider vscode.git 4976
[2022-05-08 15:12:54.255] [exthost] [warning] [Decorations] CAPPING events from decorations provider vscode.git 4977
[2022-05-08 15:13:05.389] [exthost] [warning] [Decorations] CAPPING events from decorations provider vscode.git 4977
[2022-05-08 15:13:15.751] [exthost] [warning] [Decorations] CAPPING events from decorations provider vscode.git 4978
[2022-05-08 15:13:26.836] [exthost] [warning] [Decorations] CAPPING events from decorations provider vscode.git 4978
[2022-05-08 15:13:37.352] [exthost] [warning] [Decorations] CAPPING events from decorations provider vscode.git 4978
[2022-05-08 15:13:47.882] [exthost] [warning] [Decorations] CAPPING events from decorations provider vscode.git 4978
[2022-05-08 15:13:57.852] [exthost] [warning] [Decorations] CAPPING events from decorations provider vscode.git 4979
[2022-05-08 15:14:08.092] [exthost] [warning] [Decorations] CAPPING events from decorations provider vscode.git 4979
[2022-05-08 15:14:19.224] [exthost] [warning] [Decorations] CAPPING events from decorations provider vscode.git 4979
[2022-05-08 15:14:29.095] [exthost] [warning] [Decorations] CAPPING events from decorations provider vscode.git 4979
[2022-05-08 15:14:40.740] [exthost] [warning] [Decorations] CAPPING events from decorations provider vscode.git 4979
[2022-05-08 15:14:50.989] [exthost] [warning] [Decorations] CAPPING events from decorations provider vscode.git 4979
[2022-05-08 15:15:01.019] [exthost] [warning] [Decorations] CAPPING events from decorations provider vscode.git 4980
[2022-05-08 15:15:11.752] [exthost] [warning] [Decorations] CAPPING events from decorations provider vscode.git 4980
[2022-05-08 15:15:21.517] [exthost] [warning] [Decorations] CAPPING events from decorations provider vscode.git 4980
[2022-05-08 15:15:32.304] [exthost] [warning] [Decorations] CAPPING events from decorations provider vscode.git 4980
[2022-05-08 15:15:42.207] [exthost] [warning] [Decorations] CAPPING events from decorations provider vscode.git 4980
[2022-05-08 15:15:52.192] [exthost] [warning] [Decorations] CAPPING events from decorations provider vscode.git 4980
[2022-05-08 15:16:03.348] [exthost] [warning] [Decorations] CAPPING events from decorations provider vscode.git 4981
[2022-05-08 15:16:13.191] [exthost] [warning] [Decorations] CAPPING events from decorations provider vscode.git 4981
[2022-05-08 15:16:22.930] [exthost] [warning] [Decorations] CAPPING events from decorations provider vscode.git 4981
[2022-05-08 15:16:34.128] [exthost] [warning] [Decorations] CAPPING events from decorations provider vscode.git 4982
[2022-05-08 15:16:44.395] [exthost] [warning] [Decorations] CAPPING events from decorations provider vscode.git 4982
[2022-05-08 15:16:54.893] [exthost] [warning] [Decorations] CAPPING events from decorations provider vscode.git 4982
[2022-05-08 15:17:04.967] [exthost] [warning] [Decorations] CAPPING events from decorations provider vscode.git 4983
[2022-05-08 15:17:14.681] [exthost] [warning] [Decorations] CAPPING events from decorations provider vscode.git 4983
[2022-05-08 15:17:25.077] [exthost] [warning] [Decorations] CAPPING events from decorations provider vscode.git 4984
[2022-05-08 15:17:35.112] [exthost] [warning] [Decorations] CAPPING events from decorations provider vscode.git 4984
[2022-05-08 15:17:46.292] [exthost] [warning] [Decorations] CAPPING events from decorations provider vscode.git 4984
[2022-05-08 15:17:57.412] [exthost] [warning] [Decorations] CAPPING events from decorations provider vscode.git 4984
[2022-05-08 15:18:10.997] [exthost] [warning] [Decorations] CAPPING events from decorations provider vscode.git 4984
[2022-05-08 15:18:24.180] [exthost] [warning] [Decorations] CAPPING events from decorations provider vscode.git 4983
[2022-05-08 15:18:34.659] [exthost] [warning] [Decorations] CAPPING events from decorations provider vscode.git 4983
[2022-05-08 15:18:44.691] [exthost] [warning] [Decorations] CAPPING events from decorations provider vscode.git 4984
[2022-05-08 15:18:54.562] [exthost] [warning] [Decorations] CAPPING events from decorations provider vscode.git 4984
[2022-05-08 15:21:13.976] [exthost] [warning] [Decorations] CAPPING events from decorations provider vscode.git 4984
[2022-05-08 15:21:30.527] [exthost] [warning] [Decorations] CAPPING events from decorations provider vscode.git 4985
[2022-05-08 15:21:40.725] [exthost] [warning] [Decorations] CAPPING events from decorations provider vscode.git 4985
[2022-05-08 15:21:51.448] [exthost] [warning] [Decorations] CAPPING events from decorations provider vscode.git 4985
[2022-05-08 15:22:02.104] [exthost] [warning] [Decorations] CAPPING events from decorations provider vscode.git 4986
[2022-05-08 15:22:11.858] [exthost] [warning] [Decorations] CAPPING events from decorations provider vscode.git 4986
[2022-05-08 15:22:21.629] [exthost] [warning] [Decorations] CAPPING events from decorations provider vscode.git 4986
[2022-05-08 15:22:33.951] [exthost] [warning] [Decorations] CAPPING events from decorations provider vscode.git 4986
[2022-05-08 15:22:48.186] [exthost] [warning] [Decorations] CAPPING events from decorations provider vscode.git 4988
[2022-05-08 15:23:00.067] [exthost] [warning] [Decorations] CAPPING events from decorations provider vscode.git 4985
[2022-05-08 15:23:10.415] [exthost] [warning] [Decorations] CAPPING events from decorations provider vscode.git 4985
[2022-05-08 15:23:21.479] [exthost] [warning] [Decorations] CAPPING events from decorations provider vscode.git 4985
[2022-05-08 15:23:32.079] [exthost] [warning] [Decorations] CAPPING events from decorations provider vscode.git 4985
[2022-05-08 15:23:42.783] [exthost] [warning] [Decorations] CAPPING events from decorations provider vscode.git 4985
[2022-05-08 15:23:53.980] [exthost] [warning] [Decorations] CAPPING events from decorations provider vscode.git 4985
[2022-05-08 15:24:04.420] [exthost] [warning] [Decorations] CAPPING events from decorations provider vscode.git 4985
[2022-05-08 15:24:14.924] [exthost] [warning] [Decorations] CAPPING events from decorations provider vscode.git 4985
[2022-05-08 15:24:26.368] [exthost] [warning] [Decorations] CAPPING events from decorations provider vscode.git 4985
[2022-05-08 15:24:36.533] [exthost] [warning] [Decorations] CAPPING events from decorations provider vscode.git 4985
[2022-05-08 15:24:47.472] [exthost] [warning] [Decorations] CAPPING events from decorations provider vscode.git 4987
[2022-05-08 15:24:57.919] [exthost] [warning] [Decorations] CAPPING events from decorations provider vscode.git 4987
[2022-05-08 15:25:14.112] [exthost] [warning] [Decorations] CAPPING events from decorations provider vscode.git 4987
[2022-05-08 15:25:24.810] [exthost] [warning] [Decorations] CAPPING events from decorations provider vscode.git 4988
[2022-05-08 15:25:34.988] [exthost] [warning] [Decorations] CAPPING events from decorations provider vscode.git 4988
[2022-05-08 15:25:44.970] [exthost] [warning] [Decorations] CAPPING events from decorations provider vscode.git 4988
[2022-05-08 15:25:55.106] [exthost] [warning] [Decorations] CAPPING events from decorations provider vscode.git 4988
[2022-05-08 15:26:06.364] [exthost] [warning] [Decorations] CAPPING events from decorations provider vscode.git 4989
[2022-05-08 15:26:16.875] [exthost] [warning] [Decorations] CAPPING events from decorations provider vscode.git 4989
[2022-05-08 15:26:27.392] [exthost] [warning] [Decorations] CAPPING events from decorations provider vscode.git 4989
[2022-05-08 15:26:38.521] [exthost] [warning] [Decorations] CAPPING events from decorations provider vscode.git 4990
[2022-05-08 15:26:49.887] [exthost] [warning] [Decorations] CAPPING events from decorations provider vscode.git 4990
[2022-05-08 15:26:59.991] [exthost] [warning] [Decorations] CAPPING events from decorations provider vscode.git 4991
[2022-05-08 15:27:10.591] [exthost] [warning] [Decorations] CAPPING events from decorations provider vscode.git 4991
[2022-05-08 15:27:22.498] [exthost] [warning] [Decorations] CAPPING events from decorations provider vscode.git 4991
[2022-05-08 15:27:28.178] [exthost] [info] ExtensionService#_doActivateExtension vscode.configuration-editing, startup: false, activationEvent: 'onLanguage:json'
[2022-05-08 15:27:28.637] [exthost] [info] ExtensionService#_doActivateExtension vscode.extension-editing, startup: false, activationEvent: 'onLanguage:json'
[2022-05-08 15:27:28.948] [exthost] [info] ExtensionService#_doActivateExtension vscode.json-language-features, startup: false, activationEvent: 'onLanguage:json'
[2022-05-08 15:27:29.805] [exthost] [info] ExtensionService#_doActivateExtension vscode.npm, startup: false, activationEvent: 'onLanguage:json'
[2022-05-08 15:27:33.348] [exthost] [warning] [Decorations] CAPPING events from decorations provider vscode.git 4993
[2022-05-08 15:27:44.387] [exthost] [warning] [Decorations] CAPPING events from decorations provider vscode.git 4993
[2022-05-08 15:27:55.753] [exthost] [warning] [Decorations] CAPPING events from decorations provider vscode.git 4994
[2022-05-08 15:28:06.066] [exthost] [warning] [Decorations] CAPPING events from decorations provider vscode.git 4994
[2022-05-08 15:28:16.777] [exthost] [warning] [Decorations] CAPPING events from decorations provider vscode.git 4994
[2022-05-08 15:28:27.074] [exthost] [warning] [Decorations] CAPPING events from decorations provider vscode.git 4995
[2022-05-08 15:28:37.281] [exthost] [warning] [Decorations] CAPPING events from decorations provider vscode.git 4995
[2022-05-08 15:28:47.206] [exthost] [warning] [Decorations] CAPPING events from decorations provider vscode.git 4996
[2022-05-08 15:28:57.577] [exthost] [warning] [Decorations] CAPPING events from decorations provider vscode.git 4996
[2022-05-08 15:29:09.189] [exthost] [warning] [Decorations] CAPPING events from decorations provider vscode.git 4997
[2022-05-08 15:29:19.385] [exthost] [warning] [Decorations] CAPPING events from decorations provider vscode.git 4998
[2022-05-08 15:29:31.472] [exthost] [warning] [Decorations] CAPPING events from decorations provider vscode.git 4998
[2022-05-08 15:29:41.887] [exthost] [warning] [Decorations] CAPPING events from decorations provider vscode.git 4998
[2022-05-08 15:29:52.326] [exthost] [warning] [Decorations] CAPPING events from decorations provider vscode.git 4998
[2022-05-08 15:30:02.463] [exthost] [warning] [Decorations] CAPPING events from decorations provider vscode.git 4998
[2022-05-08 15:30:12.713] [exthost] [warning] [Decorations] CAPPING events from decorations provider vscode.git 4998
[2022-05-08 15:30:23.072] [exthost] [warning] [Decorations] CAPPING events from decorations provider vscode.git 4998
[2022-05-08 15:30:33.197] [exthost] [warning] [Decorations] CAPPING events from decorations provider vscode.git 4998
[2022-05-08 15:30:43.289] [exthost] [warning] [Decorations] CAPPING events from decorations provider vscode.git 4999
[2022-05-08 15:30:54.352] [exthost] [warning] [Decorations] CAPPING events from decorations provider vscode.git 4999
[2022-05-08 15:31:04.652] [exthost] [warning] [Decorations] CAPPING events from decorations provider vscode.git 5000
[2022-05-08 15:31:14.468] [exthost] [warning] [Decorations] CAPPING events from decorations provider vscode.git 5000
[2022-05-08 15:31:25.176] [exthost] [warning] [Decorations] CAPPING events from decorations provider vscode.git 5000
[2022-05-08 15:31:35.913] [exthost] [warning] [Decorations] CAPPING events from decorations provider vscode.git 5000
[2022-05-08 15:31:45.924] [exthost] [warning] [Decorations] CAPPING events from decorations provider vscode.git 5012
[2022-05-08 15:31:55.855] [exthost] [warning] [Decorations] CAPPING events from decorations provider vscode.git 4911
[2022-05-08 15:32:08.059] [exthost] [warning] [Decorations] CAPPING events from decorations provider vscode.git 4912
[2022-05-08 15:32:18.148] [exthost] [warning] [Decorations] CAPPING events from decorations provider vscode.git 4912
[2022-05-08 15:32:28.708] [exthost] [warning] [Decorations] CAPPING events from decorations provider vscode.git 4912
[2022-05-08 15:32:39.602] [exthost] [warning] [Decorations] CAPPING events from decorations provider vscode.git 4912
[2022-05-08 15:32:49.729] [exthost] [warning] [Decorations] CAPPING events from decorations provider vscode.git 4913
[2022-05-08 15:33:00.104] [exthost] [warning] [Decorations] CAPPING events from decorations provider vscode.git 4913
[2022-05-08 15:33:10.335] [exthost] [warning] [Decorations] CAPPING events from decorations provider vscode.git 4913
[2022-05-08 15:33:20.278] [exthost] [warning] [Decorations] CAPPING events from decorations provider vscode.git 4913
[2022-05-08 15:33:30.349] [exthost] [warning] [Decorations] CAPPING events from decorations provider vscode.git 4915
[2022-05-08 15:33:40.346] [exthost] [warning] [Decorations] CAPPING events from decorations provider vscode.git 4915
[2022-05-08 15:33:50.387] [exthost] [warning] [Decorations] CAPPING events from decorations provider vscode.git 4915
[2022-05-08 15:34:00.439] [exthost] [warning] [Decorations] CAPPING events from decorations provider vscode.git 4915
[2022-05-08 15:34:10.634] [exthost] [warning] [Decorations] CAPPING events from decorations provider vscode.git 4915
[2022-05-08 15:34:20.822] [exthost] [warning] [Decorations] CAPPING events from decorations provider vscode.git 4916
[2022-05-08 15:34:31.257] [exthost] [warning] [Decorations] CAPPING events from decorations provider vscode.git 4916
[2022-05-08 15:34:41.436] [exthost] [warning] [Decorations] CAPPING events from decorations provider vscode.git 4916
[2022-05-08 15:34:51.466] [exthost] [warning] [Decorations] CAPPING events from decorations provider vscode.git 4916
[2022-05-08 15:35:01.720] [exthost] [warning] [Decorations] CAPPING events from decorations provider vscode.git 4916
[2022-05-08 15:35:11.926] [exthost] [warning] [Decorations] CAPPING events from decorations provider vscode.git 4916
[2022-05-08 15:35:21.905] [exthost] [warning] [Decorations] CAPPING events from decorations provider vscode.git 4916
[2022-05-08 15:35:32.583] [exthost] [warning] [Decorations] CAPPING events from decorations provider vscode.git 4916
[2022-05-08 15:35:42.939] [exthost] [warning] [Decorations] CAPPING events from decorations provider vscode.git 4916
[2022-05-08 15:35:53.334] [exthost] [warning] [Decorations] CAPPING events from decorations provider vscode.git 4916
[2022-05-08 15:36:04.057] [exthost] [warning] [Decorations] CAPPING events from decorations provider vscode.git 4917
[2022-05-08 15:36:14.196] [exthost] [warning] [Decorations] CAPPING events from decorations provider vscode.git 4917
[2022-05-08 15:36:24.612] [exthost] [warning] [Decorations] CAPPING events from decorations provider vscode.git 4917
[2022-05-08 15:36:35.285] [exthost] [warning] [Decorations] CAPPING events from decorations provider vscode.git 4917
[2022-05-08 15:36:45.532] [exthost] [warning] [Decorations] CAPPING events from decorations provider vscode.git 4917
[2022-05-08 15:36:55.438] [exthost] [warning] [Decorations] CAPPING events from decorations provider vscode.git 4917
[2022-05-08 15:37:05.404] [exthost] [warning] [Decorations] CAPPING events from decorations provider vscode.git 4917
[2022-05-08 15:37:15.641] [exthost] [warning] [Decorations] CAPPING events from decorations provider vscode.git 4917
[2022-05-08 15:37:25.741] [exthost] [warning] [Decorations] CAPPING events from decorations provider vscode.git 4917
[2022-05-08 15:37:35.823] [exthost] [warning] [Decorations] CAPPING events from decorations provider vscode.git 4917
[2022-05-08 15:37:46.249] [exthost] [warning] [Decorations] CAPPING events from decorations provider vscode.git 4917
[2022-05-08 15:37:57.169] [exthost] [warning] [Decorations] CAPPING events from decorations provider vscode.git 4917
[2022-05-08 15:38:07.283] [exthost] [warning] [Decorations] CAPPING events from decorations provider vscode.git 4918
[2022-05-08 15:38:17.450] [exthost] [warning] [Decorations] CAPPING events from decorations provider vscode.git 4918
[2022-05-08 15:38:27.594] [exthost] [warning] [Decorations] CAPPING events from decorations provider vscode.git 4919
[2022-05-08 15:38:37.453] [exthost] [warning] [Decorations] CAPPING events from decorations provider vscode.git 4919
[2022-05-08 15:38:47.215] [exthost] [warning] [Decorations] CAPPING events from decorations provider vscode.git 4919
[2022-05-08 15:39:38.784] [exthost] [warning] [Decorations] CAPPING events from decorations provider vscode.git 4919
[2022-05-08 15:39:50.379] [exthost] [warning] [Decorations] CAPPING events from decorations provider vscode.git 4920
[2022-05-08 15:40:01.204] [exthost] [warning] [Decorations] CAPPING events from decorations provider vscode.git 4920
[2022-05-08 15:40:13.147] [exthost] [warning] [Decorations] CAPPING events from decorations provider vscode.git 4921
[2022-05-08 15:40:26.665] [exthost] [warning] [Decorations] CAPPING events from decorations provider vscode.git 4921
[2022-05-08 15:40:37.502] [exthost] [warning] [Decorations] CAPPING events from decorations provider vscode.git 4922
[2022-05-08 15:40:47.746] [exthost] [warning] [Decorations] CAPPING events from decorations provider vscode.git 4921
[2022-05-08 15:40:59.099] [exthost] [warning] [Decorations] CAPPING events from decorations provider vscode.git 4922
[2022-05-08 15:41:09.538] [exthost] [warning] [Decorations] CAPPING events from decorations provider vscode.git 4923
[2022-05-08 15:41:19.820] [exthost] [warning] [Decorations] CAPPING events from decorations provider vscode.git 4923
[2022-05-08 15:41:29.735] [exthost] [warning] [Decorations] CAPPING events from decorations provider vscode.git 4923
[2022-05-08 15:41:39.797] [exthost] [warning] [Decorations] CAPPING events from decorations provider vscode.git 4923
[2022-05-08 15:41:50.531] [exthost] [warning] [Decorations] CAPPING events from decorations provider vscode.git 4924
[2022-05-08 15:42:00.937] [exthost] [warning] [Decorations] CAPPING events from decorations provider vscode.git 4924
[2022-05-08 15:42:11.118] [exthost] [warning] [Decorations] CAPPING events from decorations provider vscode.git 4924
[2022-05-08 15:42:21.429] [exthost] [warning] [Decorations] CAPPING events from decorations provider vscode.git 4924
[2022-05-08 15:42:31.503] [exthost] [warning] [Decorations] CAPPING events from decorations provider vscode.git 4924
[2022-05-08 15:42:41.472] [exthost] [warning] [Decorations] CAPPING events from decorations provider vscode.git 4924
[2022-05-08 15:42:51.777] [exthost] [warning] [Decorations] CAPPING events from decorations provider vscode.git 4924
[2022-05-08 15:43:01.936] [exthost] [warning] [Decorations] CAPPING events from decorations provider vscode.git 4924
[2022-05-08 15:43:12.941] [exthost] [warning] [Decorations] CAPPING events from decorations provider vscode.git 4925
[2022-05-08 15:43:23.429] [exthost] [warning] [Decorations] CAPPING events from decorations provider vscode.git 4925
[2022-05-08 15:43:34.155] [exthost] [warning] [Decorations] CAPPING events from decorations provider vscode.git 4925
[2022-05-08 15:43:44.605] [exthost] [warning] [Decorations] CAPPING events from decorations provider vscode.git 4926
[2022-05-08 15:45:45.462] [exthost] [warning] [Decorations] CAPPING events from decorations provider vscode.git 4926
[2022-05-08 15:45:56.987] [exthost] [warning] [Decorations] CAPPING events from decorations provider vscode.git 4927
[2022-05-08 15:46:13.681] [exthost] [warning] [Decorations] CAPPING events from decorations provider vscode.git 4927
[2022-05-08 15:46:24.357] [exthost] [warning] [Decorations] CAPPING events from decorations provider vscode.git 4927
[2022-05-08 15:46:34.742] [exthost] [warning] [Decorations] CAPPING events from decorations provider vscode.git 4927
[2022-05-08 15:46:46.236] [exthost] [warning] [Decorations] CAPPING events from decorations provider vscode.git 4927
[2022-05-08 15:46:58.625] [exthost] [warning] [Decorations] CAPPING events from decorations provider vscode.git 4926
[2022-05-08 15:47:09.124] [exthost] [warning] [Decorations] CAPPING events from decorations provider vscode.git 4926
[2022-05-08 15:47:21.057] [exthost] [warning] [Decorations] CAPPING events from decorations provider vscode.git 4926
[2022-05-08 15:47:31.862] [exthost] [warning] [Decorations] CAPPING events from decorations provider vscode.git 4926
[2022-05-08 15:47:42.427] [exthost] [warning] [Decorations] CAPPING events from decorations provider vscode.git 4927
[2022-05-08 15:47:52.287] [exthost] [warning] [Decorations] CAPPING events from decorations provider vscode.git 4927
[2022-05-08 15:48:02.951] [exthost] [warning] [Decorations] CAPPING events from decorations provider vscode.git 4927
[2022-05-08 15:48:12.821] [exthost] [warning] [Decorations] CAPPING events from decorations provider vscode.git 4927
[2022-05-08 15:48:22.537] [exthost] [warning] [Decorations] CAPPING events from decorations provider vscode.git 4927
[2022-05-08 15:48:32.250] [exthost] [warning] [Decorations] CAPPING events from decorations provider vscode.git 4927
[2022-05-08 15:48:42.143] [exthost] [warning] [Decorations] CAPPING events from decorations provider vscode.git 4927
[2022-05-08 15:48:52.466] [exthost] [warning] [Decorations] CAPPING events from decorations provider vscode.git 4928
[2022-05-08 15:49:02.742] [exthost] [warning] [Decorations] CAPPING events from decorations provider vscode.git 4928
[2022-05-08 15:49:12.658] [exthost] [warning] [Decorations] CAPPING events from decorations provider vscode.git 4928
[2022-05-08 15:49:24.197] [exthost] [warning] [Decorations] CAPPING events from decorations provider vscode.git 4928
[2022-05-08 15:49:34.532] [exthost] [warning] [Decorations] CAPPING events from decorations provider vscode.git 4928
[2022-05-08 15:57:48.431] [exthost] [warning] [Decorations] CAPPING events from decorations provider vscode.git 4928
[2022-05-08 15:57:59.441] [exthost] [warning] [Decorations] CAPPING events from decorations provider vscode.git 4929
[2022-05-08 15:58:12.259] [exthost] [warning] [Decorations] CAPPING events from decorations provider vscode.git 4929
[2022-05-08 15:58:25.100] [exthost] [warning] [Decorations] CAPPING events from decorations provider vscode.git 4929
[2022-05-08 15:58:37.740] [exthost] [warning] [Decorations] CAPPING events from decorations provider vscode.git 4929
[2022-05-08 15:58:50.043] [exthost] [warning] [Decorations] CAPPING events from decorations provider vscode.git 4930
[2022-05-08 15:59:00.467] [exthost] [warning] [Decorations] CAPPING events from decorations provider vscode.git 4930
[2022-05-08 15:59:12.132] [exthost] [warning] [Decorations] CAPPING events from decorations provider vscode.git 4931
[2022-05-08 15:59:21.843] [exthost] [warning] [Decorations] CAPPING events from decorations provider vscode.git 4931
[2022-05-08 15:59:32.922] [exthost] [warning] [Decorations] CAPPING events from decorations provider vscode.git 4932
[2022-05-08 15:59:43.142] [exthost] [warning] [Decorations] CAPPING events from decorations provider vscode.git 4932
[2022-05-08 15:59:53.093] [exthost] [warning] [Decorations] CAPPING events from decorations provider vscode.git 4933
[2022-05-08 16:00:03.708] [exthost] [warning] [Decorations] CAPPING events from decorations provider vscode.git 4933
[2022-05-08 16:00:13.632] [exthost] [warning] [Decorations] CAPPING events from decorations provider vscode.git 4933
[2022-05-08 16:00:23.322] [exthost] [warning] [Decorations] CAPPING events from decorations provider vscode.git 4933
[2022-05-08 16:00:33.361] [exthost] [warning] [Decorations] CAPPING events from decorations provider vscode.git 4933
[2022-05-08 16:00:42.972] [exthost] [warning] [Decorations] CAPPING events from decorations provider vscode.git 4933
[2022-05-08 16:00:52.610] [exthost] [warning] [Decorations] CAPPING events from decorations provider vscode.git 4933
[2022-05-08 16:01:03.248] [exthost] [warning] [Decorations] CAPPING events from decorations provider vscode.git 4933
[2022-05-08 16:01:13.095] [exthost] [warning] [Decorations] CAPPING events from decorations provider vscode.git 4933
[2022-05-08 16:01:22.764] [exthost] [warning] [Decorations] CAPPING events from decorations provider vscode.git 4933
[2022-05-08 16:01:32.871] [exthost] [warning] [Decorations] CAPPING events from decorations provider vscode.git 4933
[2022-05-08 16:01:42.519] [exthost] [warning] [Decorations] CAPPING events from decorations provider vscode.git 4933
[2022-05-08 16:01:53.034] [exthost] [warning] [Decorations] CAPPING events from decorations provider vscode.git 4933
[2022-05-08 16:02:04.713] [exthost] [warning] [Decorations] CAPPING events from decorations provider vscode.git 4933
[2022-05-08 16:02:15.127] [exthost] [warning] [Decorations] CAPPING events from decorations provider vscode.git 4933
[2022-05-08 16:02:25.756] [exthost] [warning] [Decorations] CAPPING events from decorations provider vscode.git 4933
