[2022-05-10T20:15:28.299Z] Validating found git in: git
[2022-05-10T20:15:59.413Z] Using git 2.25.1 from git
[2022-05-10T20:15:59.739Z] > git rev-parse --show-toplevel [258ms]
[2022-05-10T20:15:59.822Z] > git rev-parse --git-dir --git-common-dir [45ms]
[2022-05-10T20:15:59.882Z] Open repository: /home/jtorne2
[2022-05-10T20:16:02.685Z] > git check-ignore -v -z --stdin [713ms]
[2022-05-10T20:16:02.804Z] > git status -z -uall [2880ms]
[2022-05-10T20:16:03.109Z] > git symbolic-ref --short HEAD [277ms]
[2022-05-10T20:16:03.540Z] > git show --textconv :FileManagement.c [259ms]
[2022-05-10T20:16:03.541Z] > git ls-files --stage -- /home/jtorne2/FileManagement.c [217ms]
[2022-05-10T20:16:03.581Z] > git for-each-ref --format=%(refname)%00%(upstream:short)%00%(objectname)%00%(upstream:track)%00%(upstream:remotename)%00%(upstream:remoteref) refs/heads/Joel refs/remotes/Joel [449ms]
[2022-05-10T20:16:03.724Z] > git check-ignore -v -z --stdin [362ms]
[2022-05-10T20:16:03.727Z] > git cat-file -s 244bf7f490562bf8c18e0b59822d7352d5978328 [146ms]
[2022-05-10T20:16:03.757Z] > git for-each-ref --sort -committerdate --format %(refname) %(objectname) %(*objectname) [142ms]
[2022-05-10T20:16:03.759Z] > git remote --verbose [99ms]
[2022-05-10T20:16:12.245Z] > git config --get commit.template [189ms]
[2022-05-10T20:16:14.176Z] > git status -z -uall [638ms]
[2022-05-10T20:16:14.240Z] > git symbolic-ref --short HEAD [31ms]
[2022-05-10T20:16:14.320Z] > git for-each-ref --format=%(refname)%00%(upstream:short)%00%(objectname)%00%(upstream:track)%00%(upstream:remotename)%00%(upstream:remoteref) refs/heads/Joel refs/remotes/Joel [51ms]
[2022-05-10T20:16:14.779Z] > git remote --verbose [140ms]
[2022-05-10T20:16:14.781Z] > git for-each-ref --sort -committerdate --format %(refname) %(objectname) %(*objectname) [432ms]
[2022-05-10T20:16:28.395Z] > git config --get commit.template [217ms]
[2022-05-10T20:16:33.905Z] > git status -z -uall [478ms]
[2022-05-10T20:16:33.943Z] > git symbolic-ref --short HEAD [8ms]
[2022-05-10T20:16:34.006Z] > git for-each-ref --format=%(refname)%00%(upstream:short)%00%(objectname)%00%(upstream:track)%00%(upstream:remotename)%00%(upstream:remoteref) refs/heads/Joel refs/remotes/Joel [31ms]
[2022-05-10T20:16:34.131Z] > git remote --verbose [5ms]
[2022-05-10T20:16:34.142Z] > git for-each-ref --sort -committerdate --format %(refname) %(objectname) %(*objectname) [117ms]
[2022-05-10T20:16:45.992Z] > git config --get commit.template [59ms]
[2022-05-10T20:16:51.460Z] > git status -z -uall [437ms]
[2022-05-10T20:16:51.523Z] > git symbolic-ref --short HEAD [17ms]
[2022-05-10T20:16:51.575Z] > git for-each-ref --format=%(refname)%00%(upstream:short)%00%(objectname)%00%(upstream:track)%00%(upstream:remotename)%00%(upstream:remoteref) refs/heads/Joel refs/remotes/Joel [7ms]
[2022-05-10T20:16:51.675Z] > git remote --verbose [17ms]
[2022-05-10T20:16:51.688Z] > git for-each-ref --sort -committerdate --format %(refname) %(objectname) %(*objectname) [76ms]
[2022-05-10T20:17:05.460Z] > git config --get commit.template [49ms]
[2022-05-10T20:17:10.947Z] > git status -z -uall [455ms]
[2022-05-10T20:17:10.977Z] > git symbolic-ref --short HEAD [12ms]
[2022-05-10T20:17:11.031Z] > git for-each-ref --format=%(refname)%00%(upstream:short)%00%(objectname)%00%(upstream:track)%00%(upstream:remotename)%00%(upstream:remoteref) refs/heads/Joel refs/remotes/Joel [16ms]
[2022-05-10T20:17:11.110Z] > git remote --verbose [20ms]
[2022-05-10T20:17:11.111Z] > git for-each-ref --sort -committerdate --format %(refname) %(objectname) %(*objectname) [55ms]
[2022-05-10T20:17:27.007Z] > git config --get commit.template [113ms]
[2022-05-10T20:17:32.437Z] > git status -z -uall [414ms]
[2022-05-10T20:17:32.470Z] > git symbolic-ref --short HEAD [3ms]
[2022-05-10T20:17:32.512Z] > git for-each-ref --format=%(refname)%00%(upstream:short)%00%(objectname)%00%(upstream:track)%00%(upstream:remotename)%00%(upstream:remoteref) refs/heads/Joel refs/remotes/Joel [14ms]
[2022-05-10T20:17:32.571Z] > git for-each-ref --sort -committerdate --format %(refname) %(objectname) %(*objectname) [35ms]
[2022-05-10T20:17:32.572Z] > git remote --verbose [4ms]
[2022-05-10T20:17:42.656Z] > git config --get commit.template [46ms]
[2022-05-10T20:17:47.847Z] > git status -z -uall [172ms]
[2022-05-10T20:17:47.864Z] > git symbolic-ref --short HEAD [4ms]
[2022-05-10T20:17:47.883Z] > git for-each-ref --format=%(refname)%00%(upstream:short)%00%(objectname)%00%(upstream:track)%00%(upstream:remotename)%00%(upstream:remoteref) refs/heads/Joel refs/remotes/Joel [5ms]
[2022-05-10T20:17:47.944Z] > git remote --verbose [3ms]
[2022-05-10T20:17:47.958Z] > git for-each-ref --sort -committerdate --format %(refname) %(objectname) %(*objectname) [58ms]
[2022-05-10T20:17:54.570Z] > git config --get commit.template [73ms]
[2022-05-10T20:18:00.007Z] > git status -z -uall [412ms]
[2022-05-10T20:18:00.039Z] > git symbolic-ref --short HEAD [8ms]
[2022-05-10T20:18:00.075Z] > git for-each-ref --format=%(refname)%00%(upstream:short)%00%(objectname)%00%(upstream:track)%00%(upstream:remotename)%00%(upstream:remoteref) refs/heads/Joel refs/remotes/Joel [7ms]
[2022-05-10T20:18:00.151Z] > git for-each-ref --sort -committerdate --format %(refname) %(objectname) %(*objectname) [37ms]
[2022-05-10T20:18:00.153Z] > git remote --verbose [16ms]
[2022-05-10T20:18:05.240Z] > git config --get commit.template [45ms]
[2022-05-10T20:18:10.425Z] > git status -z -uall [153ms]
[2022-05-10T20:18:10.443Z] > git symbolic-ref --short HEAD [1ms]
[2022-05-10T20:18:10.461Z] > git for-each-ref --format=%(refname)%00%(upstream:short)%00%(objectname)%00%(upstream:track)%00%(upstream:remotename)%00%(upstream:remoteref) refs/heads/Joel refs/remotes/Joel [5ms]
[2022-05-10T20:18:10.490Z] > git remote --verbose [3ms]
[2022-05-10T20:18:10.491Z] > git for-each-ref --sort -committerdate --format %(refname) %(objectname) %(*objectname) [18ms]
[2022-05-10T20:18:13.708Z] > git config --get commit.template [3091ms]
[2022-05-10T20:18:18.904Z] > git status -z -uall [168ms]
[2022-05-10T20:18:18.926Z] > git symbolic-ref --short HEAD [8ms]
[2022-05-10T20:18:18.942Z] > git for-each-ref --format=%(refname)%00%(upstream:short)%00%(objectname)%00%(upstream:track)%00%(upstream:remotename)%00%(upstream:remoteref) refs/heads/Joel refs/remotes/Joel [2ms]
[2022-05-10T20:18:18.970Z] > git for-each-ref --sort -committerdate --format %(refname) %(objectname) %(*objectname) [14ms]
[2022-05-10T20:18:18.971Z] > git remote --verbose [3ms]
[2022-05-10T20:18:22.427Z] > git config --get commit.template [3310ms]
[2022-05-10T20:18:27.607Z] > git status -z -uall [163ms]
[2022-05-10T20:18:27.627Z] > git symbolic-ref --short HEAD [5ms]
[2022-05-10T20:18:27.648Z] > git for-each-ref --format=%(refname)%00%(upstream:short)%00%(objectname)%00%(upstream:track)%00%(upstream:remotename)%00%(upstream:remoteref) refs/heads/Joel refs/remotes/Joel [5ms]
[2022-05-10T20:18:27.684Z] > git remote --verbose [6ms]
[2022-05-10T20:18:27.686Z] > git for-each-ref --sort -committerdate --format %(refname) %(objectname) %(*objectname) [23ms]
[2022-05-10T20:18:31.159Z] > git config --get commit.template [48ms]
[2022-05-10T20:18:36.359Z] > git status -z -uall [158ms]
[2022-05-10T20:18:36.375Z] > git symbolic-ref --short HEAD [4ms]
[2022-05-10T20:18:36.391Z] > git for-each-ref --format=%(refname)%00%(upstream:short)%00%(objectname)%00%(upstream:track)%00%(upstream:remotename)%00%(upstream:remoteref) refs/heads/Joel refs/remotes/Joel [3ms]
[2022-05-10T20:18:36.422Z] > git for-each-ref --sort -committerdate --format %(refname) %(objectname) %(*objectname) [17ms]
[2022-05-10T20:18:36.423Z] > git remote --verbose [3ms]
[2022-05-10T20:18:36.541Z] > git config --get commit.template [2ms]
[2022-05-10T20:18:41.727Z] > git status -z -uall [150ms]
[2022-05-10T20:18:41.744Z] > git symbolic-ref --short HEAD [4ms]
[2022-05-10T20:18:41.761Z] > git for-each-ref --format=%(refname)%00%(upstream:short)%00%(objectname)%00%(upstream:track)%00%(upstream:remotename)%00%(upstream:remoteref) refs/heads/Joel refs/remotes/Joel [2ms]
[2022-05-10T20:18:41.790Z] > git for-each-ref --sort -committerdate --format %(refname) %(objectname) %(*objectname) [15ms]
[2022-05-10T20:18:41.791Z] > git remote --verbose [2ms]
[2022-05-10T20:18:44.823Z] > git config --get commit.template [2910ms]
[2022-05-10T20:18:50.000Z] > git status -z -uall [142ms]
[2022-05-10T20:18:50.017Z] > git symbolic-ref --short HEAD [2ms]
[2022-05-10T20:18:50.034Z] > git for-each-ref --format=%(refname)%00%(upstream:short)%00%(objectname)%00%(upstream:track)%00%(upstream:remotename)%00%(upstream:remoteref) refs/heads/Joel refs/remotes/Joel [3ms]
[2022-05-10T20:18:50.063Z] > git for-each-ref --sort -committerdate --format %(refname) %(objectname) %(*objectname) [16ms]
[2022-05-10T20:18:50.064Z] > git remote --verbose [3ms]
[2022-05-10T20:18:50.185Z] > git config --get commit.template [4ms]
[2022-05-10T20:18:55.363Z] > git status -z -uall [140ms]
[2022-05-10T20:18:55.378Z] > git symbolic-ref --short HEAD [2ms]
[2022-05-10T20:18:55.398Z] > git for-each-ref --format=%(refname)%00%(upstream:short)%00%(objectname)%00%(upstream:track)%00%(upstream:remotename)%00%(upstream:remoteref) refs/heads/Joel refs/remotes/Joel [5ms]
[2022-05-10T20:18:55.433Z] > git for-each-ref --sort -committerdate --format %(refname) %(objectname) %(*objectname) [19ms]
[2022-05-10T20:18:55.434Z] > git remote --verbose [4ms]
[2022-05-10T20:18:58.511Z] > git config --get commit.template [2936ms]
[2022-05-10T20:19:03.689Z] > git status -z -uall [146ms]
[2022-05-10T20:19:03.706Z] > git symbolic-ref --short HEAD [3ms]
[2022-05-10T20:19:03.726Z] > git for-each-ref --format=%(refname)%00%(upstream:short)%00%(objectname)%00%(upstream:track)%00%(upstream:remotename)%00%(upstream:remoteref) refs/heads/Joel refs/remotes/Joel [6ms]
[2022-05-10T20:19:03.767Z] > git for-each-ref --sort -committerdate --format %(refname) %(objectname) %(*objectname) [16ms]
[2022-05-10T20:19:03.770Z] > git remote --verbose [5ms]
[2022-05-10T20:19:03.885Z] > git config --get commit.template [2ms]
[2022-05-10T20:19:09.064Z] > git status -z -uall [145ms]
[2022-05-10T20:19:09.081Z] > git symbolic-ref --short HEAD [3ms]
[2022-05-10T20:19:09.098Z] > git for-each-ref --format=%(refname)%00%(upstream:short)%00%(objectname)%00%(upstream:track)%00%(upstream:remotename)%00%(upstream:remoteref) refs/heads/Joel refs/remotes/Joel [2ms]
[2022-05-10T20:19:09.128Z] > git for-each-ref --sort -committerdate --format %(refname) %(objectname) %(*objectname) [16ms]
[2022-05-10T20:19:09.129Z] > git remote --verbose [3ms]
[2022-05-10T20:19:09.257Z] > git config --get commit.template [16ms]
[2022-05-10T20:19:14.423Z] > git status -z -uall [133ms]
[2022-05-10T20:19:14.443Z] > git symbolic-ref --short HEAD [5ms]
[2022-05-10T20:19:14.460Z] > git for-each-ref --format=%(refname)%00%(upstream:short)%00%(objectname)%00%(upstream:track)%00%(upstream:remotename)%00%(upstream:remoteref) refs/heads/Joel refs/remotes/Joel [2ms]
[2022-05-10T20:19:14.492Z] > git for-each-ref --sort -committerdate --format %(refname) %(objectname) %(*objectname) [17ms]
[2022-05-10T20:19:14.493Z] > git remote --verbose [3ms]
[2022-05-10T20:19:14.616Z] > git config --get commit.template [8ms]
[2022-05-10T20:19:19.901Z] > git status -z -uall [147ms]
[2022-05-10T20:19:19.920Z] > git symbolic-ref --short HEAD [5ms]
[2022-05-10T20:19:19.938Z] > git for-each-ref --format=%(refname)%00%(upstream:short)%00%(objectname)%00%(upstream:track)%00%(upstream:remotename)%00%(upstream:remoteref) refs/heads/Joel refs/remotes/Joel [3ms]
[2022-05-10T20:19:19.967Z] > git for-each-ref --sort -committerdate --format %(refname) %(objectname) %(*objectname) [16ms]
[2022-05-10T20:19:19.968Z] > git remote --verbose [3ms]
[2022-05-10T20:19:23.040Z] > git config --get commit.template [2936ms]
[2022-05-10T20:19:28.210Z] > git status -z -uall [135ms]
[2022-05-10T20:19:28.226Z] > git symbolic-ref --short HEAD [2ms]
[2022-05-10T20:19:28.243Z] > git for-each-ref --format=%(refname)%00%(upstream:short)%00%(objectname)%00%(upstream:track)%00%(upstream:remotename)%00%(upstream:remoteref) refs/heads/Joel refs/remotes/Joel [2ms]
[2022-05-10T20:19:28.273Z] > git for-each-ref --sort -committerdate --format %(refname) %(objectname) %(*objectname) [15ms]
[2022-05-10T20:19:28.274Z] > git remote --verbose [3ms]
[2022-05-10T20:19:28.389Z] > git config --get commit.template [5ms]
[2022-05-10T20:19:33.548Z] > git status -z -uall [128ms]
[2022-05-10T20:19:33.565Z] > git symbolic-ref --short HEAD [3ms]
[2022-05-10T20:19:33.582Z] > git for-each-ref --format=%(refname)%00%(upstream:short)%00%(objectname)%00%(upstream:track)%00%(upstream:remotename)%00%(upstream:remoteref) refs/heads/Joel refs/remotes/Joel [2ms]
[2022-05-10T20:19:33.613Z] > git remote --verbose [3ms]
[2022-05-10T20:19:33.613Z] > git for-each-ref --sort -committerdate --format %(refname) %(objectname) %(*objectname) [17ms]
[2022-05-10T20:19:36.661Z] > git config --get commit.template [2929ms]
[2022-05-10T20:19:41.852Z] > git status -z -uall [146ms]
[2022-05-10T20:19:41.868Z] > git symbolic-ref --short HEAD [2ms]
[2022-05-10T20:19:41.885Z] > git for-each-ref --format=%(refname)%00%(upstream:short)%00%(objectname)%00%(upstream:track)%00%(upstream:remotename)%00%(upstream:remoteref) refs/heads/Joel refs/remotes/Joel [2ms]
[2022-05-10T20:19:41.922Z] > git remote --verbose [3ms]
[2022-05-10T20:19:41.922Z] > git for-each-ref --sort -committerdate --format %(refname) %(objectname) %(*objectname) [20ms]
[2022-05-10T20:19:45.065Z] > git config --get commit.template [3001ms]
[2022-05-10T20:19:50.232Z] > git status -z -uall [134ms]
[2022-05-10T20:19:50.248Z] > git symbolic-ref --short HEAD [2ms]
[2022-05-10T20:19:50.266Z] > git for-each-ref --format=%(refname)%00%(upstream:short)%00%(objectname)%00%(upstream:track)%00%(upstream:remotename)%00%(upstream:remoteref) refs/heads/Joel refs/remotes/Joel [3ms]
[2022-05-10T20:19:50.295Z] > git for-each-ref --sort -committerdate --format %(refname) %(objectname) %(*objectname) [16ms]
[2022-05-10T20:19:50.296Z] > git remote --verbose [3ms]
[2022-05-10T20:19:50.426Z] > git config --get commit.template [9ms]
[2022-05-10T20:19:55.604Z] > git status -z -uall [144ms]
[2022-05-10T20:19:55.620Z] > git symbolic-ref --short HEAD [2ms]
[2022-05-10T20:19:55.638Z] > git for-each-ref --format=%(refname)%00%(upstream:short)%00%(objectname)%00%(upstream:track)%00%(upstream:remotename)%00%(upstream:remoteref) refs/heads/Joel refs/remotes/Joel [2ms]
[2022-05-10T20:19:55.667Z] > git for-each-ref --sort -committerdate --format %(refname) %(objectname) %(*objectname) [15ms]
[2022-05-10T20:19:55.668Z] > git remote --verbose [3ms]
[2022-05-10T20:19:55.791Z] > git config --get commit.template [13ms]
[2022-05-10T20:20:00.971Z] > git status -z -uall [147ms]
[2022-05-10T20:20:00.988Z] > git symbolic-ref --short HEAD [2ms]
[2022-05-10T20:20:01.006Z] > git for-each-ref --format=%(refname)%00%(upstream:short)%00%(objectname)%00%(upstream:track)%00%(upstream:remotename)%00%(upstream:remoteref) refs/heads/Joel refs/remotes/Joel [3ms]
[2022-05-10T20:20:01.036Z] > git for-each-ref --sort -committerdate --format %(refname) %(objectname) %(*objectname) [16ms]
[2022-05-10T20:20:01.037Z] > git remote --verbose [3ms]
[2022-05-10T20:20:01.155Z] > git config --get commit.template [1ms]
[2022-05-10T20:20:08.342Z] > git status -z -uall [142ms]
[2022-05-10T20:20:08.360Z] > git symbolic-ref --short HEAD [2ms]
[2022-05-10T20:20:08.378Z] > git for-each-ref --format=%(refname)%00%(upstream:short)%00%(objectname)%00%(upstream:track)%00%(upstream:remotename)%00%(upstream:remoteref) refs/heads/Joel refs/remotes/Joel [3ms]
[2022-05-10T20:20:08.409Z] > git for-each-ref --sort -committerdate --format %(refname) %(objectname) %(*objectname) [16ms]
[2022-05-10T20:20:08.410Z] > git remote --verbose [3ms]
[2022-05-10T20:20:08.532Z] > git config --get commit.template [2ms]
[2022-05-10T20:20:14.829Z] > git status -z -uall [288ms]
[2022-05-10T20:20:14.846Z] > git symbolic-ref --short HEAD [4ms]
[2022-05-10T20:20:14.872Z] > git for-each-ref --format=%(refname)%00%(upstream:short)%00%(objectname)%00%(upstream:track)%00%(upstream:remotename)%00%(upstream:remoteref) refs/heads/Joel refs/remotes/Joel [3ms]
[2022-05-10T20:20:14.903Z] > git remote --verbose [2ms]
[2022-05-10T20:20:14.904Z] > git for-each-ref --sort -committerdate --format %(refname) %(objectname) %(*objectname) [17ms]
[2022-05-10T20:20:17.952Z] > git config --get commit.template [2929ms]
[2022-05-10T20:20:23.229Z] > git status -z -uall [168ms]
[2022-05-10T20:20:23.245Z] > git symbolic-ref --short HEAD [2ms]
[2022-05-10T20:20:23.262Z] > git for-each-ref --format=%(refname)%00%(upstream:short)%00%(objectname)%00%(upstream:track)%00%(upstream:remotename)%00%(upstream:remoteref) refs/heads/Joel refs/remotes/Joel [2ms]
[2022-05-10T20:20:23.292Z] > git for-each-ref --sort -committerdate --format %(refname) %(objectname) %(*objectname) [16ms]
[2022-05-10T20:20:23.293Z] > git remote --verbose [3ms]
[2022-05-10T20:20:26.395Z] > git config --get commit.template [2980ms]
[2022-05-10T20:20:31.588Z] > git status -z -uall [154ms]
[2022-05-10T20:20:31.621Z] > git symbolic-ref --short HEAD [4ms]
[2022-05-10T20:20:31.648Z] > git for-each-ref --format=%(refname)%00%(upstream:short)%00%(objectname)%00%(upstream:track)%00%(upstream:remotename)%00%(upstream:remoteref) refs/heads/Joel refs/remotes/Joel [8ms]
[2022-05-10T20:20:31.681Z] > git for-each-ref --sort -committerdate --format %(refname) %(objectname) %(*objectname) [16ms]
[2022-05-10T20:20:31.683Z] > git remote --verbose [4ms]
[2022-05-10T20:20:34.728Z] > git config --get commit.template [2898ms]
[2022-05-10T20:20:39.889Z] > git status -z -uall [128ms]
[2022-05-10T20:20:39.910Z] > git symbolic-ref --short HEAD [2ms]
[2022-05-10T20:20:39.928Z] > git for-each-ref --format=%(refname)%00%(upstream:short)%00%(objectname)%00%(upstream:track)%00%(upstream:remotename)%00%(upstream:remoteref) refs/heads/Joel refs/remotes/Joel [3ms]
[2022-05-10T20:20:39.960Z] > git for-each-ref --sort -committerdate --format %(refname) %(objectname) %(*objectname) [17ms]
[2022-05-10T20:20:39.960Z] > git remote --verbose [2ms]
[2022-05-10T20:20:42.961Z] > git config --get commit.template [2874ms]
[2022-05-10T20:20:48.121Z] > git status -z -uall [130ms]
[2022-05-10T20:20:48.138Z] > git symbolic-ref --short HEAD [1ms]
[2022-05-10T20:20:48.155Z] > git for-each-ref --format=%(refname)%00%(upstream:short)%00%(objectname)%00%(upstream:track)%00%(upstream:remotename)%00%(upstream:remoteref) refs/heads/Joel refs/remotes/Joel [2ms]
[2022-05-10T20:20:48.183Z] > git remote --verbose [2ms]
[2022-05-10T20:20:48.184Z] > git for-each-ref --sort -committerdate --format %(refname) %(objectname) %(*objectname) [16ms]
[2022-05-10T20:20:51.282Z] > git config --get commit.template [2967ms]
[2022-05-10T20:20:56.460Z] > git status -z -uall [146ms]
[2022-05-10T20:20:56.477Z] > git symbolic-ref --short HEAD [3ms]
[2022-05-10T20:20:56.493Z] > git for-each-ref --format=%(refname)%00%(upstream:short)%00%(objectname)%00%(upstream:track)%00%(upstream:remotename)%00%(upstream:remoteref) refs/heads/Joel refs/remotes/Joel [2ms]
[2022-05-10T20:20:56.524Z] > git for-each-ref --sort -committerdate --format %(refname) %(objectname) %(*objectname) [16ms]
[2022-05-10T20:20:56.525Z] > git remote --verbose [4ms]
[2022-05-10T20:20:56.643Z] > git config --get commit.template [8ms]
[2022-05-10T20:21:01.789Z] > git status -z -uall [124ms]
[2022-05-10T20:21:01.808Z] > git symbolic-ref --short HEAD [4ms]
[2022-05-10T20:21:01.825Z] > git for-each-ref --format=%(refname)%00%(upstream:short)%00%(objectname)%00%(upstream:track)%00%(upstream:remotename)%00%(upstream:remoteref) refs/heads/Joel refs/remotes/Joel [2ms]
[2022-05-10T20:21:01.856Z] > git for-each-ref --sort -committerdate --format %(refname) %(objectname) %(*objectname) [16ms]
[2022-05-10T20:21:01.857Z] > git remote --verbose [3ms]
[2022-05-10T20:21:04.858Z] > git config --get commit.template [2885ms]
[2022-05-10T20:21:10.054Z] > git status -z -uall [174ms]
[2022-05-10T20:21:10.079Z] > git symbolic-ref --short HEAD [9ms]
[2022-05-10T20:21:10.098Z] > git for-each-ref --format=%(refname)%00%(upstream:short)%00%(objectname)%00%(upstream:track)%00%(upstream:remotename)%00%(upstream:remoteref) refs/heads/Joel refs/remotes/Joel [4ms]
[2022-05-10T20:21:10.139Z] > git for-each-ref --sort -committerdate --format %(refname) %(objectname) %(*objectname) [17ms]
[2022-05-10T20:21:10.143Z] > git remote --verbose [6ms]
[2022-05-10T20:21:13.465Z] > git config --get commit.template [3175ms]
[2022-05-10T20:21:18.638Z] > git status -z -uall [141ms]
[2022-05-10T20:21:18.657Z] > git symbolic-ref --short HEAD [5ms]
[2022-05-10T20:21:18.674Z] > git for-each-ref --format=%(refname)%00%(upstream:short)%00%(objectname)%00%(upstream:track)%00%(upstream:remotename)%00%(upstream:remoteref) refs/heads/Joel refs/remotes/Joel [2ms]
[2022-05-10T20:21:18.705Z] > git for-each-ref --sort -committerdate --format %(refname) %(objectname) %(*objectname) [16ms]
[2022-05-10T20:21:18.706Z] > git remote --verbose [3ms]
[2022-05-10T20:21:21.767Z] > git config --get commit.template [2911ms]
[2022-05-10T20:21:26.938Z] > git status -z -uall [138ms]
[2022-05-10T20:21:26.957Z] > git symbolic-ref --short HEAD [4ms]
[2022-05-10T20:21:26.975Z] > git for-each-ref --format=%(refname)%00%(upstream:short)%00%(objectname)%00%(upstream:track)%00%(upstream:remotename)%00%(upstream:remoteref) refs/heads/Joel refs/remotes/Joel [3ms]
[2022-05-10T20:21:27.005Z] > git for-each-ref --sort -committerdate --format %(refname) %(objectname) %(*objectname) [15ms]
[2022-05-10T20:21:27.006Z] > git remote --verbose [3ms]
[2022-05-10T20:21:27.141Z] > git config --get commit.template [13ms]
[2022-05-10T20:21:32.293Z] > git status -z -uall [125ms]
[2022-05-10T20:21:32.311Z] > git symbolic-ref --short HEAD [3ms]
[2022-05-10T20:21:32.328Z] > git for-each-ref --format=%(refname)%00%(upstream:short)%00%(objectname)%00%(upstream:track)%00%(upstream:remotename)%00%(upstream:remoteref) refs/heads/Joel refs/remotes/Joel [2ms]
[2022-05-10T20:21:32.359Z] > git for-each-ref --sort -committerdate --format %(refname) %(objectname) %(*objectname) [17ms]
[2022-05-10T20:21:32.360Z] > git remote --verbose [3ms]
[2022-05-10T20:21:35.638Z] > git config --get commit.template [3157ms]
[2022-05-10T20:21:40.818Z] > git status -z -uall [162ms]
[2022-05-10T20:21:40.836Z] > git symbolic-ref --short HEAD [2ms]
[2022-05-10T20:21:40.857Z] > git for-each-ref --format=%(refname)%00%(upstream:short)%00%(objectname)%00%(upstream:track)%00%(upstream:remotename)%00%(upstream:remoteref) refs/heads/Joel refs/remotes/Joel [2ms]
[2022-05-10T20:21:40.898Z] > git for-each-ref --sort -committerdate --format %(refname) %(objectname) %(*objectname) [20ms]
[2022-05-10T20:21:40.902Z] > git remote --verbose [5ms]
[2022-05-10T20:21:44.316Z] > git config --get commit.template [3280ms]
[2022-05-10T20:21:49.513Z] > git status -z -uall [179ms]
[2022-05-10T20:21:49.536Z] > git symbolic-ref --short HEAD [8ms]
[2022-05-10T20:21:49.564Z] > git for-each-ref --format=%(refname)%00%(upstream:short)%00%(objectname)%00%(upstream:track)%00%(upstream:remotename)%00%(upstream:remoteref) refs/heads/Joel refs/remotes/Joel [2ms]
[2022-05-10T20:21:49.612Z] > git remote --verbose [5ms]
[2022-05-10T20:21:49.613Z] > git for-each-ref --sort -committerdate --format %(refname) %(objectname) %(*objectname) [25ms]
[2022-05-10T20:21:53.436Z] > git config --get commit.template [42ms]
[2022-05-10T20:21:58.611Z] > git status -z -uall [150ms]
[2022-05-10T20:21:58.633Z] > git symbolic-ref --short HEAD [5ms]
[2022-05-10T20:21:58.654Z] > git for-each-ref --format=%(refname)%00%(upstream:short)%00%(objectname)%00%(upstream:track)%00%(upstream:remotename)%00%(upstream:remoteref) refs/heads/Joel refs/remotes/Joel [2ms]
[2022-05-10T20:21:58.688Z] > git for-each-ref --sort -committerdate --format %(refname) %(objectname) %(*objectname) [18ms]
[2022-05-10T20:21:58.689Z] > git remote --verbose [3ms]
[2022-05-10T20:22:04.548Z] > git config --get commit.template [5722ms]
[2022-05-10T20:22:09.742Z] > git status -z -uall [175ms]
[2022-05-10T20:22:09.761Z] > git symbolic-ref --short HEAD [2ms]
[2022-05-10T20:22:09.782Z] > git for-each-ref --format=%(refname)%00%(upstream:short)%00%(objectname)%00%(upstream:track)%00%(upstream:remotename)%00%(upstream:remoteref) refs/heads/Joel refs/remotes/Joel [3ms]
[2022-05-10T20:22:09.817Z] > git for-each-ref --sort -committerdate --format %(refname) %(objectname) %(*objectname) [18ms]
[2022-05-10T20:22:09.821Z] > git remote --verbose [6ms]
[2022-05-10T20:22:12.947Z] > git config --get commit.template [20ms]
[2022-05-10T20:22:18.139Z] > git status -z -uall [158ms]
[2022-05-10T20:22:18.156Z] > git symbolic-ref --short HEAD [2ms]
[2022-05-10T20:22:18.173Z] > git for-each-ref --format=%(refname)%00%(upstream:short)%00%(objectname)%00%(upstream:track)%00%(upstream:remotename)%00%(upstream:remoteref) refs/heads/Joel refs/remotes/Joel [2ms]
[2022-05-10T20:22:18.206Z] > git for-each-ref --sort -committerdate --format %(refname) %(objectname) %(*objectname) [16ms]
[2022-05-10T20:22:18.206Z] > git remote --verbose [2ms]
[2022-05-10T20:22:21.257Z] > git config --get commit.template [2906ms]
[2022-05-10T20:22:26.435Z] > git status -z -uall [145ms]
[2022-05-10T20:22:26.451Z] > git symbolic-ref --short HEAD [2ms]
[2022-05-10T20:22:26.469Z] > git for-each-ref --format=%(refname)%00%(upstream:short)%00%(objectname)%00%(upstream:track)%00%(upstream:remotename)%00%(upstream:remoteref) refs/heads/Joel refs/remotes/Joel [4ms]
[2022-05-10T20:22:26.499Z] > git for-each-ref --sort -committerdate --format %(refname) %(objectname) %(*objectname) [16ms]
[2022-05-10T20:22:26.500Z] > git remote --verbose [3ms]
[2022-05-10T20:22:26.627Z] > git config --get commit.template [3ms]
[2022-05-10T20:22:31.797Z] > git status -z -uall [138ms]
[2022-05-10T20:22:31.813Z] > git symbolic-ref --short HEAD [2ms]
[2022-05-10T20:22:31.830Z] > git for-each-ref --format=%(refname)%00%(upstream:short)%00%(objectname)%00%(upstream:track)%00%(upstream:remotename)%00%(upstream:remoteref) refs/heads/Joel refs/remotes/Joel [2ms]
[2022-05-10T20:22:31.863Z] > git remote --verbose [4ms]
[2022-05-10T20:22:31.864Z] > git for-each-ref --sort -committerdate --format %(refname) %(objectname) %(*objectname) [19ms]
[2022-05-10T20:22:34.882Z] > git config --get commit.template [2897ms]
[2022-05-10T20:22:40.053Z] > git status -z -uall [138ms]
[2022-05-10T20:22:40.070Z] > git symbolic-ref --short HEAD [2ms]
[2022-05-10T20:22:40.088Z] > git for-each-ref --format=%(refname)%00%(upstream:short)%00%(objectname)%00%(upstream:track)%00%(upstream:remotename)%00%(upstream:remoteref) refs/heads/Joel refs/remotes/Joel [2ms]
[2022-05-10T20:22:40.119Z] > git for-each-ref --sort -committerdate --format %(refname) %(objectname) %(*objectname) [17ms]
[2022-05-10T20:22:40.120Z] > git remote --verbose [3ms]
[2022-05-10T20:22:40.248Z] > git config --get commit.template [8ms]
[2022-05-10T20:22:45.427Z] > git status -z -uall [146ms]
[2022-05-10T20:22:45.454Z] > git symbolic-ref --short HEAD [4ms]
[2022-05-10T20:22:45.472Z] > git for-each-ref --format=%(refname)%00%(upstream:short)%00%(objectname)%00%(upstream:track)%00%(upstream:remotename)%00%(upstream:remoteref) refs/heads/Joel refs/remotes/Joel [2ms]
[2022-05-10T20:22:45.503Z] > git for-each-ref --sort -committerdate --format %(refname) %(objectname) %(*objectname) [16ms]
[2022-05-10T20:22:45.504Z] > git remote --verbose [3ms]
[2022-05-10T20:22:45.637Z] > git config --get commit.template [10ms]
[2022-05-10T20:22:51.870Z] > git status -z -uall [248ms]
[2022-05-10T20:22:51.888Z] > git symbolic-ref --short HEAD [3ms]
[2022-05-10T20:22:51.905Z] > git for-each-ref --format=%(refname)%00%(upstream:short)%00%(objectname)%00%(upstream:track)%00%(upstream:remotename)%00%(upstream:remoteref) refs/heads/Joel refs/remotes/Joel [2ms]
[2022-05-10T20:22:51.938Z] > git remote --verbose [2ms]
[2022-05-10T20:22:51.939Z] > git for-each-ref --sort -committerdate --format %(refname) %(objectname) %(*objectname) [16ms]
[2022-05-10T20:22:52.085Z] > git config --get commit.template [9ms]
[2022-05-10T20:23:00.199Z] > git status -z -uall [128ms]
[2022-05-10T20:23:00.219Z] > git symbolic-ref --short HEAD [5ms]
[2022-05-10T20:23:00.238Z] > git for-each-ref --format=%(refname)%00%(upstream:short)%00%(objectname)%00%(upstream:track)%00%(upstream:remotename)%00%(upstream:remoteref) refs/heads/Joel refs/remotes/Joel [2ms]
[2022-05-10T20:23:00.271Z] > git for-each-ref --sort -committerdate --format %(refname) %(objectname) %(*objectname) [16ms]
[2022-05-10T20:23:00.272Z] > git remote --verbose [3ms]
[2022-05-10T20:23:00.412Z] > git config --get commit.template [22ms]
[2022-05-10T20:23:05.574Z] > git status -z -uall [127ms]
[2022-05-10T20:23:05.592Z] > git symbolic-ref --short HEAD [3ms]
[2022-05-10T20:23:05.610Z] > git for-each-ref --format=%(refname)%00%(upstream:short)%00%(objectname)%00%(upstream:track)%00%(upstream:remotename)%00%(upstream:remoteref) refs/heads/Joel refs/remotes/Joel [2ms]
[2022-05-10T20:23:05.640Z] > git for-each-ref --sort -committerdate --format %(refname) %(objectname) %(*objectname) [17ms]
[2022-05-10T20:23:05.641Z] > git remote --verbose [3ms]
[2022-05-10T20:23:08.641Z] > git config --get commit.template [2890ms]
[2022-05-10T20:23:13.825Z] > git status -z -uall [150ms]
[2022-05-10T20:23:13.842Z] > git symbolic-ref --short HEAD [2ms]
[2022-05-10T20:23:13.860Z] > git for-each-ref --format=%(refname)%00%(upstream:short)%00%(objectname)%00%(upstream:track)%00%(upstream:remotename)%00%(upstream:remoteref) refs/heads/Joel refs/remotes/Joel [2ms]
[2022-05-10T20:23:13.893Z] > git for-each-ref --sort -committerdate --format %(refname) %(objectname) %(*objectname) [17ms]
[2022-05-10T20:23:13.893Z] > git remote --verbose [2ms]
[2022-05-10T20:23:14.027Z] > git config --get commit.template [15ms]
[2022-05-10T20:23:19.170Z] > git status -z -uall [127ms]
[2022-05-10T20:23:19.188Z] > git symbolic-ref --short HEAD [3ms]
[2022-05-10T20:23:19.205Z] > git for-each-ref --format=%(refname)%00%(upstream:short)%00%(objectname)%00%(upstream:track)%00%(upstream:remotename)%00%(upstream:remoteref) refs/heads/Joel refs/remotes/Joel [3ms]
[2022-05-10T20:23:19.234Z] > git remote --verbose [2ms]
[2022-05-10T20:23:19.235Z] > git for-each-ref --sort -committerdate --format %(refname) %(objectname) %(*objectname) [17ms]
[2022-05-10T20:23:22.299Z] > git config --get commit.template [2924ms]
[2022-05-10T20:23:27.462Z] > git status -z -uall [133ms]
[2022-05-10T20:23:27.479Z] > git symbolic-ref --short HEAD [3ms]
[2022-05-10T20:23:27.496Z] > git for-each-ref --format=%(refname)%00%(upstream:short)%00%(objectname)%00%(upstream:track)%00%(upstream:remotename)%00%(upstream:remoteref) refs/heads/Joel refs/remotes/Joel [2ms]
[2022-05-10T20:23:27.525Z] > git for-each-ref --sort -committerdate --format %(refname) %(objectname) %(*objectname) [15ms]
[2022-05-10T20:23:27.526Z] > git remote --verbose [3ms]
[2022-05-10T20:23:27.646Z] > git config --get commit.template [7ms]
[2022-05-10T20:23:32.817Z] > git status -z -uall [132ms]
[2022-05-10T20:23:32.834Z] > git symbolic-ref --short HEAD [3ms]
[2022-05-10T20:23:32.851Z] > git for-each-ref --format=%(refname)%00%(upstream:short)%00%(objectname)%00%(upstream:track)%00%(upstream:remotename)%00%(upstream:remoteref) refs/heads/Joel refs/remotes/Joel [3ms]
[2022-05-10T20:23:32.881Z] > git for-each-ref --sort -committerdate --format %(refname) %(objectname) %(*objectname) [16ms]
[2022-05-10T20:23:32.882Z] > git remote --verbose [3ms]
[2022-05-10T20:23:33.006Z] > git config --get commit.template [7ms]
[2022-05-10T20:23:38.146Z] > git status -z -uall [122ms]
[2022-05-10T20:23:38.163Z] > git symbolic-ref --short HEAD [3ms]
[2022-05-10T20:23:38.178Z] > git for-each-ref --format=%(refname)%00%(upstream:short)%00%(objectname)%00%(upstream:track)%00%(upstream:remotename)%00%(upstream:remoteref) refs/heads/Joel refs/remotes/Joel [2ms]
[2022-05-10T20:23:38.205Z] > git remote --verbose [2ms]
[2022-05-10T20:23:38.206Z] > git for-each-ref --sort -committerdate --format %(refname) %(objectname) %(*objectname) [15ms]
[2022-05-10T20:23:41.271Z] > git config --get commit.template [2936ms]
[2022-05-10T20:23:46.439Z] > git status -z -uall [136ms]
[2022-05-10T20:23:46.456Z] > git symbolic-ref --short HEAD [4ms]
[2022-05-10T20:23:46.473Z] > git for-each-ref --format=%(refname)%00%(upstream:short)%00%(objectname)%00%(upstream:track)%00%(upstream:remotename)%00%(upstream:remoteref) refs/heads/Joel refs/remotes/Joel [3ms]
[2022-05-10T20:23:46.503Z] > git for-each-ref --sort -committerdate --format %(refname) %(objectname) %(*objectname) [16ms]
[2022-05-10T20:23:46.504Z] > git remote --verbose [3ms]
[2022-05-10T20:23:46.634Z] > git config --get commit.template [20ms]
[2022-05-10T20:23:51.815Z] > git status -z -uall [152ms]
[2022-05-10T20:23:51.832Z] > git symbolic-ref --short HEAD [2ms]
[2022-05-10T20:23:51.849Z] > git for-each-ref --format=%(refname)%00%(upstream:short)%00%(objectname)%00%(upstream:track)%00%(upstream:remotename)%00%(upstream:remoteref) refs/heads/Joel refs/remotes/Joel [2ms]
[2022-05-10T20:23:51.878Z] > git for-each-ref --sort -committerdate --format %(refname) %(objectname) %(*objectname) [15ms]
[2022-05-10T20:23:51.879Z] > git remote --verbose [3ms]
[2022-05-10T20:23:54.874Z] > git config --get commit.template [2881ms]
[2022-05-10T20:24:00.045Z] > git status -z -uall [143ms]
[2022-05-10T20:24:00.062Z] > git symbolic-ref --short HEAD [3ms]
[2022-05-10T20:24:00.079Z] > git for-each-ref --format=%(refname)%00%(upstream:short)%00%(objectname)%00%(upstream:track)%00%(upstream:remotename)%00%(upstream:remoteref) refs/heads/Joel refs/remotes/Joel [3ms]
[2022-05-10T20:24:00.111Z] > git for-each-ref --sort -committerdate --format %(refname) %(objectname) %(*objectname) [17ms]
[2022-05-10T20:24:00.112Z] > git remote --verbose [3ms]
[2022-05-10T20:24:03.111Z] > git config --get commit.template [2878ms]
[2022-05-10T20:24:08.284Z] > git status -z -uall [141ms]
[2022-05-10T20:24:08.302Z] > git symbolic-ref --short HEAD [5ms]
[2022-05-10T20:24:08.319Z] > git for-each-ref --format=%(refname)%00%(upstream:short)%00%(objectname)%00%(upstream:track)%00%(upstream:remotename)%00%(upstream:remoteref) refs/heads/Joel refs/remotes/Joel [2ms]
[2022-05-10T20:24:08.348Z] > git for-each-ref --sort -committerdate --format %(refname) %(objectname) %(*objectname) [14ms]
[2022-05-10T20:24:08.349Z] > git remote --verbose [3ms]
[2022-05-10T20:24:11.380Z] > git config --get commit.template [2892ms]
[2022-05-10T20:24:16.554Z] > git status -z -uall [142ms]
[2022-05-10T20:24:16.571Z] > git symbolic-ref --short HEAD [3ms]
[2022-05-10T20:24:16.588Z] > git for-each-ref --format=%(refname)%00%(upstream:short)%00%(objectname)%00%(upstream:track)%00%(upstream:remotename)%00%(upstream:remoteref) refs/heads/Joel refs/remotes/Joel [2ms]
[2022-05-10T20:24:16.618Z] > git for-each-ref --sort -committerdate --format %(refname) %(objectname) %(*objectname) [15ms]
[2022-05-10T20:24:16.619Z] > git remote --verbose [3ms]
[2022-05-10T20:24:16.745Z] > git config --get commit.template [8ms]
[2022-05-10T20:24:21.936Z] > git status -z -uall [154ms]
[2022-05-10T20:24:21.955Z] > git symbolic-ref --short HEAD [5ms]
[2022-05-10T20:24:21.976Z] > git for-each-ref --format=%(refname)%00%(upstream:short)%00%(objectname)%00%(upstream:track)%00%(upstream:remotename)%00%(upstream:remoteref) refs/heads/Joel refs/remotes/Joel [3ms]
[2022-05-10T20:24:22.006Z] > git for-each-ref --sort -committerdate --format %(refname) %(objectname) %(*objectname) [16ms]
[2022-05-10T20:24:22.007Z] > git remote --verbose [3ms]
[2022-05-10T20:24:22.129Z] > git config --get commit.template [2ms]
[2022-05-10T20:24:27.398Z] > git status -z -uall [163ms]
[2022-05-10T20:24:27.415Z] > git symbolic-ref --short HEAD [3ms]
[2022-05-10T20:24:27.432Z] > git for-each-ref --format=%(refname)%00%(upstream:short)%00%(objectname)%00%(upstream:track)%00%(upstream:remotename)%00%(upstream:remoteref) refs/heads/Joel refs/remotes/Joel [2ms]
[2022-05-10T20:24:27.463Z] > git for-each-ref --sort -committerdate --format %(refname) %(objectname) %(*objectname) [16ms]
[2022-05-10T20:24:27.464Z] > git remote --verbose [3ms]
[2022-05-10T20:24:27.592Z] > git config --get commit.template [7ms]
[2022-05-10T20:24:32.775Z] > git status -z -uall [151ms]
[2022-05-10T20:24:32.791Z] > git symbolic-ref --short HEAD [2ms]
[2022-05-10T20:24:32.808Z] > git for-each-ref --format=%(refname)%00%(upstream:short)%00%(objectname)%00%(upstream:track)%00%(upstream:remotename)%00%(upstream:remoteref) refs/heads/Joel refs/remotes/Joel [3ms]
[2022-05-10T20:24:32.836Z] > git for-each-ref --sort -committerdate --format %(refname) %(objectname) %(*objectname) [15ms]
[2022-05-10T20:24:32.837Z] > git remote --verbose [2ms]
[2022-05-10T20:24:35.997Z] > git config --get commit.template [3024ms]
[2022-05-10T20:24:41.169Z] > git status -z -uall [141ms]
[2022-05-10T20:24:41.187Z] > git symbolic-ref --short HEAD [3ms]
[2022-05-10T20:24:41.203Z] > git for-each-ref --format=%(refname)%00%(upstream:short)%00%(objectname)%00%(upstream:track)%00%(upstream:remotename)%00%(upstream:remoteref) refs/heads/Joel refs/remotes/Joel [2ms]
[2022-05-10T20:24:41.233Z] > git for-each-ref --sort -committerdate --format %(refname) %(objectname) %(*objectname) [16ms]
[2022-05-10T20:24:41.233Z] > git remote --verbose [2ms]
[2022-05-10T20:24:41.352Z] > git config --get commit.template [8ms]
[2022-05-10T20:24:46.526Z] > git status -z -uall [137ms]
[2022-05-10T20:24:46.544Z] > git symbolic-ref --short HEAD [3ms]
[2022-05-10T20:24:46.561Z] > git for-each-ref --format=%(refname)%00%(upstream:short)%00%(objectname)%00%(upstream:track)%00%(upstream:remotename)%00%(upstream:remoteref) refs/heads/Joel refs/remotes/Joel [3ms]
[2022-05-10T20:24:46.591Z] > git remote --verbose [2ms]
[2022-05-10T20:24:46.591Z] > git for-each-ref --sort -committerdate --format %(refname) %(objectname) %(*objectname) [16ms]
[2022-05-10T20:24:49.610Z] > git config --get commit.template [2893ms]
[2022-05-10T20:24:54.837Z] > git status -z -uall [209ms]
[2022-05-10T20:24:54.856Z] > git symbolic-ref --short HEAD [2ms]
[2022-05-10T20:24:54.876Z] > git for-each-ref --format=%(refname)%00%(upstream:short)%00%(objectname)%00%(upstream:track)%00%(upstream:remotename)%00%(upstream:remoteref) refs/heads/Joel refs/remotes/Joel [3ms]
[2022-05-10T20:24:54.915Z] > git remote --verbose [2ms]
[2022-05-10T20:24:54.916Z] > git for-each-ref --sort -committerdate --format %(refname) %(objectname) %(*objectname) [21ms]
[2022-05-10T20:24:58.707Z] > git config --get commit.template [24ms]
[2022-05-10T20:25:03.890Z] > git status -z -uall [150ms]
[2022-05-10T20:25:03.909Z] > git symbolic-ref --short HEAD [5ms]
[2022-05-10T20:25:03.926Z] > git for-each-ref --format=%(refname)%00%(upstream:short)%00%(objectname)%00%(upstream:track)%00%(upstream:remotename)%00%(upstream:remoteref) refs/heads/Joel refs/remotes/Joel [3ms]
[2022-05-10T20:25:03.954Z] > git for-each-ref --sort -committerdate --format %(refname) %(objectname) %(*objectname) [15ms]
[2022-05-10T20:25:03.955Z] > git remote --verbose [3ms]
[2022-05-10T20:25:04.092Z] > git config --get commit.template [3ms]
[2022-05-10T20:25:09.277Z] > git status -z -uall [148ms]
[2022-05-10T20:25:09.296Z] > git symbolic-ref --short HEAD [5ms]
[2022-05-10T20:25:09.315Z] > git for-each-ref --format=%(refname)%00%(upstream:short)%00%(objectname)%00%(upstream:track)%00%(upstream:remotename)%00%(upstream:remoteref) refs/heads/Joel refs/remotes/Joel [4ms]
[2022-05-10T20:25:09.348Z] > git for-each-ref --sort -committerdate --format %(refname) %(objectname) %(*objectname) [18ms]
[2022-05-10T20:25:09.349Z] > git remote --verbose [3ms]
[2022-05-10T20:25:09.481Z] > git config --get commit.template [11ms]
[2022-05-10T20:25:14.652Z] > git status -z -uall [138ms]
[2022-05-10T20:25:14.672Z] > git symbolic-ref --short HEAD [5ms]
[2022-05-10T20:25:14.690Z] > git for-each-ref --format=%(refname)%00%(upstream:short)%00%(objectname)%00%(upstream:track)%00%(upstream:remotename)%00%(upstream:remoteref) refs/heads/Joel refs/remotes/Joel [2ms]
[2022-05-10T20:25:14.721Z] > git for-each-ref --sort -committerdate --format %(refname) %(objectname) %(*objectname) [16ms]
[2022-05-10T20:25:14.722Z] > git remote --verbose [2ms]
[2022-05-10T20:25:19.422Z] > git config --get commit.template [4591ms]
[2022-05-10T20:25:24.609Z] > git status -z -uall [168ms]
[2022-05-10T20:25:24.633Z] > git symbolic-ref --short HEAD [7ms]
[2022-05-10T20:25:24.655Z] > git for-each-ref --format=%(refname)%00%(upstream:short)%00%(objectname)%00%(upstream:track)%00%(upstream:remotename)%00%(upstream:remoteref) refs/heads/Joel refs/remotes/Joel [5ms]
[2022-05-10T20:25:24.697Z] > git remote --verbose [2ms]
[2022-05-10T20:25:24.698Z] > git for-each-ref --sort -committerdate --format %(refname) %(objectname) %(*objectname) [23ms]
[2022-05-10T20:25:28.293Z] > git config --get commit.template [18ms]
[2022-05-10T20:25:33.487Z] > git status -z -uall [157ms]
[2022-05-10T20:25:33.505Z] > git symbolic-ref --short HEAD [2ms]
[2022-05-10T20:25:33.528Z] > git for-each-ref --format=%(refname)%00%(upstream:short)%00%(objectname)%00%(upstream:track)%00%(upstream:remotename)%00%(upstream:remoteref) refs/heads/Joel refs/remotes/Joel [5ms]
[2022-05-10T20:25:33.569Z] > git for-each-ref --sort -committerdate --format %(refname) %(objectname) %(*objectname) [20ms]
[2022-05-10T20:25:33.571Z] > git remote --verbose [6ms]
[2022-05-10T20:25:36.906Z] > git config --get commit.template [33ms]
[2022-05-10T20:25:42.096Z] > git status -z -uall [149ms]
[2022-05-10T20:25:42.115Z] > git symbolic-ref --short HEAD [3ms]
[2022-05-10T20:25:42.130Z] > git for-each-ref --format=%(refname)%00%(upstream:short)%00%(objectname)%00%(upstream:track)%00%(upstream:remotename)%00%(upstream:remoteref) refs/heads/Joel refs/remotes/Joel [2ms]
[2022-05-10T20:25:42.161Z] > git for-each-ref --sort -committerdate --format %(refname) %(objectname) %(*objectname) [16ms]
[2022-05-10T20:25:42.165Z] > git remote --verbose [6ms]
[2022-05-10T20:25:45.334Z] > git config --get commit.template [3026ms]
[2022-05-10T20:25:50.497Z] > git status -z -uall [133ms]
[2022-05-10T20:25:50.513Z] > git symbolic-ref --short HEAD [1ms]
[2022-05-10T20:25:50.530Z] > git for-each-ref --format=%(refname)%00%(upstream:short)%00%(objectname)%00%(upstream:track)%00%(upstream:remotename)%00%(upstream:remoteref) refs/heads/Joel refs/remotes/Joel [2ms]
[2022-05-10T20:25:50.560Z] > git for-each-ref --sort -committerdate --format %(refname) %(objectname) %(*objectname) [16ms]
[2022-05-10T20:25:50.561Z] > git remote --verbose [3ms]
[2022-05-10T20:25:50.687Z] > git config --get commit.template [12ms]
[2022-05-10T20:25:55.873Z] > git status -z -uall [153ms]
[2022-05-10T20:25:55.892Z] > git symbolic-ref --short HEAD [4ms]
[2022-05-10T20:25:55.910Z] > git for-each-ref --format=%(refname)%00%(upstream:short)%00%(objectname)%00%(upstream:track)%00%(upstream:remotename)%00%(upstream:remoteref) refs/heads/Joel refs/remotes/Joel [2ms]
[2022-05-10T20:25:55.940Z] > git remote --verbose [2ms]
[2022-05-10T20:25:55.941Z] > git for-each-ref --sort -committerdate --format %(refname) %(objectname) %(*objectname) [17ms]
[2022-05-10T20:25:56.057Z] > git config --get commit.template [3ms]
[2022-05-10T20:26:01.228Z] > git status -z -uall [137ms]
[2022-05-10T20:26:01.247Z] > git symbolic-ref --short HEAD [5ms]
[2022-05-10T20:26:01.263Z] > git for-each-ref --format=%(refname)%00%(upstream:short)%00%(objectname)%00%(upstream:track)%00%(upstream:remotename)%00%(upstream:remoteref) refs/heads/Joel refs/remotes/Joel [2ms]
[2022-05-10T20:26:01.295Z] > git for-each-ref --sort -committerdate --format %(refname) %(objectname) %(*objectname) [18ms]
[2022-05-10T20:26:01.296Z] > git remote --verbose [6ms]
[2022-05-10T20:26:04.337Z] > git config --get commit.template [2906ms]
[2022-05-10T20:26:09.529Z] > git status -z -uall [160ms]
[2022-05-10T20:26:09.545Z] > git symbolic-ref --short HEAD [2ms]
[2022-05-10T20:26:09.564Z] > git for-each-ref --format=%(refname)%00%(upstream:short)%00%(objectname)%00%(upstream:track)%00%(upstream:remotename)%00%(upstream:remoteref) refs/heads/Joel refs/remotes/Joel [2ms]
[2022-05-10T20:26:09.595Z] > git remote --verbose [3ms]
[2022-05-10T20:26:09.596Z] > git for-each-ref --sort -committerdate --format %(refname) %(objectname) %(*objectname) [18ms]
[2022-05-10T20:26:12.659Z] > git config --get commit.template [2939ms]
[2022-05-10T20:26:17.824Z] > git status -z -uall [133ms]
[2022-05-10T20:26:17.839Z] > git symbolic-ref --short HEAD [2ms]
[2022-05-10T20:26:17.856Z] > git for-each-ref --format=%(refname)%00%(upstream:short)%00%(objectname)%00%(upstream:track)%00%(upstream:remotename)%00%(upstream:remoteref) refs/heads/Joel refs/remotes/Joel [2ms]
[2022-05-10T20:26:17.885Z] > git for-each-ref --sort -committerdate --format %(refname) %(objectname) %(*objectname) [15ms]
[2022-05-10T20:26:17.885Z] > git remote --verbose [2ms]
[2022-05-10T20:26:18.005Z] > git config --get commit.template [7ms]
[2022-05-10T20:26:23.169Z] > git status -z -uall [130ms]
[2022-05-10T20:26:23.186Z] > git symbolic-ref --short HEAD [2ms]
[2022-05-10T20:26:23.205Z] > git for-each-ref --format=%(refname)%00%(upstream:short)%00%(objectname)%00%(upstream:track)%00%(upstream:remotename)%00%(upstream:remoteref) refs/heads/Joel refs/remotes/Joel [3ms]
[2022-05-10T20:26:23.241Z] > git for-each-ref --sort -committerdate --format %(refname) %(objectname) %(*objectname) [21ms]
[2022-05-10T20:26:23.243Z] > git remote --verbose [5ms]
[2022-05-10T20:26:26.616Z] > git config --get commit.template [22ms]
[2022-05-10T20:26:31.799Z] > git status -z -uall [151ms]
[2022-05-10T20:26:31.825Z] > git symbolic-ref --short HEAD [10ms]
[2022-05-10T20:26:31.845Z] > git for-each-ref --format=%(refname)%00%(upstream:short)%00%(objectname)%00%(upstream:track)%00%(upstream:remotename)%00%(upstream:remoteref) refs/heads/Joel refs/remotes/Joel [5ms]
[2022-05-10T20:26:31.880Z] > git for-each-ref --sort -committerdate --format %(refname) %(objectname) %(*objectname) [21ms]
[2022-05-10T20:26:31.882Z] > git remote --verbose [6ms]
[2022-05-10T20:26:35.163Z] > git config --get commit.template [42ms]
[2022-05-10T20:26:40.346Z] > git status -z -uall [152ms]
[2022-05-10T20:26:40.362Z] > git symbolic-ref --short HEAD [4ms]
[2022-05-10T20:26:40.378Z] > git for-each-ref --format=%(refname)%00%(upstream:short)%00%(objectname)%00%(upstream:track)%00%(upstream:remotename)%00%(upstream:remoteref) refs/heads/Joel refs/remotes/Joel [2ms]
[2022-05-10T20:26:40.405Z] > git for-each-ref --sort -committerdate --format %(refname) %(objectname) %(*objectname) [14ms]
[2022-05-10T20:26:40.405Z] > git remote --verbose [2ms]
[2022-05-10T20:26:43.603Z] > git config --get commit.template [3059ms]
[2022-05-10T20:26:48.791Z] > git status -z -uall [159ms]
[2022-05-10T20:26:48.807Z] > git symbolic-ref --short HEAD [2ms]
[2022-05-10T20:26:48.824Z] > git for-each-ref --format=%(refname)%00%(upstream:short)%00%(objectname)%00%(upstream:track)%00%(upstream:remotename)%00%(upstream:remoteref) refs/heads/Joel refs/remotes/Joel [2ms]
[2022-05-10T20:26:48.852Z] > git for-each-ref --sort -committerdate --format %(refname) %(objectname) %(*objectname) [15ms]
[2022-05-10T20:26:48.853Z] > git remote --verbose [3ms]
[2022-05-10T20:26:48.979Z] > git config --get commit.template [7ms]
[2022-05-10T20:26:54.158Z] > git status -z -uall [146ms]
[2022-05-10T20:26:54.175Z] > git symbolic-ref --short HEAD [3ms]
[2022-05-10T20:26:54.194Z] > git for-each-ref --format=%(refname)%00%(upstream:short)%00%(objectname)%00%(upstream:track)%00%(upstream:remotename)%00%(upstream:remoteref) refs/heads/Joel refs/remotes/Joel [3ms]
[2022-05-10T20:26:54.230Z] > git for-each-ref --sort -committerdate --format %(refname) %(objectname) %(*objectname) [22ms]
[2022-05-10T20:26:54.232Z] > git remote --verbose [6ms]
[2022-05-10T20:26:57.745Z] > git config --get commit.template [46ms]
[2022-05-10T20:27:02.920Z] > git status -z -uall [141ms]
[2022-05-10T20:27:02.936Z] > git symbolic-ref --short HEAD [3ms]
[2022-05-10T20:27:02.951Z] > git for-each-ref --format=%(refname)%00%(upstream:short)%00%(objectname)%00%(upstream:track)%00%(upstream:remotename)%00%(upstream:remoteref) refs/heads/Joel refs/remotes/Joel [3ms]
[2022-05-10T20:27:02.978Z] > git for-each-ref --sort -committerdate --format %(refname) %(objectname) %(*objectname) [14ms]
[2022-05-10T20:27:02.979Z] > git remote --verbose [3ms]
[2022-05-10T20:27:03.106Z] > git config --get commit.template [2ms]
[2022-05-10T20:27:08.257Z] > git status -z -uall [125ms]
[2022-05-10T20:27:08.274Z] > git symbolic-ref --short HEAD [4ms]
[2022-05-10T20:27:08.291Z] > git for-each-ref --format=%(refname)%00%(upstream:short)%00%(objectname)%00%(upstream:track)%00%(upstream:remotename)%00%(upstream:remoteref) refs/heads/Joel refs/remotes/Joel [4ms]
[2022-05-10T20:27:08.319Z] > git for-each-ref --sort -committerdate --format %(refname) %(objectname) %(*objectname) [15ms]
[2022-05-10T20:27:08.320Z] > git remote --verbose [3ms]
[2022-05-10T20:27:08.441Z] > git config --get commit.template [7ms]
[2022-05-10T20:27:14.609Z] > git status -z -uall [134ms]
[2022-05-10T20:27:14.628Z] > git symbolic-ref --short HEAD [5ms]
[2022-05-10T20:27:14.649Z] > git for-each-ref --format=%(refname)%00%(upstream:short)%00%(objectname)%00%(upstream:track)%00%(upstream:remotename)%00%(upstream:remoteref) refs/heads/Joel refs/remotes/Joel [7ms]
[2022-05-10T20:27:14.685Z] > git for-each-ref --sort -committerdate --format %(refname) %(objectname) %(*objectname) [22ms]
[2022-05-10T20:27:14.687Z] > git remote --verbose [5ms]
[2022-05-10T20:27:17.991Z] > git config --get commit.template [28ms]
[2022-05-10T20:27:23.160Z] > git status -z -uall [136ms]
[2022-05-10T20:27:23.177Z] > git symbolic-ref --short HEAD [1ms]
[2022-05-10T20:27:23.193Z] > git for-each-ref --format=%(refname)%00%(upstream:short)%00%(objectname)%00%(upstream:track)%00%(upstream:remotename)%00%(upstream:remoteref) refs/heads/Joel refs/remotes/Joel [2ms]
[2022-05-10T20:27:23.221Z] > git for-each-ref --sort -committerdate --format %(refname) %(objectname) %(*objectname) [15ms]
[2022-05-10T20:27:23.222Z] > git remote --verbose [3ms]
[2022-05-10T20:27:23.355Z] > git config --get commit.template [3ms]
[2022-05-10T20:27:28.510Z] > git status -z -uall [126ms]
[2022-05-10T20:27:28.525Z] > git symbolic-ref --short HEAD [2ms]
[2022-05-10T20:27:28.544Z] > git for-each-ref --format=%(refname)%00%(upstream:short)%00%(objectname)%00%(upstream:track)%00%(upstream:remotename)%00%(upstream:remoteref) refs/heads/Joel refs/remotes/Joel [3ms]
[2022-05-10T20:27:28.573Z] > git for-each-ref --sort -committerdate --format %(refname) %(objectname) %(*objectname) [16ms]
[2022-05-10T20:27:28.575Z] > git remote --verbose [3ms]
[2022-05-10T20:27:28.695Z] > git config --get commit.template [8ms]
[2022-05-10T20:27:33.870Z] > git status -z -uall [142ms]
[2022-05-10T20:27:33.890Z] > git symbolic-ref --short HEAD [5ms]
[2022-05-10T20:27:33.911Z] > git for-each-ref --format=%(refname)%00%(upstream:short)%00%(objectname)%00%(upstream:track)%00%(upstream:remotename)%00%(upstream:remoteref) refs/heads/Joel refs/remotes/Joel [4ms]
[2022-05-10T20:27:33.942Z] > git for-each-ref --sort -committerdate --format %(refname) %(objectname) %(*objectname) [16ms]
[2022-05-10T20:27:33.943Z] > git remote --verbose [3ms]
[2022-05-10T20:27:36.942Z] > git config --get commit.template [2873ms]
[2022-05-10T20:27:42.103Z] > git status -z -uall [130ms]
[2022-05-10T20:27:42.122Z] > git symbolic-ref --short HEAD [5ms]
[2022-05-10T20:27:42.139Z] > git for-each-ref --format=%(refname)%00%(upstream:short)%00%(objectname)%00%(upstream:track)%00%(upstream:remotename)%00%(upstream:remoteref) refs/heads/Joel refs/remotes/Joel [2ms]
[2022-05-10T20:27:42.170Z] > git remote --verbose [3ms]
[2022-05-10T20:27:42.170Z] > git for-each-ref --sort -committerdate --format %(refname) %(objectname) %(*objectname) [16ms]
[2022-05-10T20:27:45.246Z] > git config --get commit.template [2952ms]
[2022-05-10T20:27:50.616Z] > git status -z -uall [353ms]
[2022-05-10T20:27:50.661Z] > git symbolic-ref --short HEAD [13ms]
[2022-05-10T20:27:50.678Z] > git for-each-ref --format=%(refname)%00%(upstream:short)%00%(objectname)%00%(upstream:track)%00%(upstream:remotename)%00%(upstream:remoteref) refs/heads/Joel refs/remotes/Joel [3ms]
[2022-05-10T20:27:50.744Z] > git for-each-ref --sort -committerdate --format %(refname) %(objectname) %(*objectname) [37ms]
[2022-05-10T20:27:50.758Z] > git remote --verbose [17ms]
[2022-05-10T20:27:53.955Z] > git config --get commit.template [17ms]
[2022-05-10T20:27:59.119Z] > git status -z -uall [138ms]
[2022-05-10T20:27:59.136Z] > git symbolic-ref --short HEAD [2ms]
[2022-05-10T20:27:59.154Z] > git for-each-ref --format=%(refname)%00%(upstream:short)%00%(objectname)%00%(upstream:track)%00%(upstream:remotename)%00%(upstream:remoteref) refs/heads/Joel refs/remotes/Joel [3ms]
[2022-05-10T20:27:59.186Z] > git for-each-ref --sort -committerdate --format %(refname) %(objectname) %(*objectname) [18ms]
[2022-05-10T20:27:59.187Z] > git remote --verbose [5ms]
[2022-05-10T20:28:02.201Z] > git config --get commit.template [2902ms]
[2022-05-10T20:28:07.379Z] > git status -z -uall [136ms]
[2022-05-10T20:28:07.397Z] > git symbolic-ref --short HEAD [2ms]
[2022-05-10T20:28:07.417Z] > git for-each-ref --format=%(refname)%00%(upstream:short)%00%(objectname)%00%(upstream:track)%00%(upstream:remotename)%00%(upstream:remoteref) refs/heads/Joel refs/remotes/Joel [4ms]
[2022-05-10T20:28:07.451Z] > git for-each-ref --sort -committerdate --format %(refname) %(objectname) %(*objectname) [18ms]
[2022-05-10T20:28:07.451Z] > git remote --verbose [2ms]
[2022-05-10T20:28:07.581Z] > git config --get commit.template [12ms]
[2022-05-10T20:28:12.765Z] > git status -z -uall [151ms]
[2022-05-10T20:28:12.781Z] > git symbolic-ref --short HEAD [1ms]
[2022-05-10T20:28:12.799Z] > git for-each-ref --format=%(refname)%00%(upstream:short)%00%(objectname)%00%(upstream:track)%00%(upstream:remotename)%00%(upstream:remoteref) refs/heads/Joel refs/remotes/Joel [2ms]
[2022-05-10T20:28:12.830Z] > git for-each-ref --sort -committerdate --format %(refname) %(objectname) %(*objectname) [17ms]
[2022-05-10T20:28:12.831Z] > git remote --verbose [3ms]
[2022-05-10T20:28:15.868Z] > git config --get commit.template [2910ms]
[2022-05-10T20:28:21.053Z] > git status -z -uall [151ms]
[2022-05-10T20:28:21.070Z] > git symbolic-ref --short HEAD [2ms]
[2022-05-10T20:28:21.088Z] > git for-each-ref --format=%(refname)%00%(upstream:short)%00%(objectname)%00%(upstream:track)%00%(upstream:remotename)%00%(upstream:remoteref) refs/heads/Joel refs/remotes/Joel [3ms]
[2022-05-10T20:28:21.123Z] > git remote --verbose [2ms]
[2022-05-10T20:28:21.124Z] > git for-each-ref --sort -committerdate --format %(refname) %(objectname) %(*objectname) [22ms]
[2022-05-10T20:28:24.140Z] > git config --get commit.template [2894ms]
[2022-05-10T20:28:29.325Z] > git status -z -uall [141ms]
[2022-05-10T20:28:29.342Z] > git symbolic-ref --short HEAD [2ms]
[2022-05-10T20:28:29.360Z] > git for-each-ref --format=%(refname)%00%(upstream:short)%00%(objectname)%00%(upstream:track)%00%(upstream:remotename)%00%(upstream:remoteref) refs/heads/Joel refs/remotes/Joel [3ms]
[2022-05-10T20:28:29.391Z] > git for-each-ref --sort -committerdate --format %(refname) %(objectname) %(*objectname) [17ms]
[2022-05-10T20:28:29.391Z] > git remote --verbose [2ms]
[2022-05-10T20:28:29.518Z] > git config --get commit.template [9ms]
[2022-05-10T20:28:34.701Z] > git status -z -uall [145ms]
[2022-05-10T20:28:34.722Z] > git symbolic-ref --short HEAD [5ms]
[2022-05-10T20:28:34.740Z] > git for-each-ref --format=%(refname)%00%(upstream:short)%00%(objectname)%00%(upstream:track)%00%(upstream:remotename)%00%(upstream:remoteref) refs/heads/Joel refs/remotes/Joel [2ms]
[2022-05-10T20:28:34.773Z] > git for-each-ref --sort -committerdate --format %(refname) %(objectname) %(*objectname) [17ms]
[2022-05-10T20:28:34.773Z] > git remote --verbose [2ms]
[2022-05-10T20:28:37.769Z] > git config --get commit.template [2865ms]
[2022-05-10T20:28:42.928Z] > git status -z -uall [132ms]
[2022-05-10T20:28:42.946Z] > git symbolic-ref --short HEAD [5ms]
[2022-05-10T20:28:42.965Z] > git for-each-ref --format=%(refname)%00%(upstream:short)%00%(objectname)%00%(upstream:track)%00%(upstream:remotename)%00%(upstream:remoteref) refs/heads/Joel refs/remotes/Joel [4ms]
[2022-05-10T20:28:42.995Z] > git for-each-ref --sort -committerdate --format %(refname) %(objectname) %(*objectname) [15ms]
[2022-05-10T20:28:42.996Z] > git remote --verbose [3ms]
[2022-05-10T20:28:43.130Z] > git config --get commit.template [8ms]
[2022-05-10T20:28:48.315Z] > git status -z -uall [154ms]
[2022-05-10T20:28:48.332Z] > git symbolic-ref --short HEAD [1ms]
[2022-05-10T20:28:48.349Z] > git for-each-ref --format=%(refname)%00%(upstream:short)%00%(objectname)%00%(upstream:track)%00%(upstream:remotename)%00%(upstream:remoteref) refs/heads/Joel refs/remotes/Joel [3ms]
[2022-05-10T20:28:48.378Z] > git for-each-ref --sort -committerdate --format %(refname) %(objectname) %(*objectname) [15ms]
[2022-05-10T20:28:48.379Z] > git remote --verbose [3ms]
[2022-05-10T20:28:48.502Z] > git config --get commit.template [2ms]
[2022-05-10T20:28:53.675Z] > git status -z -uall [142ms]
[2022-05-10T20:28:53.697Z] > git symbolic-ref --short HEAD [5ms]
[2022-05-10T20:28:53.715Z] > git for-each-ref --format=%(refname)%00%(upstream:short)%00%(objectname)%00%(upstream:track)%00%(upstream:remotename)%00%(upstream:remoteref) refs/heads/Joel refs/remotes/Joel [3ms]
[2022-05-10T20:28:53.745Z] > git for-each-ref --sort -committerdate --format %(refname) %(objectname) %(*objectname) [15ms]
[2022-05-10T20:28:53.746Z] > git remote --verbose [2ms]
[2022-05-10T20:28:56.815Z] > git config --get commit.template [2946ms]
[2022-05-10T20:29:02.005Z] > git status -z -uall [156ms]
[2022-05-10T20:29:02.025Z] > git symbolic-ref --short HEAD [5ms]
[2022-05-10T20:29:02.044Z] > git for-each-ref --format=%(refname)%00%(upstream:short)%00%(objectname)%00%(upstream:track)%00%(upstream:remotename)%00%(upstream:remoteref) refs/heads/Joel refs/remotes/Joel [3ms]
[2022-05-10T20:29:02.075Z] > git for-each-ref --sort -committerdate --format %(refname) %(objectname) %(*objectname) [16ms]
[2022-05-10T20:29:02.076Z] > git remote --verbose [3ms]
[2022-05-10T20:29:05.070Z] > git config --get commit.template [2866ms]
[2022-05-10T20:29:10.239Z] > git status -z -uall [137ms]
[2022-05-10T20:29:10.255Z] > git symbolic-ref --short HEAD [2ms]
[2022-05-10T20:29:10.273Z] > git for-each-ref --format=%(refname)%00%(upstream:short)%00%(objectname)%00%(upstream:track)%00%(upstream:remotename)%00%(upstream:remoteref) refs/heads/Joel refs/remotes/Joel [2ms]
[2022-05-10T20:29:10.302Z] > git for-each-ref --sort -committerdate --format %(refname) %(objectname) %(*objectname) [16ms]
[2022-05-10T20:29:10.302Z] > git remote --verbose [2ms]
[2022-05-10T20:29:10.433Z] > git config --get commit.template [5ms]
[2022-05-10T20:29:15.596Z] > git status -z -uall [131ms]
[2022-05-10T20:29:15.614Z] > git symbolic-ref --short HEAD [3ms]
[2022-05-10T20:29:15.632Z] > git for-each-ref --format=%(refname)%00%(upstream:short)%00%(objectname)%00%(upstream:track)%00%(upstream:remotename)%00%(upstream:remoteref) refs/heads/Joel refs/remotes/Joel [3ms]
[2022-05-10T20:29:15.662Z] > git for-each-ref --sort -committerdate --format %(refname) %(objectname) %(*objectname) [16ms]
[2022-05-10T20:29:15.663Z] > git remote --verbose [3ms]
[2022-05-10T20:29:15.782Z] > git config --get commit.template [2ms]
[2022-05-10T20:29:21.949Z] > git status -z -uall [134ms]
[2022-05-10T20:29:21.968Z] > git symbolic-ref --short HEAD [4ms]
[2022-05-10T20:29:21.985Z] > git for-each-ref --format=%(refname)%00%(upstream:short)%00%(objectname)%00%(upstream:track)%00%(upstream:remotename)%00%(upstream:remoteref) refs/heads/Joel refs/remotes/Joel [3ms]
[2022-05-10T20:29:22.015Z] > git for-each-ref --sort -committerdate --format %(refname) %(objectname) %(*objectname) [16ms]
[2022-05-10T20:29:22.016Z] > git remote --verbose [3ms]
[2022-05-10T20:29:22.139Z] > git config --get commit.template [8ms]
[2022-05-10T20:29:27.446Z] > git status -z -uall [270ms]
[2022-05-10T20:29:27.466Z] > git symbolic-ref --short HEAD [4ms]
[2022-05-10T20:29:27.486Z] > git for-each-ref --format=%(refname)%00%(upstream:short)%00%(objectname)%00%(upstream:track)%00%(upstream:remotename)%00%(upstream:remoteref) refs/heads/Joel refs/remotes/Joel [3ms]
[2022-05-10T20:29:27.524Z] > git for-each-ref --sort -committerdate --format %(refname) %(objectname) %(*objectname) [18ms]
[2022-05-10T20:29:27.525Z] > git remote --verbose [3ms]
[2022-05-10T20:29:30.529Z] > git config --get commit.template [2876ms]
[2022-05-10T20:29:35.713Z] > git status -z -uall [150ms]
[2022-05-10T20:29:35.734Z] > git symbolic-ref --short HEAD [6ms]
[2022-05-10T20:29:35.753Z] > git for-each-ref --format=%(refname)%00%(upstream:short)%00%(objectname)%00%(upstream:track)%00%(upstream:remotename)%00%(upstream:remoteref) refs/heads/Joel refs/remotes/Joel [2ms]
[2022-05-10T20:29:35.784Z] > git for-each-ref --sort -committerdate --format %(refname) %(objectname) %(*objectname) [15ms]
[2022-05-10T20:29:35.784Z] > git remote --verbose [2ms]
[2022-05-10T20:29:38.831Z] > git config --get commit.template [2913ms]
[2022-05-10T20:29:44.016Z] > git status -z -uall [152ms]
[2022-05-10T20:29:44.035Z] > git symbolic-ref --short HEAD [4ms]
[2022-05-10T20:29:44.058Z] > git for-each-ref --format=%(refname)%00%(upstream:short)%00%(objectname)%00%(upstream:track)%00%(upstream:remotename)%00%(upstream:remoteref) refs/heads/Joel refs/remotes/Joel [8ms]
[2022-05-10T20:29:44.088Z] > git for-each-ref --sort -committerdate --format %(refname) %(objectname) %(*objectname) [16ms]
[2022-05-10T20:29:44.089Z] > git remote --verbose [3ms]
[2022-05-10T20:29:47.245Z] > git config --get commit.template [3011ms]
[2022-05-10T20:29:52.416Z] > git status -z -uall [139ms]
[2022-05-10T20:29:52.433Z] > git symbolic-ref --short HEAD [2ms]
[2022-05-10T20:29:52.452Z] > git for-each-ref --format=%(refname)%00%(upstream:short)%00%(objectname)%00%(upstream:track)%00%(upstream:remotename)%00%(upstream:remoteref) refs/heads/Joel refs/remotes/Joel [3ms]
[2022-05-10T20:29:52.482Z] > git for-each-ref --sort -committerdate --format %(refname) %(objectname) %(*objectname) [16ms]
[2022-05-10T20:29:52.485Z] > git remote --verbose [4ms]
[2022-05-10T20:29:55.476Z] > git config --get commit.template [2868ms]
[2022-05-10T20:30:00.654Z] > git status -z -uall [144ms]
[2022-05-10T20:30:00.672Z] > git symbolic-ref --short HEAD [1ms]
[2022-05-10T20:30:00.698Z] > git for-each-ref --format=%(refname)%00%(upstream:short)%00%(objectname)%00%(upstream:track)%00%(upstream:remotename)%00%(upstream:remoteref) refs/heads/Joel refs/remotes/Joel [3ms]
[2022-05-10T20:30:00.732Z] > git for-each-ref --sort -committerdate --format %(refname) %(objectname) %(*objectname) [17ms]
[2022-05-10T20:30:00.733Z] > git remote --verbose [3ms]
[2022-05-10T20:30:03.738Z] > git config --get commit.template [2883ms]
[2022-05-10T20:30:08.913Z] > git status -z -uall [142ms]
[2022-05-10T20:30:08.930Z] > git symbolic-ref --short HEAD [2ms]
[2022-05-10T20:30:08.950Z] > git for-each-ref --format=%(refname)%00%(upstream:short)%00%(objectname)%00%(upstream:track)%00%(upstream:remotename)%00%(upstream:remoteref) refs/heads/Joel refs/remotes/Joel [2ms]
[2022-05-10T20:30:08.981Z] > git for-each-ref --sort -committerdate --format %(refname) %(objectname) %(*objectname) [17ms]
[2022-05-10T20:30:08.982Z] > git remote --verbose [3ms]
[2022-05-10T20:30:12.035Z] > git config --get commit.template [2918ms]
[2022-05-10T20:30:17.223Z] > git status -z -uall [148ms]
[2022-05-10T20:30:17.239Z] > git symbolic-ref --short HEAD [1ms]
[2022-05-10T20:30:17.259Z] > git for-each-ref --format=%(refname)%00%(upstream:short)%00%(objectname)%00%(upstream:track)%00%(upstream:remotename)%00%(upstream:remoteref) refs/heads/Joel refs/remotes/Joel [2ms]
[2022-05-10T20:30:17.296Z] > git remote --verbose [3ms]
[2022-05-10T20:30:17.296Z] > git for-each-ref --sort -committerdate --format %(refname) %(objectname) %(*objectname) [17ms]
[2022-05-10T20:30:17.419Z] > git config --get commit.template [3ms]
[2022-05-10T20:30:22.589Z] > git status -z -uall [133ms]
[2022-05-10T20:30:22.606Z] > git symbolic-ref --short HEAD [2ms]
[2022-05-10T20:30:22.624Z] > git for-each-ref --format=%(refname)%00%(upstream:short)%00%(objectname)%00%(upstream:track)%00%(upstream:remotename)%00%(upstream:remoteref) refs/heads/Joel refs/remotes/Joel [2ms]
[2022-05-10T20:30:22.655Z] > git for-each-ref --sort -committerdate --format %(refname) %(objectname) %(*objectname) [16ms]
[2022-05-10T20:30:22.656Z] > git remote --verbose [3ms]
[2022-05-10T20:30:22.786Z] > git config --get commit.template [17ms]
[2022-05-10T20:30:27.942Z] > git status -z -uall [126ms]
[2022-05-10T20:30:27.963Z] > git symbolic-ref --short HEAD [4ms]
[2022-05-10T20:30:27.982Z] > git for-each-ref --format=%(refname)%00%(upstream:short)%00%(objectname)%00%(upstream:track)%00%(upstream:remotename)%00%(upstream:remoteref) refs/heads/Joel refs/remotes/Joel [3ms]
[2022-05-10T20:30:28.015Z] > git for-each-ref --sort -committerdate --format %(refname) %(objectname) %(*objectname) [17ms]
[2022-05-10T20:30:28.015Z] > git remote --verbose [2ms]
[2022-05-10T20:30:31.070Z] > git config --get commit.template [2942ms]
[2022-05-10T20:30:36.247Z] > git status -z -uall [143ms]
[2022-05-10T20:30:36.264Z] > git symbolic-ref --short HEAD [3ms]
[2022-05-10T20:30:36.282Z] > git for-each-ref --format=%(refname)%00%(upstream:short)%00%(objectname)%00%(upstream:track)%00%(upstream:remotename)%00%(upstream:remoteref) refs/heads/Joel refs/remotes/Joel [3ms]
[2022-05-10T20:30:36.312Z] > git for-each-ref --sort -committerdate --format %(refname) %(objectname) %(*objectname) [16ms]
[2022-05-10T20:30:36.313Z] > git remote --verbose [3ms]
[2022-05-10T20:30:39.368Z] > git config --get commit.template [2924ms]
[2022-05-10T20:30:44.543Z] > git status -z -uall [142ms]
[2022-05-10T20:30:44.563Z] > git symbolic-ref --short HEAD [5ms]
[2022-05-10T20:30:44.581Z] > git for-each-ref --format=%(refname)%00%(upstream:short)%00%(objectname)%00%(upstream:track)%00%(upstream:remotename)%00%(upstream:remoteref) refs/heads/Joel refs/remotes/Joel [2ms]
[2022-05-10T20:30:44.611Z] > git for-each-ref --sort -committerdate --format %(refname) %(objectname) %(*objectname) [16ms]
[2022-05-10T20:30:44.612Z] > git remote --verbose [2ms]
[2022-05-10T20:30:44.749Z] > git config --get commit.template [26ms]
[2022-05-10T20:30:49.950Z] > git status -z -uall [168ms]
[2022-05-10T20:30:49.971Z] > git symbolic-ref --short HEAD [5ms]
[2022-05-10T20:30:49.989Z] > git for-each-ref --format=%(refname)%00%(upstream:short)%00%(objectname)%00%(upstream:track)%00%(upstream:remotename)%00%(upstream:remoteref) refs/heads/Joel refs/remotes/Joel [3ms]
[2022-05-10T20:30:50.021Z] > git remote --verbose [2ms]
[2022-05-10T20:30:50.022Z] > git for-each-ref --sort -committerdate --format %(refname) %(objectname) %(*objectname) [19ms]
[2022-05-10T20:30:53.126Z] > git config --get commit.template [2974ms]
[2022-05-10T20:30:58.313Z] > git status -z -uall [153ms]
[2022-05-10T20:30:58.333Z] > git symbolic-ref --short HEAD [4ms]
[2022-05-10T20:30:58.353Z] > git for-each-ref --format=%(refname)%00%(upstream:short)%00%(objectname)%00%(upstream:track)%00%(upstream:remotename)%00%(upstream:remoteref) refs/heads/Joel refs/remotes/Joel [3ms]
[2022-05-10T20:30:58.385Z] > git for-each-ref --sort -committerdate --format %(refname) %(objectname) %(*objectname) [17ms]
[2022-05-10T20:30:58.386Z] > git remote --verbose [3ms]
[2022-05-10T20:31:01.416Z] > git config --get commit.template [2904ms]
[2022-05-10T20:31:06.584Z] > git status -z -uall [137ms]
[2022-05-10T20:31:06.603Z] > git symbolic-ref --short HEAD [5ms]
[2022-05-10T20:31:06.620Z] > git for-each-ref --format=%(refname)%00%(upstream:short)%00%(objectname)%00%(upstream:track)%00%(upstream:remotename)%00%(upstream:remoteref) refs/heads/Joel refs/remotes/Joel [2ms]
[2022-05-10T20:31:06.650Z] > git for-each-ref --sort -committerdate --format %(refname) %(objectname) %(*objectname) [16ms]
[2022-05-10T20:31:06.650Z] > git remote --verbose [2ms]
[2022-05-10T20:31:06.794Z] > git config --get commit.template [14ms]
[2022-05-10T20:31:11.968Z] > git status -z -uall [142ms]
[2022-05-10T20:31:11.985Z] > git symbolic-ref --short HEAD [2ms]
[2022-05-10T20:31:12.002Z] > git for-each-ref --format=%(refname)%00%(upstream:short)%00%(objectname)%00%(upstream:track)%00%(upstream:remotename)%00%(upstream:remoteref) refs/heads/Joel refs/remotes/Joel [2ms]
[2022-05-10T20:31:12.032Z] > git for-each-ref --sort -committerdate --format %(refname) %(objectname) %(*objectname) [16ms]
[2022-05-10T20:31:12.033Z] > git remote --verbose [3ms]
[2022-05-10T20:31:12.164Z] > git config --get commit.template [11ms]
[2022-05-10T20:31:17.317Z] > git status -z -uall [126ms]
[2022-05-10T20:31:17.337Z] > git symbolic-ref --short HEAD [5ms]
[2022-05-10T20:31:17.354Z] > git for-each-ref --format=%(refname)%00%(upstream:short)%00%(objectname)%00%(upstream:track)%00%(upstream:remotename)%00%(upstream:remoteref) refs/heads/Joel refs/remotes/Joel [2ms]
[2022-05-10T20:31:17.385Z] > git for-each-ref --sort -committerdate --format %(refname) %(objectname) %(*objectname) [16ms]
[2022-05-10T20:31:17.386Z] > git remote --verbose [3ms]
[2022-05-10T20:31:17.502Z] > git config --get commit.template [2ms]
[2022-05-10T20:31:23.648Z] > git status -z -uall [141ms]
[2022-05-10T20:31:23.666Z] > git symbolic-ref --short HEAD [2ms]
[2022-05-10T20:31:23.686Z] > git for-each-ref --format=%(refname)%00%(upstream:short)%00%(objectname)%00%(upstream:track)%00%(upstream:remotename)%00%(upstream:remoteref) refs/heads/Joel refs/remotes/Joel [4ms]
[2022-05-10T20:31:23.717Z] > git for-each-ref --sort -committerdate --format %(refname) %(objectname) %(*objectname) [16ms]
[2022-05-10T20:31:23.718Z] > git remote --verbose [2ms]
[2022-05-10T20:31:23.839Z] > git config --get commit.template [7ms]
[2022-05-10T20:31:30.008Z] > git status -z -uall [140ms]
[2022-05-10T20:31:30.027Z] > git symbolic-ref --short HEAD [4ms]
[2022-05-10T20:31:30.045Z] > git for-each-ref --format=%(refname)%00%(upstream:short)%00%(objectname)%00%(upstream:track)%00%(upstream:remotename)%00%(upstream:remoteref) refs/heads/Joel refs/remotes/Joel [3ms]
[2022-05-10T20:31:30.075Z] > git for-each-ref --sort -committerdate --format %(refname) %(objectname) %(*objectname) [15ms]
[2022-05-10T20:31:30.076Z] > git remote --verbose [3ms]
[2022-05-10T20:31:30.199Z] > git config --get commit.template [2ms]
[2022-05-10T20:31:35.366Z] > git status -z -uall [133ms]
[2022-05-10T20:31:35.386Z] > git symbolic-ref --short HEAD [5ms]
[2022-05-10T20:31:35.405Z] > git for-each-ref --format=%(refname)%00%(upstream:short)%00%(objectname)%00%(upstream:track)%00%(upstream:remotename)%00%(upstream:remoteref) refs/heads/Joel refs/remotes/Joel [4ms]
[2022-05-10T20:31:35.435Z] > git remote --verbose [2ms]
[2022-05-10T20:31:35.436Z] > git for-each-ref --sort -committerdate --format %(refname) %(objectname) %(*objectname) [17ms]
[2022-05-10T20:31:38.473Z] > git config --get commit.template [2925ms]
[2022-05-10T20:31:43.656Z] > git status -z -uall [160ms]
[2022-05-10T20:31:43.679Z] > git symbolic-ref --short HEAD [5ms]
[2022-05-10T20:31:43.706Z] > git for-each-ref --format=%(refname)%00%(upstream:short)%00%(objectname)%00%(upstream:track)%00%(upstream:remotename)%00%(upstream:remoteref) refs/heads/Joel refs/remotes/Joel [3ms]
[2022-05-10T20:31:43.740Z] > git for-each-ref --sort -committerdate --format %(refname) %(objectname) %(*objectname) [17ms]
[2022-05-10T20:31:43.743Z] > git remote --verbose [5ms]
[2022-05-10T20:31:46.777Z] > git config --get commit.template [2905ms]
[2022-05-10T20:31:51.952Z] > git status -z -uall [141ms]
[2022-05-10T20:31:51.973Z] > git symbolic-ref --short HEAD [5ms]
[2022-05-10T20:31:51.992Z] > git for-each-ref --format=%(refname)%00%(upstream:short)%00%(objectname)%00%(upstream:track)%00%(upstream:remotename)%00%(upstream:remoteref) refs/heads/Joel refs/remotes/Joel [3ms]
[2022-05-10T20:31:52.024Z] > git for-each-ref --sort -committerdate --format %(refname) %(objectname) %(*objectname) [17ms]
[2022-05-10T20:31:52.024Z] > git remote --verbose [2ms]
[2022-05-10T20:31:55.057Z] > git config --get commit.template [2905ms]
[2022-05-10T20:32:00.243Z] > git status -z -uall [154ms]
[2022-05-10T20:32:00.261Z] > git symbolic-ref --short HEAD [3ms]
[2022-05-10T20:32:00.279Z] > git for-each-ref --format=%(refname)%00%(upstream:short)%00%(objectname)%00%(upstream:track)%00%(upstream:remotename)%00%(upstream:remoteref) refs/heads/Joel refs/remotes/Joel [2ms]
[2022-05-10T20:32:00.309Z] > git for-each-ref --sort -committerdate --format %(refname) %(objectname) %(*objectname) [16ms]
[2022-05-10T20:32:00.310Z] > git remote --verbose [3ms]
[2022-05-10T20:32:03.383Z] > git config --get commit.template [2920ms]
[2022-05-10T20:32:08.561Z] > git status -z -uall [145ms]
[2022-05-10T20:32:08.580Z] > git symbolic-ref --short HEAD [4ms]
[2022-05-10T20:32:08.598Z] > git for-each-ref --format=%(refname)%00%(upstream:short)%00%(objectname)%00%(upstream:track)%00%(upstream:remotename)%00%(upstream:remoteref) refs/heads/Joel refs/remotes/Joel [2ms]
[2022-05-10T20:32:08.628Z] > git for-each-ref --sort -committerdate --format %(refname) %(objectname) %(*objectname) [15ms]
[2022-05-10T20:32:08.629Z] > git remote --verbose [2ms]
[2022-05-10T20:32:08.773Z] > git config --get commit.template [21ms]
[2022-05-10T20:32:13.941Z] > git status -z -uall [135ms]
[2022-05-10T20:32:13.958Z] > git symbolic-ref --short HEAD [2ms]
[2022-05-10T20:32:13.976Z] > git for-each-ref --format=%(refname)%00%(upstream:short)%00%(objectname)%00%(upstream:track)%00%(upstream:remotename)%00%(upstream:remoteref) refs/heads/Joel refs/remotes/Joel [2ms]
[2022-05-10T20:32:14.011Z] > git for-each-ref --sort -committerdate --format %(refname) %(objectname) %(*objectname) [16ms]
[2022-05-10T20:32:14.012Z] > git remote --verbose [3ms]
[2022-05-10T20:32:17.169Z] > git config --get commit.template [3032ms]
[2022-05-10T20:32:22.360Z] > git status -z -uall [149ms]
[2022-05-10T20:32:22.379Z] > git symbolic-ref --short HEAD [4ms]
[2022-05-10T20:32:22.398Z] > git for-each-ref --format=%(refname)%00%(upstream:short)%00%(objectname)%00%(upstream:track)%00%(upstream:remotename)%00%(upstream:remoteref) refs/heads/Joel refs/remotes/Joel [3ms]
[2022-05-10T20:32:22.430Z] > git for-each-ref --sort -committerdate --format %(refname) %(objectname) %(*objectname) [17ms]
[2022-05-10T20:32:22.431Z] > git remote --verbose [3ms]
[2022-05-10T20:32:25.433Z] > git config --get commit.template [2882ms]
[2022-05-10T20:32:30.607Z] > git status -z -uall [140ms]
[2022-05-10T20:32:30.623Z] > git symbolic-ref --short HEAD [1ms]
[2022-05-10T20:32:30.641Z] > git for-each-ref --format=%(refname)%00%(upstream:short)%00%(objectname)%00%(upstream:track)%00%(upstream:remotename)%00%(upstream:remoteref) refs/heads/Joel refs/remotes/Joel [2ms]
[2022-05-10T20:32:30.671Z] > git for-each-ref --sort -committerdate --format %(refname) %(objectname) %(*objectname) [16ms]
[2022-05-10T20:32:30.672Z] > git remote --verbose [3ms]
[2022-05-10T20:32:33.711Z] > git config --get commit.template [2908ms]
[2022-05-10T20:32:38.883Z] > git status -z -uall [140ms]
[2022-05-10T20:32:38.903Z] > git symbolic-ref --short HEAD [6ms]
[2022-05-10T20:32:38.920Z] > git for-each-ref --format=%(refname)%00%(upstream:short)%00%(objectname)%00%(upstream:track)%00%(upstream:remotename)%00%(upstream:remoteref) refs/heads/Joel refs/remotes/Joel [2ms]
[2022-05-10T20:32:38.951Z] > git remote --verbose [2ms]
[2022-05-10T20:32:38.952Z] > git for-each-ref --sort -committerdate --format %(refname) %(objectname) %(*objectname) [17ms]
[2022-05-10T20:32:41.964Z] > git config --get commit.template [2900ms]
[2022-05-10T20:32:47.150Z] > git status -z -uall [154ms]
[2022-05-10T20:32:47.170Z] > git symbolic-ref --short HEAD [5ms]
[2022-05-10T20:32:47.187Z] > git for-each-ref --format=%(refname)%00%(upstream:short)%00%(objectname)%00%(upstream:track)%00%(upstream:remotename)%00%(upstream:remoteref) refs/heads/Joel refs/remotes/Joel [2ms]
[2022-05-10T20:32:47.219Z] > git for-each-ref --sort -committerdate --format %(refname) %(objectname) %(*objectname) [17ms]
[2022-05-10T20:32:47.220Z] > git remote --verbose [3ms]
[2022-05-10T20:32:47.355Z] > git config --get commit.template [13ms]
[2022-05-10T20:32:52.510Z] > git status -z -uall [137ms]
[2022-05-10T20:32:52.532Z] > git symbolic-ref --short HEAD [5ms]
[2022-05-10T20:32:52.551Z] > git for-each-ref --format=%(refname)%00%(upstream:short)%00%(objectname)%00%(upstream:track)%00%(upstream:remotename)%00%(upstream:remoteref) refs/heads/Joel refs/remotes/Joel [3ms]
[2022-05-10T20:32:52.587Z] > git for-each-ref --sort -committerdate --format %(refname) %(objectname) %(*objectname) [19ms]
[2022-05-10T20:32:52.591Z] > git remote --verbose [5ms]
[2022-05-10T20:32:55.677Z] > git config --get commit.template [2937ms]
[2022-05-10T20:33:00.837Z] > git status -z -uall [131ms]
[2022-05-10T20:33:00.858Z] > git symbolic-ref --short HEAD [6ms]
[2022-05-10T20:33:00.875Z] > git for-each-ref --format=%(refname)%00%(upstream:short)%00%(objectname)%00%(upstream:track)%00%(upstream:remotename)%00%(upstream:remoteref) refs/heads/Joel refs/remotes/Joel [2ms]
[2022-05-10T20:33:00.906Z] > git for-each-ref --sort -committerdate --format %(refname) %(objectname) %(*objectname) [16ms]
[2022-05-10T20:33:00.907Z] > git remote --verbose [3ms]
[2022-05-10T20:33:04.002Z] > git config --get commit.template [2956ms]
[2022-05-10T20:33:09.209Z] > git status -z -uall [175ms]
[2022-05-10T20:33:09.228Z] > git symbolic-ref --short HEAD [4ms]
[2022-05-10T20:33:09.246Z] > git for-each-ref --format=%(refname)%00%(upstream:short)%00%(objectname)%00%(upstream:track)%00%(upstream:remotename)%00%(upstream:remoteref) refs/heads/Joel refs/remotes/Joel [2ms]
[2022-05-10T20:33:09.281Z] > git for-each-ref --sort -committerdate --format %(refname) %(objectname) %(*objectname) [17ms]
[2022-05-10T20:33:09.282Z] > git remote --verbose [3ms]
[2022-05-10T20:33:12.299Z] > git config --get commit.template [2889ms]
[2022-05-10T20:33:17.490Z] > git status -z -uall [158ms]
[2022-05-10T20:33:17.509Z] > git symbolic-ref --short HEAD [4ms]
[2022-05-10T20:33:17.527Z] > git for-each-ref --format=%(refname)%00%(upstream:short)%00%(objectname)%00%(upstream:track)%00%(upstream:remotename)%00%(upstream:remoteref) refs/heads/Joel refs/remotes/Joel [2ms]
[2022-05-10T20:33:17.557Z] > git for-each-ref --sort -committerdate --format %(refname) %(objectname) %(*objectname) [15ms]
[2022-05-10T20:33:17.558Z] > git remote --verbose [2ms]
[2022-05-10T20:33:17.680Z] > git config --get commit.template [5ms]
[2022-05-10T20:33:22.821Z] > git status -z -uall [123ms]
[2022-05-10T20:33:22.839Z] > git symbolic-ref --short HEAD [2ms]
[2022-05-10T20:33:22.858Z] > git for-each-ref --format=%(refname)%00%(upstream:short)%00%(objectname)%00%(upstream:track)%00%(upstream:remotename)%00%(upstream:remoteref) refs/heads/Joel refs/remotes/Joel [3ms]
[2022-05-10T20:33:22.889Z] > git for-each-ref --sort -committerdate --format %(refname) %(objectname) %(*objectname) [16ms]
[2022-05-10T20:33:22.890Z] > git remote --verbose [3ms]
[2022-05-10T20:33:23.010Z] > git config --get commit.template [8ms]
[2022-05-10T20:33:28.191Z] > git status -z -uall [150ms]
[2022-05-10T20:33:28.210Z] > git symbolic-ref --short HEAD [4ms]
[2022-05-10T20:33:28.227Z] > git for-each-ref --format=%(refname)%00%(upstream:short)%00%(objectname)%00%(upstream:track)%00%(upstream:remotename)%00%(upstream:remoteref) refs/heads/Joel refs/remotes/Joel [3ms]
[2022-05-10T20:33:28.257Z] > git for-each-ref --sort -committerdate --format %(refname) %(objectname) %(*objectname) [16ms]
[2022-05-10T20:33:28.258Z] > git remote --verbose [3ms]
[2022-05-10T20:33:31.276Z] > git config --get commit.template [2885ms]
[2022-05-10T20:33:36.446Z] > git status -z -uall [138ms]
[2022-05-10T20:33:36.465Z] > git symbolic-ref --short HEAD [5ms]
[2022-05-10T20:33:36.483Z] > git for-each-ref --format=%(refname)%00%(upstream:short)%00%(objectname)%00%(upstream:track)%00%(upstream:remotename)%00%(upstream:remoteref) refs/heads/Joel refs/remotes/Joel [2ms]
[2022-05-10T20:33:36.513Z] > git for-each-ref --sort -committerdate --format %(refname) %(objectname) %(*objectname) [16ms]
[2022-05-10T20:33:36.514Z] > git remote --verbose [2ms]
[2022-05-10T20:33:36.659Z] > git config --get commit.template [24ms]
[2022-05-10T20:33:41.847Z] > git status -z -uall [155ms]
[2022-05-10T20:33:41.868Z] > git symbolic-ref --short HEAD [2ms]
[2022-05-10T20:33:41.885Z] > git for-each-ref --format=%(refname)%00%(upstream:short)%00%(objectname)%00%(upstream:track)%00%(upstream:remotename)%00%(upstream:remoteref) refs/heads/Joel refs/remotes/Joel [2ms]
[2022-05-10T20:33:41.915Z] > git for-each-ref --sort -committerdate --format %(refname) %(objectname) %(*objectname) [16ms]
[2022-05-10T20:33:41.916Z] > git remote --verbose [3ms]
[2022-05-10T20:33:44.929Z] > git config --get commit.template [2899ms]
[2022-05-10T20:33:50.102Z] > git status -z -uall [137ms]
[2022-05-10T20:33:50.120Z] > git symbolic-ref --short HEAD [2ms]
[2022-05-10T20:33:50.140Z] > git for-each-ref --format=%(refname)%00%(upstream:short)%00%(objectname)%00%(upstream:track)%00%(upstream:remotename)%00%(upstream:remoteref) refs/heads/Joel refs/remotes/Joel [3ms]
[2022-05-10T20:33:50.179Z] > git for-each-ref --sort -committerdate --format %(refname) %(objectname) %(*objectname) [23ms]
[2022-05-10T20:33:50.180Z] > git remote --verbose [2ms]
[2022-05-10T20:33:53.196Z] > git config --get commit.template [2888ms]
[2022-05-10T20:33:58.397Z] > git status -z -uall [168ms]
[2022-05-10T20:33:58.414Z] > git symbolic-ref --short HEAD [2ms]
[2022-05-10T20:33:58.433Z] > git for-each-ref --format=%(refname)%00%(upstream:short)%00%(objectname)%00%(upstream:track)%00%(upstream:remotename)%00%(upstream:remoteref) refs/heads/Joel refs/remotes/Joel [3ms]
[2022-05-10T20:33:58.463Z] > git for-each-ref --sort -committerdate --format %(refname) %(objectname) %(*objectname) [16ms]
[2022-05-10T20:33:58.464Z] > git remote --verbose [3ms]
[2022-05-10T20:34:01.522Z] > git config --get commit.template [2925ms]
[2022-05-10T20:34:06.709Z] > git status -z -uall [143ms]
[2022-05-10T20:34:06.735Z] > git symbolic-ref --short HEAD [6ms]
[2022-05-10T20:34:06.755Z] > git for-each-ref --format=%(refname)%00%(upstream:short)%00%(objectname)%00%(upstream:track)%00%(upstream:remotename)%00%(upstream:remoteref) refs/heads/Joel refs/remotes/Joel [4ms]
[2022-05-10T20:34:06.785Z] > git for-each-ref --sort -committerdate --format %(refname) %(objectname) %(*objectname) [16ms]
[2022-05-10T20:34:06.786Z] > git remote --verbose [3ms]
[2022-05-10T20:34:06.908Z] > git config --get commit.template [2ms]
[2022-05-10T20:34:12.088Z] > git status -z -uall [144ms]
[2022-05-10T20:34:12.105Z] > git symbolic-ref --short HEAD [2ms]
[2022-05-10T20:34:12.124Z] > git for-each-ref --format=%(refname)%00%(upstream:short)%00%(objectname)%00%(upstream:track)%00%(upstream:remotename)%00%(upstream:remoteref) refs/heads/Joel refs/remotes/Joel [3ms]
[2022-05-10T20:34:12.154Z] > git for-each-ref --sort -committerdate --format %(refname) %(objectname) %(*objectname) [16ms]
[2022-05-10T20:34:12.155Z] > git remote --verbose [3ms]
[2022-05-10T20:34:12.277Z] > git config --get commit.template [10ms]
[2022-05-10T20:34:17.488Z] > git status -z -uall [175ms]
[2022-05-10T20:34:17.509Z] > git symbolic-ref --short HEAD [5ms]
[2022-05-10T20:34:17.527Z] > git for-each-ref --format=%(refname)%00%(upstream:short)%00%(objectname)%00%(upstream:track)%00%(upstream:remotename)%00%(upstream:remoteref) refs/heads/Joel refs/remotes/Joel [3ms]
[2022-05-10T20:34:17.559Z] > git for-each-ref --sort -committerdate --format %(refname) %(objectname) %(*objectname) [17ms]
[2022-05-10T20:34:17.560Z] > git remote --verbose [3ms]
[2022-05-10T20:34:20.578Z] > git config --get commit.template [2891ms]
[2022-05-10T20:34:25.763Z] > git status -z -uall [152ms]
[2022-05-10T20:34:25.781Z] > git symbolic-ref --short HEAD [4ms]
[2022-05-10T20:34:25.799Z] > git for-each-ref --format=%(refname)%00%(upstream:short)%00%(objectname)%00%(upstream:track)%00%(upstream:remotename)%00%(upstream:remoteref) refs/heads/Joel refs/remotes/Joel [3ms]
[2022-05-10T20:34:25.829Z] > git for-each-ref --sort -committerdate --format %(refname) %(objectname) %(*objectname) [16ms]
[2022-05-10T20:34:25.829Z] > git remote --verbose [2ms]
[2022-05-10T20:34:28.882Z] > git config --get commit.template [2921ms]
[2022-05-10T20:34:34.053Z] > git status -z -uall [130ms]
[2022-05-10T20:34:34.071Z] > git symbolic-ref --short HEAD [4ms]
[2022-05-10T20:34:34.087Z] > git for-each-ref --format=%(refname)%00%(upstream:short)%00%(objectname)%00%(upstream:track)%00%(upstream:remotename)%00%(upstream:remoteref) refs/heads/Joel refs/remotes/Joel [2ms]
[2022-05-10T20:34:34.116Z] > git for-each-ref --sort -committerdate --format %(refname) %(objectname) %(*objectname) [15ms]
[2022-05-10T20:34:34.116Z] > git remote --verbose [2ms]
[2022-05-10T20:34:37.136Z] > git config --get commit.template [2903ms]
[2022-05-10T20:34:42.315Z] > git status -z -uall [148ms]
[2022-05-10T20:34:42.334Z] > git symbolic-ref --short HEAD [5ms]
[2022-05-10T20:34:42.351Z] > git for-each-ref --format=%(refname)%00%(upstream:short)%00%(objectname)%00%(upstream:track)%00%(upstream:remotename)%00%(upstream:remoteref) refs/heads/Joel refs/remotes/Joel [3ms]
[2022-05-10T20:34:42.380Z] > git for-each-ref --sort -committerdate --format %(refname) %(objectname) %(*objectname) [15ms]
[2022-05-10T20:34:42.381Z] > git remote --verbose [3ms]
[2022-05-10T20:34:42.496Z] > git config --get commit.template [2ms]
[2022-05-10T20:34:47.664Z] > git status -z -uall [137ms]
[2022-05-10T20:34:47.681Z] > git symbolic-ref --short HEAD [2ms]
[2022-05-10T20:34:47.698Z] > git for-each-ref --format=%(refname)%00%(upstream:short)%00%(objectname)%00%(upstream:track)%00%(upstream:remotename)%00%(upstream:remoteref) refs/heads/Joel refs/remotes/Joel [2ms]
[2022-05-10T20:34:47.729Z] > git for-each-ref --sort -committerdate --format %(refname) %(objectname) %(*objectname) [16ms]
[2022-05-10T20:34:47.730Z] > git remote --verbose [2ms]
[2022-05-10T20:34:47.848Z] > git config --get commit.template [7ms]
[2022-05-10T20:34:56.016Z] > git status -z -uall [167ms]
[2022-05-10T20:34:56.042Z] > git symbolic-ref --short HEAD [9ms]
[2022-05-10T20:34:56.066Z] > git for-each-ref --format=%(refname)%00%(upstream:short)%00%(objectname)%00%(upstream:track)%00%(upstream:remotename)%00%(upstream:remoteref) refs/heads/Joel refs/remotes/Joel [3ms]
[2022-05-10T20:34:56.105Z] > git for-each-ref --sort -committerdate --format %(refname) %(objectname) %(*objectname) [20ms]
[2022-05-10T20:34:56.106Z] > git remote --verbose [3ms]
[2022-05-10T20:35:00.400Z] > git config --get commit.template [15ms]
[2022-05-10T20:35:05.593Z] > git status -z -uall [155ms]
[2022-05-10T20:35:05.613Z] > git symbolic-ref --short HEAD [5ms]
[2022-05-10T20:35:05.630Z] > git for-each-ref --format=%(refname)%00%(upstream:short)%00%(objectname)%00%(upstream:track)%00%(upstream:remotename)%00%(upstream:remoteref) refs/heads/Joel refs/remotes/Joel [3ms]
[2022-05-10T20:35:05.659Z] > git for-each-ref --sort -committerdate --format %(refname) %(objectname) %(*objectname) [15ms]
[2022-05-10T20:35:05.660Z] > git remote --verbose [2ms]
[2022-05-10T20:35:05.776Z] > git config --get commit.template [5ms]
[2022-05-10T20:35:10.924Z] > git status -z -uall [130ms]
[2022-05-10T20:35:10.942Z] > git symbolic-ref --short HEAD [1ms]
[2022-05-10T20:35:10.963Z] > git for-each-ref --format=%(refname)%00%(upstream:short)%00%(objectname)%00%(upstream:track)%00%(upstream:remotename)%00%(upstream:remoteref) refs/heads/Joel refs/remotes/Joel [2ms]
[2022-05-10T20:35:10.999Z] > git for-each-ref --sort -committerdate --format %(refname) %(objectname) %(*objectname) [18ms]
[2022-05-10T20:35:11.000Z] > git remote --verbose [3ms]
[2022-05-10T20:35:15.473Z] > git config --get commit.template [4339ms]
