[2022-05-14 16:28:00.170] [exthost] [info] Extension host with pid 81 started
[2022-05-14 16:28:00.190] [exthost] [error] Error: EEXIST: file already exists, open '/home/jtorne2/.vscode-server/data/User/workspaceStorage/faf95380bff7befa0e8455c263d445cf/vscode.lock'
[2022-05-14 16:28:00.281] [exthost] [info] Lock '/home/jtorne2/.vscode-server/data/User/workspaceStorage/faf95380bff7befa0e8455c263d445cf/vscode.lock': Could not acquire lock, checking if the file is stale.
[2022-05-14 16:28:00.397] [exthost] [info] Lock '/home/jtorne2/.vscode-server/data/User/workspaceStorage/faf95380bff7befa0e8455c263d445cf/vscode.lock': The pid 117 appears to be gone.
[2022-05-14 16:28:00.397] [exthost] [info] Lock '/home/jtorne2/.vscode-server/data/User/workspaceStorage/faf95380bff7befa0e8455c263d445cf/vscode.lock': Deleting a stale lock.
[2022-05-14 16:28:00.711] [exthost] [info] Lock '/home/jtorne2/.vscode-server/data/User/workspaceStorage/faf95380bff7befa0e8455c263d445cf/vscode.lock': Lock acquired.
[2022-05-14 16:28:01.166] [exthost] [info] ExtensionService#_doActivateExtension cschlosser.doxdocgen, startup: false, activationEvent: 'onLanguage:c'
[2022-05-14 16:28:01.979] [exthost] [info] ExtensionService#_doActivateExtension ms-vscode.cpptools, startup: false, activationEvent: 'onLanguage:c', root cause: franneck94.c-cpp-runner
[2022-05-14 16:28:03.582] [exthost] [info] ExtensionService#_doActivateExtension vadimcn.vscode-lldb, startup: false, activationEvent: 'onLanguage:c', root cause: franneck94.c-cpp-runner
[2022-05-14 16:28:03.709] [exthost] [info] ExtensionService#_doActivateExtension vscode.debug-auto-launch, startup: true, activationEvent: '*'
[2022-05-14 16:28:03.758] [exthost] [info] ExtensionService#_doActivateExtension vscode.git-base, startup: true, activationEvent: '*', root cause: vscode.git
[2022-05-14 16:28:03.828] [exthost] [info] ExtensionService#_doActivateExtension vscode.ipynb, startup: true, activationEvent: '*'
[2022-05-14 16:28:04.699] [exthost] [info] ExtensionService#_doActivateExtension vscode.git, startup: true, activationEvent: '*'
[2022-05-14 16:28:05.508] [exthost] [info] ExtensionService#_doActivateExtension vscode.github, startup: true, activationEvent: '*'
[2022-05-14 16:28:08.663] [exthost] [info] ExtensionService#_doActivateExtension vscode.configuration-editing, startup: false, activationEvent: 'onLanguage:json'
[2022-05-14 16:28:08.742] [exthost] [info] ExtensionService#_doActivateExtension vscode.extension-editing, startup: false, activationEvent: 'onLanguage:json'
[2022-05-14 16:28:08.918] [exthost] [info] ExtensionService#_doActivateExtension vscode.json-language-features, startup: false, activationEvent: 'onLanguage:json'
[2022-05-14 16:28:09.695] [exthost] [info] ExtensionService#_doActivateExtension vscode.npm, startup: false, activationEvent: 'onLanguage:json'
[2022-05-14 16:28:12.222] [exthost] [info] ExtensionService#_doActivateExtension franneck94.c-cpp-runner, startup: false, activationEvent: 'onLanguage:c'
[2022-05-14 16:28:12.635] [exthost] [info] ExtensionService#_doActivateExtension vscode.typescript-language-features, startup: false, activationEvent: 'onLanguage:jsonc'
[2022-05-14 16:28:13.179] [exthost] [info] ExtensionService#_doActivateExtension vscode.emmet, startup: false, activationEvent: 'onStartupFinished'
[2022-05-14 16:28:13.321] [exthost] [info] ExtensionService#_doActivateExtension vscode.merge-conflict, startup: false, activationEvent: 'onStartupFinished'
[2022-05-14 16:28:13.367] [exthost] [info] ExtensionService#_doActivateExtension formulahendry.code-runner, startup: false, activationEvent: 'onStartupFinished'
[2022-05-14 16:28:13.669] [exthost] [info] Eager extensions activated
[2022-05-14 16:28:16.372] [exthost] [warning] [Decorations] CAPPING events from decorations provider vscode.git 4105
[2022-05-14 17:03:03.830] [exthost] [warning] [Decorations] CAPPING events from decorations provider vscode.git 4107
[2022-05-14 17:03:14.504] [exthost] [warning] [Decorations] CAPPING events from decorations provider vscode.git 4107
[2022-05-14 17:03:23.743] [exthost] [warning] [Decorations] CAPPING events from decorations provider vscode.git 4107
[2022-05-14 17:03:32.698] [exthost] [warning] [Decorations] CAPPING events from decorations provider vscode.git 4107
[2022-05-14 17:03:41.692] [exthost] [warning] [Decorations] CAPPING events from decorations provider vscode.git 4107
[2022-05-14 17:03:52.687] [exthost] [warning] [Decorations] CAPPING events from decorations provider vscode.git 4107
[2022-05-14 17:04:02.280] [exthost] [warning] [Decorations] CAPPING events from decorations provider vscode.git 4108
[2022-05-14 17:04:12.495] [exthost] [warning] [Decorations] CAPPING events from decorations provider vscode.git 4107
[2022-05-14 17:04:22.361] [exthost] [warning] [Decorations] CAPPING events from decorations provider vscode.git 4107
[2022-05-14 17:04:31.238] [exthost] [warning] [Decorations] CAPPING events from decorations provider vscode.git 4107
[2022-05-14 17:04:40.056] [exthost] [warning] [Decorations] CAPPING events from decorations provider vscode.git 4107
[2022-05-14 17:04:49.430] [exthost] [warning] [Decorations] CAPPING events from decorations provider vscode.git 4107
[2022-05-14 17:04:58.839] [exthost] [warning] [Decorations] CAPPING events from decorations provider vscode.git 4108
[2022-05-14 17:05:08.978] [exthost] [warning] [Decorations] CAPPING events from decorations provider vscode.git 4107
[2022-05-14 17:05:18.916] [exthost] [warning] [Decorations] CAPPING events from decorations provider vscode.git 4107
[2022-05-14 17:05:28.198] [exthost] [warning] [Decorations] CAPPING events from decorations provider vscode.git 4108
[2022-05-14 17:05:37.496] [exthost] [warning] [Decorations] CAPPING events from decorations provider vscode.git 4107
[2022-05-14 17:05:46.777] [exthost] [warning] [Decorations] CAPPING events from decorations provider vscode.git 4107
[2022-05-14 17:05:55.912] [exthost] [warning] [Decorations] CAPPING events from decorations provider vscode.git 4107
[2022-05-14 17:06:05.028] [exthost] [warning] [Decorations] CAPPING events from decorations provider vscode.git 4107
[2022-05-14 17:06:14.346] [exthost] [warning] [Decorations] CAPPING events from decorations provider vscode.git 4107
[2022-05-14 17:06:25.540] [exthost] [warning] [Decorations] CAPPING events from decorations provider vscode.git 4107
[2022-05-14 17:06:34.509] [exthost] [warning] [Decorations] CAPPING events from decorations provider vscode.git 4106
[2022-05-14 17:06:43.619] [exthost] [warning] [Decorations] CAPPING events from decorations provider vscode.git 4106
[2022-05-14 17:06:52.744] [exthost] [warning] [Decorations] CAPPING events from decorations provider vscode.git 4106
[2022-05-14 17:07:01.661] [exthost] [warning] [Decorations] CAPPING events from decorations provider vscode.git 4106
[2022-05-14 17:07:10.980] [exthost] [warning] [Decorations] CAPPING events from decorations provider vscode.git 4106
[2022-05-14 17:07:20.030] [exthost] [warning] [Decorations] CAPPING events from decorations provider vscode.git 4106
[2022-05-14 17:07:29.121] [exthost] [warning] [Decorations] CAPPING events from decorations provider vscode.git 4107
[2022-05-14 17:07:38.332] [exthost] [warning] [Decorations] CAPPING events from decorations provider vscode.git 4107
[2022-05-14 17:07:47.717] [exthost] [warning] [Decorations] CAPPING events from decorations provider vscode.git 4107
[2022-05-14 17:07:57.019] [exthost] [warning] [Decorations] CAPPING events from decorations provider vscode.git 4107
[2022-05-14 17:08:07.456] [exthost] [warning] [Decorations] CAPPING events from decorations provider vscode.git 4107
[2022-05-14 17:08:16.355] [exthost] [warning] [Decorations] CAPPING events from decorations provider vscode.git 4107
[2022-05-14 17:08:25.470] [exthost] [warning] [Decorations] CAPPING events from decorations provider vscode.git 4107
[2022-05-14 17:08:34.498] [exthost] [warning] [Decorations] CAPPING events from decorations provider vscode.git 4107
[2022-05-14 17:08:43.963] [exthost] [warning] [Decorations] CAPPING events from decorations provider vscode.git 4107
[2022-05-14 17:12:31.209] [exthost] [warning] [Decorations] CAPPING events from decorations provider vscode.git 4107
[2022-05-14 17:12:42.243] [exthost] [warning] [Decorations] CAPPING events from decorations provider vscode.git 4108
[2022-05-14 17:12:51.763] [exthost] [warning] [Decorations] CAPPING events from decorations provider vscode.git 4107
[2022-05-14 17:13:01.429] [exthost] [warning] [Decorations] CAPPING events from decorations provider vscode.git 4107
[2022-05-14 17:13:10.696] [exthost] [warning] [Decorations] CAPPING events from decorations provider vscode.git 4107
[2022-05-14 17:13:19.987] [exthost] [warning] [Decorations] CAPPING events from decorations provider vscode.git 4107
[2022-05-14 17:13:28.977] [exthost] [warning] [Decorations] CAPPING events from decorations provider vscode.git 4107
[2022-05-14 17:13:38.240] [exthost] [warning] [Decorations] CAPPING events from decorations provider vscode.git 4108
[2022-05-14 17:13:47.707] [exthost] [warning] [Decorations] CAPPING events from decorations provider vscode.git 4107
[2022-05-14 17:13:57.394] [exthost] [warning] [Decorations] CAPPING events from decorations provider vscode.git 4107
[2022-05-14 17:14:06.891] [exthost] [warning] [Decorations] CAPPING events from decorations provider vscode.git 4108
[2022-05-14 17:14:17.392] [exthost] [warning] [Decorations] CAPPING events from decorations provider vscode.git 4107
[2022-05-14 17:19:01.810] [exthost] [warning] [Decorations] CAPPING events from decorations provider vscode.git 4107
[2022-05-14 17:19:11.099] [exthost] [warning] [Decorations] CAPPING events from decorations provider vscode.git 4108
[2022-05-14 17:19:20.075] [exthost] [warning] [Decorations] CAPPING events from decorations provider vscode.git 4107
[2022-05-14 17:19:29.264] [exthost] [warning] [Decorations] CAPPING events from decorations provider vscode.git 4107
[2022-05-14 17:19:40.686] [exthost] [warning] [Decorations] CAPPING events from decorations provider vscode.git 4107
[2022-05-14 17:19:50.221] [exthost] [warning] [Decorations] CAPPING events from decorations provider vscode.git 4107
[2022-05-14 17:19:59.518] [exthost] [warning] [Decorations] CAPPING events from decorations provider vscode.git 4108
[2022-05-14 17:20:10.066] [exthost] [warning] [Decorations] CAPPING events from decorations provider vscode.git 4107
[2022-05-14 17:20:20.849] [exthost] [warning] [Decorations] CAPPING events from decorations provider vscode.git 4107
[2022-05-14 17:20:34.364] [exthost] [warning] [Decorations] CAPPING events from decorations provider vscode.git 4107
[2022-05-14 17:20:44.009] [exthost] [warning] [Decorations] CAPPING events from decorations provider vscode.git 4107
[2022-05-14 17:20:53.213] [exthost] [warning] [Decorations] CAPPING events from decorations provider vscode.git 4107
[2022-05-14 17:21:05.941] [exthost] [warning] [Decorations] CAPPING events from decorations provider vscode.git 4107
[2022-05-14 17:21:16.241] [exthost] [warning] [Decorations] CAPPING events from decorations provider vscode.git 4107
[2022-05-14 17:21:25.589] [exthost] [warning] [Decorations] CAPPING events from decorations provider vscode.git 4107
[2022-05-14 17:21:34.995] [exthost] [warning] [Decorations] CAPPING events from decorations provider vscode.git 4108
[2022-05-14 17:21:44.553] [exthost] [warning] [Decorations] CAPPING events from decorations provider vscode.git 4107
[2022-05-14 17:21:53.983] [exthost] [warning] [Decorations] CAPPING events from decorations provider vscode.git 4107
[2022-05-14 17:22:02.984] [exthost] [warning] [Decorations] CAPPING events from decorations provider vscode.git 4107
[2022-05-14 17:22:11.989] [exthost] [warning] [Decorations] CAPPING events from decorations provider vscode.git 4107
[2022-05-14 17:22:21.250] [exthost] [warning] [Decorations] CAPPING events from decorations provider vscode.git 4107
[2022-05-14 17:22:30.819] [exthost] [warning] [Decorations] CAPPING events from decorations provider vscode.git 4108
[2022-05-14 17:22:40.195] [exthost] [warning] [Decorations] CAPPING events from decorations provider vscode.git 4107
[2022-05-14 17:22:49.474] [exthost] [warning] [Decorations] CAPPING events from decorations provider vscode.git 4107
[2022-05-14 17:22:59.174] [exthost] [warning] [Decorations] CAPPING events from decorations provider vscode.git 4107
[2022-05-14 17:23:10.375] [exthost] [warning] [Decorations] CAPPING events from decorations provider vscode.git 4107
[2022-05-14 17:23:19.573] [exthost] [warning] [Decorations] CAPPING events from decorations provider vscode.git 4108
[2022-05-14 17:23:29.353] [exthost] [warning] [Decorations] CAPPING events from decorations provider vscode.git 4108
[2022-05-14 17:23:39.296] [exthost] [warning] [Decorations] CAPPING events from decorations provider vscode.git 4107
[2022-05-14 17:23:49.591] [exthost] [warning] [Decorations] CAPPING events from decorations provider vscode.git 4107
[2022-05-14 17:24:00.549] [exthost] [warning] [Decorations] CAPPING events from decorations provider vscode.git 4107
[2022-05-14 17:24:10.363] [exthost] [warning] [Decorations] CAPPING events from decorations provider vscode.git 4108
[2022-05-14 17:24:20.182] [exthost] [warning] [Decorations] CAPPING events from decorations provider vscode.git 4108
[2022-05-14 17:24:30.497] [exthost] [warning] [Decorations] CAPPING events from decorations provider vscode.git 4107
[2022-05-14 17:24:39.793] [exthost] [warning] [Decorations] CAPPING events from decorations provider vscode.git 4107
[2022-05-14 17:24:49.034] [exthost] [warning] [Decorations] CAPPING events from decorations provider vscode.git 4107
[2022-05-14 17:24:58.200] [exthost] [warning] [Decorations] CAPPING events from decorations provider vscode.git 4107
[2022-05-14 17:25:07.867] [exthost] [warning] [Decorations] CAPPING events from decorations provider vscode.git 4107
[2022-05-14 17:25:17.016] [exthost] [warning] [Decorations] CAPPING events from decorations provider vscode.git 4107
[2022-05-14 17:25:28.034] [exthost] [warning] [Decorations] CAPPING events from decorations provider vscode.git 4107
[2022-05-14 17:25:37.833] [exthost] [warning] [Decorations] CAPPING events from decorations provider vscode.git 4108
[2022-05-14 17:25:47.371] [exthost] [warning] [Decorations] CAPPING events from decorations provider vscode.git 4107
[2022-05-14 17:25:57.030] [exthost] [warning] [Decorations] CAPPING events from decorations provider vscode.git 4107
[2022-05-14 17:26:06.375] [exthost] [warning] [Decorations] CAPPING events from decorations provider vscode.git 4107
[2022-05-14 17:26:16.540] [exthost] [warning] [Decorations] CAPPING events from decorations provider vscode.git 4107
[2022-05-14 17:26:28.236] [exthost] [warning] [Decorations] CAPPING events from decorations provider vscode.git 4107
[2022-05-14 17:26:38.047] [exthost] [warning] [Decorations] CAPPING events from decorations provider vscode.git 4108
[2022-05-14 17:26:47.127] [exthost] [warning] [Decorations] CAPPING events from decorations provider vscode.git 4107
[2022-05-14 17:26:56.109] [exthost] [warning] [Decorations] CAPPING events from decorations provider vscode.git 4107
[2022-05-14 17:27:05.034] [exthost] [warning] [Decorations] CAPPING events from decorations provider vscode.git 4107
[2022-05-14 17:27:15.994] [exthost] [warning] [Decorations] CAPPING events from decorations provider vscode.git 4107
[2022-05-14 17:27:26.835] [exthost] [warning] [Decorations] CAPPING events from decorations provider vscode.git 4107
[2022-05-14 17:27:36.658] [exthost] [warning] [Decorations] CAPPING events from decorations provider vscode.git 4106
[2022-05-14 17:27:45.884] [exthost] [warning] [Decorations] CAPPING events from decorations provider vscode.git 4107
[2022-05-14 17:27:55.275] [exthost] [warning] [Decorations] CAPPING events from decorations provider vscode.git 4107
[2022-05-14 17:28:04.957] [exthost] [warning] [Decorations] CAPPING events from decorations provider vscode.git 4107
[2022-05-14 17:28:13.973] [exthost] [warning] [Decorations] CAPPING events from decorations provider vscode.git 4107
[2022-05-14 17:28:23.372] [exthost] [warning] [Decorations] CAPPING events from decorations provider vscode.git 4107
[2022-05-14 17:28:32.497] [exthost] [warning] [Decorations] CAPPING events from decorations provider vscode.git 4107
[2022-05-14 17:28:43.476] [exthost] [warning] [Decorations] CAPPING events from decorations provider vscode.git 4107
[2022-05-14 17:28:53.675] [exthost] [warning] [Decorations] CAPPING events from decorations provider vscode.git 4108
[2022-05-14 17:29:02.917] [exthost] [warning] [Decorations] CAPPING events from decorations provider vscode.git 4107
[2022-05-14 17:29:12.847] [exthost] [warning] [Decorations] CAPPING events from decorations provider vscode.git 4107
[2022-05-14 17:29:21.894] [exthost] [warning] [Decorations] CAPPING events from decorations provider vscode.git 4107
[2022-05-14 17:29:30.854] [exthost] [warning] [Decorations] CAPPING events from decorations provider vscode.git 4107
[2022-05-14 17:29:39.842] [exthost] [warning] [Decorations] CAPPING events from decorations provider vscode.git 4107
[2022-05-14 17:29:48.865] [exthost] [warning] [Decorations] CAPPING events from decorations provider vscode.git 4107
[2022-05-14 17:29:58.308] [exthost] [warning] [Decorations] CAPPING events from decorations provider vscode.git 4107
[2022-05-14 17:30:08.869] [exthost] [warning] [Decorations] CAPPING events from decorations provider vscode.git 4107
[2022-05-14 17:30:22.764] [exthost] [warning] [Decorations] CAPPING events from decorations provider vscode.git 4107
[2022-05-14 17:30:32.009] [exthost] [warning] [Decorations] CAPPING events from decorations provider vscode.git 4107
[2022-05-14 17:30:42.140] [exthost] [warning] [Decorations] CAPPING events from decorations provider vscode.git 4107
[2022-05-14 17:30:52.959] [exthost] [warning] [Decorations] CAPPING events from decorations provider vscode.git 4107
[2022-05-14 17:31:02.398] [exthost] [warning] [Decorations] CAPPING events from decorations provider vscode.git 4107
[2022-05-14 17:31:11.439] [exthost] [warning] [Decorations] CAPPING events from decorations provider vscode.git 4107
[2022-05-14 17:31:20.464] [exthost] [warning] [Decorations] CAPPING events from decorations provider vscode.git 4107
[2022-05-14 17:31:29.454] [exthost] [warning] [Decorations] CAPPING events from decorations provider vscode.git 4107
[2022-05-14 17:31:38.746] [exthost] [warning] [Decorations] CAPPING events from decorations provider vscode.git 4107
[2022-05-14 17:31:49.735] [exthost] [warning] [Decorations] CAPPING events from decorations provider vscode.git 4107
[2022-05-14 17:31:59.157] [exthost] [warning] [Decorations] CAPPING events from decorations provider vscode.git 4108
[2022-05-14 17:32:08.514] [exthost] [warning] [Decorations] CAPPING events from decorations provider vscode.git 4107
[2022-05-14 17:32:18.108] [exthost] [warning] [Decorations] CAPPING events from decorations provider vscode.git 4107
[2022-05-14 17:32:27.670] [exthost] [warning] [Decorations] CAPPING events from decorations provider vscode.git 4107
[2022-05-14 17:32:37.231] [exthost] [warning] [Decorations] CAPPING events from decorations provider vscode.git 4107
[2022-05-14 17:32:46.988] [exthost] [warning] [Decorations] CAPPING events from decorations provider vscode.git 4107
[2022-05-14 17:32:57.463] [exthost] [warning] [Decorations] CAPPING events from decorations provider vscode.git 4107
[2022-05-14 17:33:07.326] [exthost] [warning] [Decorations] CAPPING events from decorations provider vscode.git 4107
[2022-05-14 17:33:17.636] [exthost] [warning] [Decorations] CAPPING events from decorations provider vscode.git 4107
[2022-05-14 17:33:27.078] [exthost] [warning] [Decorations] CAPPING events from decorations provider vscode.git 4108
[2022-05-14 17:33:36.989] [exthost] [warning] [Decorations] CAPPING events from decorations provider vscode.git 4107
[2022-05-14 17:33:46.593] [exthost] [warning] [Decorations] CAPPING events from decorations provider vscode.git 4107
[2022-05-14 17:33:56.805] [exthost] [warning] [Decorations] CAPPING events from decorations provider vscode.git 4108
[2022-05-14 17:34:06.852] [exthost] [warning] [Decorations] CAPPING events from decorations provider vscode.git 4107
[2022-05-14 17:34:16.994] [exthost] [warning] [Decorations] CAPPING events from decorations provider vscode.git 4107
[2022-05-14 17:34:27.047] [exthost] [warning] [Decorations] CAPPING events from decorations provider vscode.git 4107
[2022-05-14 17:34:37.241] [exthost] [warning] [Decorations] CAPPING events from decorations provider vscode.git 4107
[2022-05-14 17:34:47.506] [exthost] [warning] [Decorations] CAPPING events from decorations provider vscode.git 4107
[2022-05-14 17:34:57.027] [exthost] [warning] [Decorations] CAPPING events from decorations provider vscode.git 4107
[2022-05-14 17:35:06.042] [exthost] [warning] [Decorations] CAPPING events from decorations provider vscode.git 4107
[2022-05-14 17:35:15.137] [exthost] [warning] [Decorations] CAPPING events from decorations provider vscode.git 4107
[2022-05-14 17:35:24.220] [exthost] [warning] [Decorations] CAPPING events from decorations provider vscode.git 4107
[2022-05-14 17:35:33.162] [exthost] [warning] [Decorations] CAPPING events from decorations provider vscode.git 4107
[2022-05-14 17:35:42.163] [exthost] [warning] [Decorations] CAPPING events from decorations provider vscode.git 4107
[2022-05-14 17:35:51.303] [exthost] [warning] [Decorations] CAPPING events from decorations provider vscode.git 4107
[2022-05-14 17:36:01.034] [exthost] [warning] [Decorations] CAPPING events from decorations provider vscode.git 4107
[2022-05-14 17:36:10.137] [exthost] [warning] [Decorations] CAPPING events from decorations provider vscode.git 4107
[2022-05-14 17:36:19.552] [exthost] [warning] [Decorations] CAPPING events from decorations provider vscode.git 4107
[2022-05-14 17:36:28.946] [exthost] [warning] [Decorations] CAPPING events from decorations provider vscode.git 4107
[2022-05-14 17:36:39.260] [exthost] [warning] [Decorations] CAPPING events from decorations provider vscode.git 4107
[2022-05-14 17:36:48.838] [exthost] [warning] [Decorations] CAPPING events from decorations provider vscode.git 4107
[2022-05-14 17:36:58.316] [exthost] [warning] [Decorations] CAPPING events from decorations provider vscode.git 4108
[2022-05-14 17:37:07.806] [exthost] [warning] [Decorations] CAPPING events from decorations provider vscode.git 4107
[2022-05-14 17:37:18.397] [exthost] [warning] [Decorations] CAPPING events from decorations provider vscode.git 4107
[2022-05-14 17:37:27.601] [exthost] [warning] [Decorations] CAPPING events from decorations provider vscode.git 4107
[2022-05-14 17:37:36.683] [exthost] [warning] [Decorations] CAPPING events from decorations provider vscode.git 4107
[2022-05-14 17:37:45.722] [exthost] [warning] [Decorations] CAPPING events from decorations provider vscode.git 4107
[2022-05-14 17:37:55.021] [exthost] [warning] [Decorations] CAPPING events from decorations provider vscode.git 4107
[2022-05-14 17:38:04.204] [exthost] [warning] [Decorations] CAPPING events from decorations provider vscode.git 4107
[2022-05-14 17:38:13.379] [exthost] [warning] [Decorations] CAPPING events from decorations provider vscode.git 4107
[2022-05-14 17:38:22.647] [exthost] [warning] [Decorations] CAPPING events from decorations provider vscode.git 4107
[2022-05-14 17:38:33.613] [exthost] [warning] [Decorations] CAPPING events from decorations provider vscode.git 4107
[2022-05-14 17:38:43.672] [exthost] [warning] [Decorations] CAPPING events from decorations provider vscode.git 4108
[2022-05-14 17:38:53.278] [exthost] [warning] [Decorations] CAPPING events from decorations provider vscode.git 4107
[2022-05-14 17:39:02.742] [exthost] [warning] [Decorations] CAPPING events from decorations provider vscode.git 4108
[2022-05-14 17:39:12.878] [exthost] [warning] [Decorations] CAPPING events from decorations provider vscode.git 4107
[2022-05-14 17:39:22.643] [exthost] [warning] [Decorations] CAPPING events from decorations provider vscode.git 4107
[2022-05-14 17:39:32.559] [exthost] [warning] [Decorations] CAPPING events from decorations provider vscode.git 4107
[2022-05-14 17:39:42.130] [exthost] [warning] [Decorations] CAPPING events from decorations provider vscode.git 4107
[2022-05-14 17:39:51.436] [exthost] [warning] [Decorations] CAPPING events from decorations provider vscode.git 4107
[2022-05-14 17:40:00.754] [exthost] [warning] [Decorations] CAPPING events from decorations provider vscode.git 4107
[2022-05-14 17:40:10.025] [exthost] [warning] [Decorations] CAPPING events from decorations provider vscode.git 4107
[2022-05-14 17:40:19.821] [exthost] [warning] [Decorations] CAPPING events from decorations provider vscode.git 4107
[2022-05-14 17:40:29.263] [exthost] [warning] [Decorations] CAPPING events from decorations provider vscode.git 4107
[2022-05-14 17:40:38.442] [exthost] [warning] [Decorations] CAPPING events from decorations provider vscode.git 4107
[2022-05-14 17:40:48.172] [exthost] [warning] [Decorations] CAPPING events from decorations provider vscode.git 4107
[2022-05-14 17:40:57.352] [exthost] [warning] [Decorations] CAPPING events from decorations provider vscode.git 4107
[2022-05-14 17:41:06.554] [exthost] [warning] [Decorations] CAPPING events from decorations provider vscode.git 4107
[2022-05-14 17:41:15.605] [exthost] [warning] [Decorations] CAPPING events from decorations provider vscode.git 4107
[2022-05-14 17:41:25.192] [exthost] [warning] [Decorations] CAPPING events from decorations provider vscode.git 4107
[2022-05-14 17:41:34.203] [exthost] [warning] [Decorations] CAPPING events from decorations provider vscode.git 4107
[2022-05-14 17:41:44.329] [exthost] [warning] [Decorations] CAPPING events from decorations provider vscode.git 4107
[2022-05-14 17:41:53.468] [exthost] [warning] [Decorations] CAPPING events from decorations provider vscode.git 4107
[2022-05-14 17:42:03.036] [exthost] [warning] [Decorations] CAPPING events from decorations provider vscode.git 4107
[2022-05-14 17:42:12.325] [exthost] [warning] [Decorations] CAPPING events from decorations provider vscode.git 4107
[2022-05-14 17:42:21.628] [exthost] [warning] [Decorations] CAPPING events from decorations provider vscode.git 4107
[2022-05-14 17:42:30.666] [exthost] [warning] [Decorations] CAPPING events from decorations provider vscode.git 4107
[2022-05-14 17:42:39.723] [exthost] [warning] [Decorations] CAPPING events from decorations provider vscode.git 4107
[2022-05-14 17:42:48.814] [exthost] [warning] [Decorations] CAPPING events from decorations provider vscode.git 4107
[2022-05-14 17:42:57.830] [exthost] [warning] [Decorations] CAPPING events from decorations provider vscode.git 4107
[2022-05-14 17:43:07.410] [exthost] [warning] [Decorations] CAPPING events from decorations provider vscode.git 4107
[2022-05-14 17:43:16.924] [exthost] [warning] [Decorations] CAPPING events from decorations provider vscode.git 4108
[2022-05-14 17:43:27.206] [exthost] [warning] [Decorations] CAPPING events from decorations provider vscode.git 4107
[2022-05-14 17:43:36.454] [exthost] [warning] [Decorations] CAPPING events from decorations provider vscode.git 4107
[2022-05-14 17:43:46.137] [exthost] [warning] [Decorations] CAPPING events from decorations provider vscode.git 4107
[2022-05-14 17:43:55.262] [exthost] [warning] [Decorations] CAPPING events from decorations provider vscode.git 4107
[2022-05-14 17:44:05.259] [exthost] [warning] [Decorations] CAPPING events from decorations provider vscode.git 4107
[2022-05-14 17:44:14.610] [exthost] [warning] [Decorations] CAPPING events from decorations provider vscode.git 4107
[2022-05-14 17:44:23.559] [exthost] [warning] [Decorations] CAPPING events from decorations provider vscode.git 4107
[2022-05-14 17:44:33.050] [exthost] [warning] [Decorations] CAPPING events from decorations provider vscode.git 4107
[2022-05-14 17:44:43.099] [exthost] [warning] [Decorations] CAPPING events from decorations provider vscode.git 4107
[2022-05-14 17:44:52.363] [exthost] [warning] [Decorations] CAPPING events from decorations provider vscode.git 4107
[2022-05-14 17:45:02.187] [exthost] [warning] [Decorations] CAPPING events from decorations provider vscode.git 4107
[2022-05-14 17:45:11.795] [exthost] [warning] [Decorations] CAPPING events from decorations provider vscode.git 4107
[2022-05-14 17:45:22.175] [exthost] [warning] [Decorations] CAPPING events from decorations provider vscode.git 4106
[2022-05-14 17:45:31.420] [exthost] [warning] [Decorations] CAPPING events from decorations provider vscode.git 4106
[2022-05-14 17:45:40.952] [exthost] [warning] [Decorations] CAPPING events from decorations provider vscode.git 4107
[2022-05-14 17:45:50.109] [exthost] [warning] [Decorations] CAPPING events from decorations provider vscode.git 4107
[2022-05-14 17:45:59.590] [exthost] [warning] [Decorations] CAPPING events from decorations provider vscode.git 4107
[2022-05-14 17:46:09.156] [exthost] [warning] [Decorations] CAPPING events from decorations provider vscode.git 4108
[2022-05-14 17:46:18.518] [exthost] [warning] [Decorations] CAPPING events from decorations provider vscode.git 4107
[2022-05-14 17:46:27.875] [exthost] [warning] [Decorations] CAPPING events from decorations provider vscode.git 4107
[2022-05-14 17:46:37.003] [exthost] [warning] [Decorations] CAPPING events from decorations provider vscode.git 4107
[2022-05-14 17:46:46.474] [exthost] [warning] [Decorations] CAPPING events from decorations provider vscode.git 4108
[2022-05-14 17:46:55.997] [exthost] [warning] [Decorations] CAPPING events from decorations provider vscode.git 4108
[2022-05-14 17:47:05.072] [exthost] [warning] [Decorations] CAPPING events from decorations provider vscode.git 4107
[2022-05-14 17:47:14.784] [exthost] [warning] [Decorations] CAPPING events from decorations provider vscode.git 4107
[2022-05-14 17:47:24.427] [exthost] [warning] [Decorations] CAPPING events from decorations provider vscode.git 4107
[2022-05-14 17:47:33.944] [exthost] [warning] [Decorations] CAPPING events from decorations provider vscode.git 4107
[2022-05-14 17:47:43.255] [exthost] [warning] [Decorations] CAPPING events from decorations provider vscode.git 4106
[2022-05-14 17:47:52.533] [exthost] [warning] [Decorations] CAPPING events from decorations provider vscode.git 4106
[2022-05-14 17:48:01.782] [exthost] [warning] [Decorations] CAPPING events from decorations provider vscode.git 4107
[2022-05-14 17:48:10.995] [exthost] [warning] [Decorations] CAPPING events from decorations provider vscode.git 4107
[2022-05-14 17:48:20.040] [exthost] [warning] [Decorations] CAPPING events from decorations provider vscode.git 4107
[2022-05-14 17:48:29.751] [exthost] [warning] [Decorations] CAPPING events from decorations provider vscode.git 4107
[2022-05-14 17:48:39.158] [exthost] [warning] [Decorations] CAPPING events from decorations provider vscode.git 4107
[2022-05-14 17:48:48.317] [exthost] [warning] [Decorations] CAPPING events from decorations provider vscode.git 4107
[2022-05-14 17:48:57.462] [exthost] [warning] [Decorations] CAPPING events from decorations provider vscode.git 4107
[2022-05-14 17:49:07.816] [exthost] [warning] [Decorations] CAPPING events from decorations provider vscode.git 4107
[2022-05-14 17:49:17.838] [exthost] [warning] [Decorations] CAPPING events from decorations provider vscode.git 4108
[2022-05-14 17:49:27.227] [exthost] [warning] [Decorations] CAPPING events from decorations provider vscode.git 4107
[2022-05-14 17:49:36.372] [exthost] [warning] [Decorations] CAPPING events from decorations provider vscode.git 4107
[2022-05-14 17:49:46.095] [exthost] [warning] [Decorations] CAPPING events from decorations provider vscode.git 4108
[2022-05-14 17:49:55.551] [exthost] [warning] [Decorations] CAPPING events from decorations provider vscode.git 4107
[2022-05-14 17:50:05.102] [exthost] [warning] [Decorations] CAPPING events from decorations provider vscode.git 4107
[2022-05-14 17:50:15.915] [exthost] [warning] [Decorations] CAPPING events from decorations provider vscode.git 4107
[2022-05-14 17:50:25.518] [exthost] [warning] [Decorations] CAPPING events from decorations provider vscode.git 4107
[2022-05-14 17:50:35.675] [exthost] [warning] [Decorations] CAPPING events from decorations provider vscode.git 4107
[2022-05-14 17:50:45.678] [exthost] [warning] [Decorations] CAPPING events from decorations provider vscode.git 4107
[2022-05-14 17:50:55.286] [exthost] [warning] [Decorations] CAPPING events from decorations provider vscode.git 4108
[2022-05-14 17:51:04.903] [exthost] [warning] [Decorations] CAPPING events from decorations provider vscode.git 4107
[2022-05-14 17:51:14.329] [exthost] [warning] [Decorations] CAPPING events from decorations provider vscode.git 4107
[2022-05-14 17:51:23.901] [exthost] [warning] [Decorations] CAPPING events from decorations provider vscode.git 4107
[2022-05-14 17:51:33.509] [exthost] [warning] [Decorations] CAPPING events from decorations provider vscode.git 4107
[2022-05-14 17:51:42.980] [exthost] [warning] [Decorations] CAPPING events from decorations provider vscode.git 4108
[2022-05-14 17:51:53.200] [exthost] [warning] [Decorations] CAPPING events from decorations provider vscode.git 4107
[2022-05-14 17:52:02.723] [exthost] [warning] [Decorations] CAPPING events from decorations provider vscode.git 4107
[2022-05-14 17:52:12.054] [exthost] [warning] [Decorations] CAPPING events from decorations provider vscode.git 4107
[2022-05-14 17:52:21.658] [exthost] [warning] [Decorations] CAPPING events from decorations provider vscode.git 4107
[2022-05-14 17:52:31.619] [exthost] [warning] [Decorations] CAPPING events from decorations provider vscode.git 4107
[2022-05-14 17:52:41.051] [exthost] [warning] [Decorations] CAPPING events from decorations provider vscode.git 4107
[2022-05-14 17:52:51.973] [exthost] [warning] [Decorations] CAPPING events from decorations provider vscode.git 4107
[2022-05-14 17:53:03.015] [exthost] [warning] [Decorations] CAPPING events from decorations provider vscode.git 4107
[2022-05-14 17:53:12.635] [exthost] [warning] [Decorations] CAPPING events from decorations provider vscode.git 4108
[2022-05-14 17:53:22.196] [exthost] [warning] [Decorations] CAPPING events from decorations provider vscode.git 4107
[2022-05-14 17:53:33.186] [exthost] [warning] [Decorations] CAPPING events from decorations provider vscode.git 4107
[2022-05-14 17:53:42.516] [exthost] [warning] [Decorations] CAPPING events from decorations provider vscode.git 4107
[2022-05-14 17:53:51.976] [exthost] [warning] [Decorations] CAPPING events from decorations provider vscode.git 4106
[2022-05-14 17:54:01.182] [exthost] [warning] [Decorations] CAPPING events from decorations provider vscode.git 4106
[2022-05-14 17:54:10.604] [exthost] [warning] [Decorations] CAPPING events from decorations provider vscode.git 4107
[2022-05-14 17:54:19.581] [exthost] [warning] [Decorations] CAPPING events from decorations provider vscode.git 4107
[2022-05-14 17:54:29.861] [exthost] [warning] [Decorations] CAPPING events from decorations provider vscode.git 4107
[2022-05-14 17:54:39.382] [exthost] [warning] [Decorations] CAPPING events from decorations provider vscode.git 4107
[2022-05-14 17:54:49.424] [exthost] [warning] [Decorations] CAPPING events from decorations provider vscode.git 4108
[2022-05-14 17:54:58.793] [exthost] [warning] [Decorations] CAPPING events from decorations provider vscode.git 4107
[2022-05-14 17:55:10.240] [exthost] [warning] [Decorations] CAPPING events from decorations provider vscode.git 4107
[2022-05-14 17:55:22.202] [exthost] [warning] [Decorations] CAPPING events from decorations provider vscode.git 4107
[2022-05-14 17:55:33.618] [exthost] [warning] [Decorations] CAPPING events from decorations provider vscode.git 4107
[2022-05-14 17:55:43.236] [exthost] [warning] [Decorations] CAPPING events from decorations provider vscode.git 4107
[2022-05-14 17:55:52.461] [exthost] [warning] [Decorations] CAPPING events from decorations provider vscode.git 4108
[2022-05-14 17:56:02.040] [exthost] [warning] [Decorations] CAPPING events from decorations provider vscode.git 4107
[2022-05-14 17:56:11.588] [exthost] [warning] [Decorations] CAPPING events from decorations provider vscode.git 4108
[2022-05-14 17:56:21.735] [exthost] [warning] [Decorations] CAPPING events from decorations provider vscode.git 4107
[2022-05-14 17:56:30.995] [exthost] [warning] [Decorations] CAPPING events from decorations provider vscode.git 4107
[2022-05-14 17:56:40.494] [exthost] [warning] [Decorations] CAPPING events from decorations provider vscode.git 4107
[2022-05-14 17:56:50.333] [exthost] [warning] [Decorations] CAPPING events from decorations provider vscode.git 4108
[2022-05-14 17:56:59.641] [exthost] [warning] [Decorations] CAPPING events from decorations provider vscode.git 4107
[2022-05-14 17:57:08.806] [exthost] [warning] [Decorations] CAPPING events from decorations provider vscode.git 4107
[2022-05-14 17:57:18.214] [exthost] [warning] [Decorations] CAPPING events from decorations provider vscode.git 4108
[2022-05-14 17:57:27.602] [exthost] [warning] [Decorations] CAPPING events from decorations provider vscode.git 4107
[2022-05-14 17:57:36.812] [exthost] [warning] [Decorations] CAPPING events from decorations provider vscode.git 4108
[2022-05-14 17:57:46.111] [exthost] [warning] [Decorations] CAPPING events from decorations provider vscode.git 4107
[2022-05-14 17:57:55.436] [exthost] [warning] [Decorations] CAPPING events from decorations provider vscode.git 4107
[2022-05-14 17:58:06.653] [exthost] [warning] [Decorations] CAPPING events from decorations provider vscode.git 4107
[2022-05-14 17:58:15.873] [exthost] [warning] [Decorations] CAPPING events from decorations provider vscode.git 4106
[2022-05-14 17:58:24.965] [exthost] [warning] [Decorations] CAPPING events from decorations provider vscode.git 4106
[2022-05-14 17:58:34.890] [exthost] [warning] [Decorations] CAPPING events from decorations provider vscode.git 4107
[2022-05-14 17:58:44.274] [exthost] [warning] [Decorations] CAPPING events from decorations provider vscode.git 4106
[2022-05-14 17:58:53.410] [exthost] [warning] [Decorations] CAPPING events from decorations provider vscode.git 4106
[2022-05-14 17:59:02.897] [exthost] [warning] [Decorations] CAPPING events from decorations provider vscode.git 4107
[2022-05-14 17:59:12.061] [exthost] [warning] [Decorations] CAPPING events from decorations provider vscode.git 4107
[2022-05-14 17:59:21.966] [exthost] [warning] [Decorations] CAPPING events from decorations provider vscode.git 4107
[2022-05-14 17:59:32.141] [exthost] [warning] [Decorations] CAPPING events from decorations provider vscode.git 4107
[2022-05-14 17:59:41.667] [exthost] [warning] [Decorations] CAPPING events from decorations provider vscode.git 4108
[2022-05-14 17:59:50.779] [exthost] [warning] [Decorations] CAPPING events from decorations provider vscode.git 4107
[2022-05-14 17:59:59.807] [exthost] [warning] [Decorations] CAPPING events from decorations provider vscode.git 4107
[2022-05-14 18:00:08.874] [exthost] [warning] [Decorations] CAPPING events from decorations provider vscode.git 4107
[2022-05-14 18:00:17.967] [exthost] [warning] [Decorations] CAPPING events from decorations provider vscode.git 4107
[2022-05-14 18:00:27.463] [exthost] [warning] [Decorations] CAPPING events from decorations provider vscode.git 4108
[2022-05-14 18:00:37.231] [exthost] [warning] [Decorations] CAPPING events from decorations provider vscode.git 4107
[2022-05-14 18:00:46.958] [exthost] [warning] [Decorations] CAPPING events from decorations provider vscode.git 4107
[2022-05-14 18:00:57.962] [exthost] [warning] [Decorations] CAPPING events from decorations provider vscode.git 4107
[2022-05-14 18:01:07.888] [exthost] [warning] [Decorations] CAPPING events from decorations provider vscode.git 4106
[2022-05-14 18:01:17.097] [exthost] [warning] [Decorations] CAPPING events from decorations provider vscode.git 4106
[2022-05-14 18:01:26.353] [exthost] [warning] [Decorations] CAPPING events from decorations provider vscode.git 4106
[2022-05-14 18:01:35.561] [exthost] [warning] [Decorations] CAPPING events from decorations provider vscode.git 4107
[2022-05-14 18:01:44.766] [exthost] [warning] [Decorations] CAPPING events from decorations provider vscode.git 4107
[2022-05-14 18:01:55.285] [exthost] [warning] [Decorations] CAPPING events from decorations provider vscode.git 4106
[2022-05-14 18:02:04.751] [exthost] [warning] [Decorations] CAPPING events from decorations provider vscode.git 4106
[2022-05-14 18:02:14.264] [exthost] [warning] [Decorations] CAPPING events from decorations provider vscode.git 4106
[2022-05-14 18:02:23.649] [exthost] [warning] [Decorations] CAPPING events from decorations provider vscode.git 4106
[2022-05-14 18:02:32.780] [exthost] [warning] [Decorations] CAPPING events from decorations provider vscode.git 4106
[2022-05-14 18:02:41.864] [exthost] [warning] [Decorations] CAPPING events from decorations provider vscode.git 4107
[2022-05-14 18:02:51.090] [exthost] [warning] [Decorations] CAPPING events from decorations provider vscode.git 4106
[2022-05-14 18:03:00.393] [exthost] [warning] [Decorations] CAPPING events from decorations provider vscode.git 4108
[2022-05-14 18:03:09.520] [exthost] [warning] [Decorations] CAPPING events from decorations provider vscode.git 4107
[2022-05-14 18:03:19.136] [exthost] [warning] [Decorations] CAPPING events from decorations provider vscode.git 4106
[2022-05-14 18:03:28.374] [exthost] [warning] [Decorations] CAPPING events from decorations provider vscode.git 4106
[2022-05-14 18:03:38.300] [exthost] [warning] [Decorations] CAPPING events from decorations provider vscode.git 4106
[2022-05-14 18:03:47.638] [exthost] [warning] [Decorations] CAPPING events from decorations provider vscode.git 4106
[2022-05-14 18:03:56.623] [exthost] [warning] [Decorations] CAPPING events from decorations provider vscode.git 4106
[2022-05-14 18:04:05.766] [exthost] [warning] [Decorations] CAPPING events from decorations provider vscode.git 4106
[2022-05-14 18:04:15.477] [exthost] [warning] [Decorations] CAPPING events from decorations provider vscode.git 4106
[2022-05-14 18:04:24.616] [exthost] [warning] [Decorations] CAPPING events from decorations provider vscode.git 4106
[2022-05-14 18:04:33.985] [exthost] [warning] [Decorations] CAPPING events from decorations provider vscode.git 4106
[2022-05-14 18:04:43.056] [exthost] [warning] [Decorations] CAPPING events from decorations provider vscode.git 4106
[2022-05-14 18:04:53.083] [exthost] [warning] [Decorations] CAPPING events from decorations provider vscode.git 4106
[2022-05-14 18:05:02.500] [exthost] [warning] [Decorations] CAPPING events from decorations provider vscode.git 4106
[2022-05-14 18:05:11.700] [exthost] [warning] [Decorations] CAPPING events from decorations provider vscode.git 4107
[2022-05-14 18:05:21.315] [exthost] [warning] [Decorations] CAPPING events from decorations provider vscode.git 4107
[2022-05-14 18:05:32.453] [exthost] [warning] [Decorations] CAPPING events from decorations provider vscode.git 4106
[2022-05-14 18:05:41.933] [exthost] [warning] [Decorations] CAPPING events from decorations provider vscode.git 4107
[2022-05-14 18:05:51.035] [exthost] [warning] [Decorations] CAPPING events from decorations provider vscode.git 4106
[2022-05-14 18:06:00.832] [exthost] [warning] [Decorations] CAPPING events from decorations provider vscode.git 4107
[2022-05-14 18:06:10.503] [exthost] [warning] [Decorations] CAPPING events from decorations provider vscode.git 4106
[2022-05-14 18:06:20.272] [exthost] [warning] [Decorations] CAPPING events from decorations provider vscode.git 4106
[2022-05-14 18:06:29.615] [exthost] [warning] [Decorations] CAPPING events from decorations provider vscode.git 4106
[2022-05-14 18:06:38.819] [exthost] [warning] [Decorations] CAPPING events from decorations provider vscode.git 4106
[2022-05-14 18:06:47.900] [exthost] [warning] [Decorations] CAPPING events from decorations provider vscode.git 4106
[2022-05-14 18:06:57.110] [exthost] [warning] [Decorations] CAPPING events from decorations provider vscode.git 4107
[2022-05-14 18:07:06.294] [exthost] [warning] [Decorations] CAPPING events from decorations provider vscode.git 4107
[2022-05-14 18:07:15.473] [exthost] [warning] [Decorations] CAPPING events from decorations provider vscode.git 4108
[2022-05-14 18:07:25.336] [exthost] [warning] [Decorations] CAPPING events from decorations provider vscode.git 4107
[2022-05-14 18:07:34.947] [exthost] [warning] [Decorations] CAPPING events from decorations provider vscode.git 4107
[2022-05-14 18:07:44.185] [exthost] [warning] [Decorations] CAPPING events from decorations provider vscode.git 4107
[2022-05-14 18:07:54.727] [exthost] [warning] [Decorations] CAPPING events from decorations provider vscode.git 4107
[2022-05-14 18:08:06.684] [exthost] [warning] [Decorations] CAPPING events from decorations provider vscode.git 4107
[2022-05-14 18:08:15.952] [exthost] [warning] [Decorations] CAPPING events from decorations provider vscode.git 4107
[2022-05-14 18:08:25.189] [exthost] [warning] [Decorations] CAPPING events from decorations provider vscode.git 4107
[2022-05-14 18:08:35.921] [exthost] [warning] [Decorations] CAPPING events from decorations provider vscode.git 4107
[2022-05-14 18:08:46.975] [exthost] [warning] [Decorations] CAPPING events from decorations provider vscode.git 4107
[2022-05-14 18:08:57.218] [exthost] [warning] [Decorations] CAPPING events from decorations provider vscode.git 4107
[2022-05-14 18:09:06.736] [exthost] [warning] [Decorations] CAPPING events from decorations provider vscode.git 4108
[2022-05-14 18:09:16.508] [exthost] [warning] [Decorations] CAPPING events from decorations provider vscode.git 4107
[2022-05-14 18:09:25.963] [exthost] [warning] [Decorations] CAPPING events from decorations provider vscode.git 4108
[2022-05-14 18:09:35.476] [exthost] [warning] [Decorations] CAPPING events from decorations provider vscode.git 4108
[2022-05-14 18:09:45.191] [exthost] [warning] [Decorations] CAPPING events from decorations provider vscode.git 4107
[2022-05-14 18:09:55.625] [exthost] [warning] [Decorations] CAPPING events from decorations provider vscode.git 4107
[2022-05-14 18:10:04.721] [exthost] [warning] [Decorations] CAPPING events from decorations provider vscode.git 4107
[2022-05-14 18:10:14.655] [exthost] [warning] [Decorations] CAPPING events from decorations provider vscode.git 4108
[2022-05-14 18:10:24.259] [exthost] [warning] [Decorations] CAPPING events from decorations provider vscode.git 4107
[2022-05-14 18:10:33.781] [exthost] [warning] [Decorations] CAPPING events from decorations provider vscode.git 4108
[2022-05-14 18:10:42.907] [exthost] [warning] [Decorations] CAPPING events from decorations provider vscode.git 4107
[2022-05-14 18:10:52.256] [exthost] [warning] [Decorations] CAPPING events from decorations provider vscode.git 4107
[2022-05-14 18:11:01.873] [exthost] [warning] [Decorations] CAPPING events from decorations provider vscode.git 4107
[2022-05-14 18:11:10.933] [exthost] [warning] [Decorations] CAPPING events from decorations provider vscode.git 4107
[2022-05-14 18:11:20.748] [exthost] [warning] [Decorations] CAPPING events from decorations provider vscode.git 4107
[2022-05-14 18:11:29.959] [exthost] [warning] [Decorations] CAPPING events from decorations provider vscode.git 4107
[2022-05-14 18:11:39.563] [exthost] [warning] [Decorations] CAPPING events from decorations provider vscode.git 4107
[2022-05-14 18:11:48.927] [exthost] [warning] [Decorations] CAPPING events from decorations provider vscode.git 4107
[2022-05-14 18:11:58.324] [exthost] [warning] [Decorations] CAPPING events from decorations provider vscode.git 4107
[2022-05-14 18:12:07.297] [exthost] [warning] [Decorations] CAPPING events from decorations provider vscode.git 4107
[2022-05-14 18:12:16.300] [exthost] [warning] [Decorations] CAPPING events from decorations provider vscode.git 4107
[2022-05-14 18:12:25.286] [exthost] [warning] [Decorations] CAPPING events from decorations provider vscode.git 4107
[2022-05-14 18:12:34.532] [exthost] [warning] [Decorations] CAPPING events from decorations provider vscode.git 4107
[2022-05-14 18:12:43.488] [exthost] [warning] [Decorations] CAPPING events from decorations provider vscode.git 4107
[2022-05-14 18:12:52.472] [exthost] [warning] [Decorations] CAPPING events from decorations provider vscode.git 4107
[2022-05-14 18:13:01.398] [exthost] [warning] [Decorations] CAPPING events from decorations provider vscode.git 4107
[2022-05-14 18:13:10.312] [exthost] [warning] [Decorations] CAPPING events from decorations provider vscode.git 4107
[2022-05-14 18:13:19.261] [exthost] [warning] [Decorations] CAPPING events from decorations provider vscode.git 4107
[2022-05-14 18:13:28.390] [exthost] [warning] [Decorations] CAPPING events from decorations provider vscode.git 4107
[2022-05-14 18:13:37.267] [exthost] [warning] [Decorations] CAPPING events from decorations provider vscode.git 4107
[2022-05-14 18:13:46.172] [exthost] [warning] [Decorations] CAPPING events from decorations provider vscode.git 4107
[2022-05-14 18:13:55.101] [exthost] [warning] [Decorations] CAPPING events from decorations provider vscode.git 4107
[2022-05-14 18:14:04.062] [exthost] [warning] [Decorations] CAPPING events from decorations provider vscode.git 4107
[2022-05-14 18:14:12.970] [exthost] [warning] [Decorations] CAPPING events from decorations provider vscode.git 4107
[2022-05-14 18:14:22.180] [exthost] [warning] [Decorations] CAPPING events from decorations provider vscode.git 4107
[2022-05-14 18:14:31.153] [exthost] [warning] [Decorations] CAPPING events from decorations provider vscode.git 4107
[2022-05-14 18:14:40.109] [exthost] [warning] [Decorations] CAPPING events from decorations provider vscode.git 4107
[2022-05-14 18:14:49.436] [exthost] [warning] [Decorations] CAPPING events from decorations provider vscode.git 4107
[2022-05-14 18:14:58.655] [exthost] [warning] [Decorations] CAPPING events from decorations provider vscode.git 4107
[2022-05-14 18:15:07.954] [exthost] [warning] [Decorations] CAPPING events from decorations provider vscode.git 4107
[2022-05-14 18:15:17.244] [exthost] [warning] [Decorations] CAPPING events from decorations provider vscode.git 4107
[2022-05-14 18:15:28.004] [exthost] [warning] [Decorations] CAPPING events from decorations provider vscode.git 4107
[2022-05-14 18:15:38.653] [exthost] [warning] [Decorations] CAPPING events from decorations provider vscode.git 4107
[2022-05-14 18:15:48.281] [exthost] [warning] [Decorations] CAPPING events from decorations provider vscode.git 4107
[2022-05-14 18:15:59.349] [exthost] [warning] [Decorations] CAPPING events from decorations provider vscode.git 4107
[2022-05-14 18:16:09.189] [exthost] [warning] [Decorations] CAPPING events from decorations provider vscode.git 4108
[2022-05-14 18:16:18.885] [exthost] [warning] [Decorations] CAPPING events from decorations provider vscode.git 4107
[2022-05-14 18:16:28.632] [exthost] [warning] [Decorations] CAPPING events from decorations provider vscode.git 4108
[2022-05-14 18:16:38.027] [exthost] [warning] [Decorations] CAPPING events from decorations provider vscode.git 4107
[2022-05-14 18:16:47.611] [exthost] [warning] [Decorations] CAPPING events from decorations provider vscode.git 4107
[2022-05-14 18:16:57.762] [exthost] [warning] [Decorations] CAPPING events from decorations provider vscode.git 4108
[2022-05-14 18:17:07.713] [exthost] [warning] [Decorations] CAPPING events from decorations provider vscode.git 4107
[2022-05-14 18:17:17.996] [exthost] [warning] [Decorations] CAPPING events from decorations provider vscode.git 4107
[2022-05-14 18:17:27.668] [exthost] [warning] [Decorations] CAPPING events from decorations provider vscode.git 4108
[2022-05-14 18:17:37.305] [exthost] [warning] [Decorations] CAPPING events from decorations provider vscode.git 4107
[2022-05-14 18:17:46.725] [exthost] [warning] [Decorations] CAPPING events from decorations provider vscode.git 4107
[2022-05-14 18:17:56.992] [exthost] [warning] [Decorations] CAPPING events from decorations provider vscode.git 4107
[2022-05-14 18:18:06.002] [exthost] [warning] [Decorations] CAPPING events from decorations provider vscode.git 4107
[2022-05-14 18:18:14.961] [exthost] [warning] [Decorations] CAPPING events from decorations provider vscode.git 4107
[2022-05-14 18:18:24.294] [exthost] [warning] [Decorations] CAPPING events from decorations provider vscode.git 4107
[2022-05-14 18:18:33.267] [exthost] [warning] [Decorations] CAPPING events from decorations provider vscode.git 4107
[2022-05-14 18:18:42.523] [exthost] [warning] [Decorations] CAPPING events from decorations provider vscode.git 4107
[2022-05-14 18:18:51.676] [exthost] [warning] [Decorations] CAPPING events from decorations provider vscode.git 4107
[2022-05-14 18:19:01.960] [exthost] [warning] [Decorations] CAPPING events from decorations provider vscode.git 4107
[2022-05-14 18:19:10.983] [exthost] [warning] [Decorations] CAPPING events from decorations provider vscode.git 4107
[2022-05-14 18:19:20.476] [exthost] [warning] [Decorations] CAPPING events from decorations provider vscode.git 4107
[2022-05-14 18:19:30.711] [exthost] [warning] [Decorations] CAPPING events from decorations provider vscode.git 4107
[2022-05-14 18:19:39.805] [exthost] [warning] [Decorations] CAPPING events from decorations provider vscode.git 4107
[2022-05-14 18:19:49.282] [exthost] [warning] [Decorations] CAPPING events from decorations provider vscode.git 4107
[2022-05-14 18:19:59.065] [exthost] [warning] [Decorations] CAPPING events from decorations provider vscode.git 4107
[2022-05-14 18:20:08.052] [exthost] [warning] [Decorations] CAPPING events from decorations provider vscode.git 4107
[2022-05-14 18:20:17.012] [exthost] [warning] [Decorations] CAPPING events from decorations provider vscode.git 4107
[2022-05-14 18:20:26.137] [exthost] [warning] [Decorations] CAPPING events from decorations provider vscode.git 4107
[2022-05-14 18:20:35.865] [exthost] [warning] [Decorations] CAPPING events from decorations provider vscode.git 4107
[2022-05-14 18:20:45.338] [exthost] [warning] [Decorations] CAPPING events from decorations provider vscode.git 4108
[2022-05-14 18:20:54.675] [exthost] [warning] [Decorations] CAPPING events from decorations provider vscode.git 4107
[2022-05-14 18:21:04.141] [exthost] [warning] [Decorations] CAPPING events from decorations provider vscode.git 4107
[2022-05-14 18:21:13.386] [exthost] [warning] [Decorations] CAPPING events from decorations provider vscode.git 4107
[2022-05-14 18:21:22.601] [exthost] [warning] [Decorations] CAPPING events from decorations provider vscode.git 4107
[2022-05-14 18:21:32.514] [exthost] [warning] [Decorations] CAPPING events from decorations provider vscode.git 4107
[2022-05-14 18:21:41.776] [exthost] [warning] [Decorations] CAPPING events from decorations provider vscode.git 4106
[2022-05-14 18:21:51.975] [exthost] [warning] [Decorations] CAPPING events from decorations provider vscode.git 4106
[2022-05-14 18:22:01.967] [exthost] [warning] [Decorations] CAPPING events from decorations provider vscode.git 4107
[2022-05-14 18:22:11.124] [exthost] [warning] [Decorations] CAPPING events from decorations provider vscode.git 4106
[2022-05-14 18:22:20.276] [exthost] [warning] [Decorations] CAPPING events from decorations provider vscode.git 4106
[2022-05-14 18:22:29.420] [exthost] [warning] [Decorations] CAPPING events from decorations provider vscode.git 4107
[2022-05-14 18:22:38.757] [exthost] [warning] [Decorations] CAPPING events from decorations provider vscode.git 4108
[2022-05-14 18:22:48.503] [exthost] [warning] [Decorations] CAPPING events from decorations provider vscode.git 4108
[2022-05-14 18:22:58.621] [exthost] [warning] [Decorations] CAPPING events from decorations provider vscode.git 4107
[2022-05-14 18:23:07.844] [exthost] [warning] [Decorations] CAPPING events from decorations provider vscode.git 4107
[2022-05-14 18:23:17.658] [exthost] [warning] [Decorations] CAPPING events from decorations provider vscode.git 4107
[2022-05-14 18:23:27.181] [exthost] [warning] [Decorations] CAPPING events from decorations provider vscode.git 4107
[2022-05-14 18:23:36.336] [exthost] [warning] [Decorations] CAPPING events from decorations provider vscode.git 4107
[2022-05-14 18:23:45.487] [exthost] [warning] [Decorations] CAPPING events from decorations provider vscode.git 4107
[2022-05-14 18:23:54.854] [exthost] [warning] [Decorations] CAPPING events from decorations provider vscode.git 4107
[2022-05-14 18:24:03.777] [exthost] [warning] [Decorations] CAPPING events from decorations provider vscode.git 4107
[2022-05-14 18:24:12.779] [exthost] [warning] [Decorations] CAPPING events from decorations provider vscode.git 4107
[2022-05-14 18:24:22.018] [exthost] [warning] [Decorations] CAPPING events from decorations provider vscode.git 4107
[2022-05-14 18:24:30.977] [exthost] [warning] [Decorations] CAPPING events from decorations provider vscode.git 4107
[2022-05-14 18:24:40.121] [exthost] [warning] [Decorations] CAPPING events from decorations provider vscode.git 4107
[2022-05-14 18:24:49.438] [exthost] [warning] [Decorations] CAPPING events from decorations provider vscode.git 4107
[2022-05-14 18:24:58.497] [exthost] [warning] [Decorations] CAPPING events from decorations provider vscode.git 4107
[2022-05-14 18:25:07.832] [exthost] [warning] [Decorations] CAPPING events from decorations provider vscode.git 4107
[2022-05-14 18:25:16.891] [exthost] [warning] [Decorations] CAPPING events from decorations provider vscode.git 4107
[2022-05-14 18:25:28.151] [exthost] [warning] [Decorations] CAPPING events from decorations provider vscode.git 4107
[2022-05-14 18:25:37.103] [exthost] [warning] [Decorations] CAPPING events from decorations provider vscode.git 4107
[2022-05-14 18:25:46.049] [exthost] [warning] [Decorations] CAPPING events from decorations provider vscode.git 4107
[2022-05-14 18:25:54.918] [exthost] [warning] [Decorations] CAPPING events from decorations provider vscode.git 4107
[2022-05-14 18:26:03.833] [exthost] [warning] [Decorations] CAPPING events from decorations provider vscode.git 4107
[2022-05-14 18:26:12.957] [exthost] [warning] [Decorations] CAPPING events from decorations provider vscode.git 4107
[2022-05-14 18:26:21.963] [exthost] [warning] [Decorations] CAPPING events from decorations provider vscode.git 4107
[2022-05-14 18:26:30.888] [exthost] [warning] [Decorations] CAPPING events from decorations provider vscode.git 4107
[2022-05-14 18:26:39.798] [exthost] [warning] [Decorations] CAPPING events from decorations provider vscode.git 4107
[2022-05-14 18:26:48.729] [exthost] [warning] [Decorations] CAPPING events from decorations provider vscode.git 4107
[2022-05-14 18:26:57.691] [exthost] [warning] [Decorations] CAPPING events from decorations provider vscode.git 4107
[2022-05-14 18:27:06.629] [exthost] [warning] [Decorations] CAPPING events from decorations provider vscode.git 4107
[2022-05-14 18:27:15.552] [exthost] [warning] [Decorations] CAPPING events from decorations provider vscode.git 4107
[2022-05-14 18:27:24.814] [exthost] [warning] [Decorations] CAPPING events from decorations provider vscode.git 4107
[2022-05-14 18:27:33.768] [exthost] [warning] [Decorations] CAPPING events from decorations provider vscode.git 4107
[2022-05-14 18:27:42.720] [exthost] [warning] [Decorations] CAPPING events from decorations provider vscode.git 4107
[2022-05-14 18:27:51.686] [exthost] [warning] [Decorations] CAPPING events from decorations provider vscode.git 4107
[2022-05-14 18:28:00.633] [exthost] [warning] [Decorations] CAPPING events from decorations provider vscode.git 4107
[2022-05-14 18:28:09.728] [exthost] [warning] [Decorations] CAPPING events from decorations provider vscode.git 4107
[2022-05-14 18:28:19.032] [exthost] [warning] [Decorations] CAPPING events from decorations provider vscode.git 4107
[2022-05-14 18:28:27.977] [exthost] [warning] [Decorations] CAPPING events from decorations provider vscode.git 4107
[2022-05-14 18:28:36.943] [exthost] [warning] [Decorations] CAPPING events from decorations provider vscode.git 4107
[2022-05-14 18:28:46.146] [exthost] [warning] [Decorations] CAPPING events from decorations provider vscode.git 4107
[2022-05-14 18:28:55.111] [exthost] [warning] [Decorations] CAPPING events from decorations provider vscode.git 4107
[2022-05-14 18:29:04.072] [exthost] [warning] [Decorations] CAPPING events from decorations provider vscode.git 4107
[2022-05-14 18:29:12.978] [exthost] [warning] [Decorations] CAPPING events from decorations provider vscode.git 4107
[2022-05-14 18:29:22.204] [exthost] [warning] [Decorations] CAPPING events from decorations provider vscode.git 4107
[2022-05-14 18:29:31.176] [exthost] [warning] [Decorations] CAPPING events from decorations provider vscode.git 4107
[2022-05-14 18:29:40.153] [exthost] [warning] [Decorations] CAPPING events from decorations provider vscode.git 4107
[2022-05-14 18:29:49.097] [exthost] [warning] [Decorations] CAPPING events from decorations provider vscode.git 4107
[2022-05-14 18:29:58.547] [exthost] [warning] [Decorations] CAPPING events from decorations provider vscode.git 4107
[2022-05-14 18:30:07.484] [exthost] [warning] [Decorations] CAPPING events from decorations provider vscode.git 4107
[2022-05-14 18:30:17.689] [exthost] [warning] [Decorations] CAPPING events from decorations provider vscode.git 4107
[2022-05-14 18:30:27.212] [exthost] [warning] [Decorations] CAPPING events from decorations provider vscode.git 4107
[2022-05-14 18:30:36.440] [exthost] [warning] [Decorations] CAPPING events from decorations provider vscode.git 4107
[2022-05-14 18:30:45.367] [exthost] [warning] [Decorations] CAPPING events from decorations provider vscode.git 4107
[2022-05-14 18:30:55.149] [exthost] [warning] [Decorations] CAPPING events from decorations provider vscode.git 4107
[2022-05-14 18:31:05.817] [exthost] [warning] [Decorations] CAPPING events from decorations provider vscode.git 4107
[2022-05-14 18:31:14.913] [exthost] [warning] [Decorations] CAPPING events from decorations provider vscode.git 4107
[2022-05-14 18:31:24.207] [exthost] [warning] [Decorations] CAPPING events from decorations provider vscode.git 4107
[2022-05-14 18:31:34.084] [exthost] [warning] [Decorations] CAPPING events from decorations provider vscode.git 4107
[2022-05-14 18:31:43.966] [exthost] [warning] [Decorations] CAPPING events from decorations provider vscode.git 4107
[2022-05-14 18:31:52.930] [exthost] [warning] [Decorations] CAPPING events from decorations provider vscode.git 4107
[2022-05-14 18:32:01.981] [exthost] [warning] [Decorations] CAPPING events from decorations provider vscode.git 4107
[2022-05-14 18:32:11.645] [exthost] [warning] [Decorations] CAPPING events from decorations provider vscode.git 4107
[2022-05-14 18:32:21.554] [exthost] [warning] [Decorations] CAPPING events from decorations provider vscode.git 4107
[2022-05-14 18:32:30.471] [exthost] [warning] [Decorations] CAPPING events from decorations provider vscode.git 4107
[2022-05-14 18:32:39.464] [exthost] [warning] [Decorations] CAPPING events from decorations provider vscode.git 4107
[2022-05-14 18:32:48.573] [exthost] [warning] [Decorations] CAPPING events from decorations provider vscode.git 4107
[2022-05-14 18:32:57.956] [exthost] [warning] [Decorations] CAPPING events from decorations provider vscode.git 4107
[2022-05-14 18:33:07.285] [exthost] [warning] [Decorations] CAPPING events from decorations provider vscode.git 4107
[2022-05-14 18:33:16.689] [exthost] [warning] [Decorations] CAPPING events from decorations provider vscode.git 4107
[2022-05-14 18:33:25.968] [exthost] [warning] [Decorations] CAPPING events from decorations provider vscode.git 4107
[2022-05-14 18:33:35.675] [exthost] [warning] [Decorations] CAPPING events from decorations provider vscode.git 4107
[2022-05-14 18:34:40.315] [exthost] [warning] [Decorations] CAPPING events from decorations provider vscode.git 4107
[2022-05-14 18:34:52.937] [exthost] [warning] [Decorations] CAPPING events from decorations provider vscode.git 4108
[2022-05-14 18:35:07.377] [exthost] [warning] [Decorations] CAPPING events from decorations provider vscode.git 4107
[2022-05-14 18:35:23.196] [exthost] [error] onWillSaveTextDocument-listener from extension 'ms-vscode.cpptools' threw ERROR
[2022-05-14 18:35:23.197] [exthost] [error] Error: timeout
	at Timeout._onTimeout (/home/jtorne2/.vscode-server/bin/da15b6fd3ef856477bf6f4fb29ba1b7af717770d/out/vs/workbench/api/node/extensionHostProcess.js:81:31979)
	at listOnTimeout (node:internal/timers:557:17)
	at processTimers (node:internal/timers:500:7)
[2022-05-14 18:35:23.642] [exthost] [error] onWillSaveTextDocument-listener from extension 'ms-vscode.cpptools' threw ERROR
[2022-05-14 18:35:23.652] [exthost] [error] Error: timeout
	at Timeout._onTimeout (/home/jtorne2/.vscode-server/bin/da15b6fd3ef856477bf6f4fb29ba1b7af717770d/out/vs/workbench/api/node/extensionHostProcess.js:81:31979)
	at listOnTimeout (node:internal/timers:557:17)
	at processTimers (node:internal/timers:500:7)
[2022-05-14 18:35:29.270] [exthost] [warning] [Decorations] CAPPING events from decorations provider vscode.git 4108
[2022-05-14 18:35:41.204] [exthost] [warning] [Decorations] CAPPING events from decorations provider vscode.git 4107
[2022-05-14 18:35:51.811] [exthost] [warning] [Decorations] CAPPING events from decorations provider vscode.git 4107
[2022-05-14 18:36:02.054] [exthost] [warning] [Decorations] CAPPING events from decorations provider vscode.git 4107
[2022-05-14 18:41:30.418] [exthost] [warning] [Decorations] CAPPING events from decorations provider vscode.git 4107
[2022-05-14 18:43:02.183] [exthost] [warning] [Decorations] CAPPING events from decorations provider vscode.git 4107
[2022-05-14 18:43:12.838] [exthost] [warning] [Decorations] CAPPING events from decorations provider vscode.git 4108
[2022-05-14 18:43:23.080] [exthost] [warning] [Decorations] CAPPING events from decorations provider vscode.git 4107
[2022-05-14 18:43:33.662] [exthost] [warning] [Decorations] CAPPING events from decorations provider vscode.git 4107
[2022-05-14 18:43:44.796] [exthost] [warning] [Decorations] CAPPING events from decorations provider vscode.git 4107
[2022-05-14 18:43:54.937] [exthost] [warning] [Decorations] CAPPING events from decorations provider vscode.git 4106
[2022-05-14 18:44:04.561] [exthost] [warning] [Decorations] CAPPING events from decorations provider vscode.git 4107
[2022-05-14 18:44:14.837] [exthost] [warning] [Decorations] CAPPING events from decorations provider vscode.git 4107
[2022-05-14 18:44:25.459] [exthost] [warning] [Decorations] CAPPING events from decorations provider vscode.git 4106
[2022-05-14 18:44:35.698] [exthost] [warning] [Decorations] CAPPING events from decorations provider vscode.git 4106
[2022-05-14 18:44:46.646] [exthost] [warning] [Decorations] CAPPING events from decorations provider vscode.git 4106
[2022-05-14 18:44:56.654] [exthost] [warning] [Decorations] CAPPING events from decorations provider vscode.git 4107
[2022-05-14 18:45:08.166] [exthost] [warning] [Decorations] CAPPING events from decorations provider vscode.git 4106
[2022-05-14 18:45:18.114] [exthost] [warning] [Decorations] CAPPING events from decorations provider vscode.git 4106
[2022-05-14 18:45:28.097] [exthost] [warning] [Decorations] CAPPING events from decorations provider vscode.git 4106
[2022-05-14 18:45:38.390] [exthost] [warning] [Decorations] CAPPING events from decorations provider vscode.git 4106
[2022-05-14 18:45:48.612] [exthost] [warning] [Decorations] CAPPING events from decorations provider vscode.git 4106
[2022-05-14 18:46:00.361] [exthost] [warning] [Decorations] CAPPING events from decorations provider vscode.git 4106
[2022-05-14 18:46:10.144] [exthost] [warning] [Decorations] CAPPING events from decorations provider vscode.git 4106
[2022-05-14 18:46:20.926] [exthost] [warning] [Decorations] CAPPING events from decorations provider vscode.git 4106
[2022-05-14 18:46:31.261] [exthost] [warning] [Decorations] CAPPING events from decorations provider vscode.git 4106
[2022-05-14 18:46:42.587] [exthost] [warning] [Decorations] CAPPING events from decorations provider vscode.git 4106
[2022-05-14 18:46:52.418] [exthost] [warning] [Decorations] CAPPING events from decorations provider vscode.git 4106
[2022-05-14 18:47:04.333] [exthost] [warning] [Decorations] CAPPING events from decorations provider vscode.git 4106
[2022-05-14 18:47:14.343] [exthost] [warning] [Decorations] CAPPING events from decorations provider vscode.git 4106
[2022-05-14 18:47:24.384] [exthost] [warning] [Decorations] CAPPING events from decorations provider vscode.git 4106
[2022-05-14 18:47:35.766] [exthost] [warning] [Decorations] CAPPING events from decorations provider vscode.git 4106
[2022-05-14 18:47:46.232] [exthost] [warning] [Decorations] CAPPING events from decorations provider vscode.git 4107
[2022-05-14 18:47:59.442] [exthost] [warning] [Decorations] CAPPING events from decorations provider vscode.git 4106
[2022-05-14 18:48:09.541] [exthost] [warning] [Decorations] CAPPING events from decorations provider vscode.git 4107
[2022-05-14 18:48:20.195] [exthost] [warning] [Decorations] CAPPING events from decorations provider vscode.git 4106
[2022-05-14 18:48:30.939] [exthost] [warning] [Decorations] CAPPING events from decorations provider vscode.git 4106
[2022-05-14 18:48:40.683] [exthost] [warning] [Decorations] CAPPING events from decorations provider vscode.git 4106
[2022-05-14 18:48:50.178] [exthost] [warning] [Decorations] CAPPING events from decorations provider vscode.git 4106
[2022-05-14 18:48:59.800] [exthost] [warning] [Decorations] CAPPING events from decorations provider vscode.git 4106
[2022-05-14 18:49:09.692] [exthost] [warning] [Decorations] CAPPING events from decorations provider vscode.git 4106
[2022-05-14 18:49:19.240] [exthost] [warning] [Decorations] CAPPING events from decorations provider vscode.git 4106
[2022-05-14 18:49:29.057] [exthost] [warning] [Decorations] CAPPING events from decorations provider vscode.git 4106
[2022-05-14 18:49:38.754] [exthost] [warning] [Decorations] CAPPING events from decorations provider vscode.git 4106
[2022-05-14 18:49:48.672] [exthost] [warning] [Decorations] CAPPING events from decorations provider vscode.git 4106
[2022-05-14 18:49:58.145] [exthost] [warning] [Decorations] CAPPING events from decorations provider vscode.git 4106
[2022-05-14 18:50:08.332] [exthost] [warning] [Decorations] CAPPING events from decorations provider vscode.git 4106
[2022-05-14 18:50:18.722] [exthost] [warning] [Decorations] CAPPING events from decorations provider vscode.git 4106
[2022-05-14 18:50:28.331] [exthost] [warning] [Decorations] CAPPING events from decorations provider vscode.git 4106
[2022-05-14 18:50:38.166] [exthost] [warning] [Decorations] CAPPING events from decorations provider vscode.git 4106
[2022-05-14 18:50:48.781] [exthost] [warning] [Decorations] CAPPING events from decorations provider vscode.git 4106
[2022-05-14 18:50:58.322] [exthost] [warning] [Decorations] CAPPING events from decorations provider vscode.git 4106
[2022-05-14 18:51:08.031] [exthost] [warning] [Decorations] CAPPING events from decorations provider vscode.git 4106
[2022-05-14 18:51:20.300] [exthost] [warning] [Decorations] CAPPING events from decorations provider vscode.git 4106
[2022-05-14 18:51:32.147] [exthost] [warning] [Decorations] CAPPING events from decorations provider vscode.git 4106
[2022-05-14 18:51:41.849] [exthost] [warning] [Decorations] CAPPING events from decorations provider vscode.git 4107
[2022-05-14 18:51:51.845] [exthost] [warning] [Decorations] CAPPING events from decorations provider vscode.git 4106
[2022-05-14 18:52:01.616] [exthost] [warning] [Decorations] CAPPING events from decorations provider vscode.git 4106
[2022-05-14 18:52:11.961] [exthost] [warning] [Decorations] CAPPING events from decorations provider vscode.git 4106
[2022-05-14 18:52:21.473] [exthost] [warning] [Decorations] CAPPING events from decorations provider vscode.git 4106
[2022-05-14 18:52:31.326] [exthost] [warning] [Decorations] CAPPING events from decorations provider vscode.git 4106
[2022-05-14 18:52:40.997] [exthost] [warning] [Decorations] CAPPING events from decorations provider vscode.git 4106
[2022-05-14 18:52:50.864] [exthost] [warning] [Decorations] CAPPING events from decorations provider vscode.git 4107
[2022-05-14 18:53:01.843] [exthost] [warning] [Decorations] CAPPING events from decorations provider vscode.git 4106
[2022-05-14 18:53:11.733] [exthost] [warning] [Decorations] CAPPING events from decorations provider vscode.git 4106
[2022-05-14 18:53:21.472] [exthost] [warning] [Decorations] CAPPING events from decorations provider vscode.git 4106
[2022-05-14 18:53:30.904] [exthost] [warning] [Decorations] CAPPING events from decorations provider vscode.git 4106
[2022-05-14 18:53:40.531] [exthost] [warning] [Decorations] CAPPING events from decorations provider vscode.git 4106
[2022-05-14 18:53:50.002] [exthost] [warning] [Decorations] CAPPING events from decorations provider vscode.git 4106
[2022-05-14 18:53:59.449] [exthost] [warning] [Decorations] CAPPING events from decorations provider vscode.git 4106
[2022-05-14 18:54:08.852] [exthost] [warning] [Decorations] CAPPING events from decorations provider vscode.git 4106
[2022-05-14 18:54:18.487] [exthost] [warning] [Decorations] CAPPING events from decorations provider vscode.git 4106
[2022-05-14 18:54:28.207] [exthost] [warning] [Decorations] CAPPING events from decorations provider vscode.git 4106
[2022-05-14 18:54:37.616] [exthost] [warning] [Decorations] CAPPING events from decorations provider vscode.git 4106
[2022-05-14 18:54:47.106] [exthost] [warning] [Decorations] CAPPING events from decorations provider vscode.git 4106
[2022-05-14 18:54:56.723] [exthost] [warning] [Decorations] CAPPING events from decorations provider vscode.git 4106
[2022-05-14 18:55:06.297] [exthost] [warning] [Decorations] CAPPING events from decorations provider vscode.git 4106
[2022-05-14 18:55:15.746] [exthost] [warning] [Decorations] CAPPING events from decorations provider vscode.git 4106
[2022-05-14 18:55:25.113] [exthost] [warning] [Decorations] CAPPING events from decorations provider vscode.git 4106
[2022-05-14 18:55:34.631] [exthost] [warning] [Decorations] CAPPING events from decorations provider vscode.git 4106
[2022-05-14 18:55:44.376] [exthost] [warning] [Decorations] CAPPING events from decorations provider vscode.git 4106
[2022-05-14 18:55:54.732] [exthost] [warning] [Decorations] CAPPING events from decorations provider vscode.git 4106
[2022-05-14 18:56:06.117] [exthost] [warning] [Decorations] CAPPING events from decorations provider vscode.git 4106
[2022-05-14 18:56:16.586] [exthost] [warning] [Decorations] CAPPING events from decorations provider vscode.git 4106
[2022-05-14 18:56:27.042] [exthost] [warning] [Decorations] CAPPING events from decorations provider vscode.git 4106
[2022-05-14 18:59:39.271] [exthost] [warning] [Decorations] CAPPING events from decorations provider vscode.git 4106
[2022-05-14 18:59:52.004] [exthost] [warning] [Decorations] CAPPING events from decorations provider vscode.git 4106
[2022-05-14 19:00:03.201] [exthost] [warning] [Decorations] CAPPING events from decorations provider vscode.git 4106
[2022-05-14 19:00:13.929] [exthost] [warning] [Decorations] CAPPING events from decorations provider vscode.git 4107
[2022-05-14 19:00:23.738] [exthost] [warning] [Decorations] CAPPING events from decorations provider vscode.git 4106
[2022-05-14 19:00:33.120] [exthost] [warning] [Decorations] CAPPING events from decorations provider vscode.git 4106
[2022-05-14 19:00:42.909] [exthost] [warning] [Decorations] CAPPING events from decorations provider vscode.git 4106
[2022-05-14 19:00:52.322] [exthost] [warning] [Decorations] CAPPING events from decorations provider vscode.git 4106
[2022-05-14 19:01:02.131] [exthost] [warning] [Decorations] CAPPING events from decorations provider vscode.git 4106
[2022-05-14 19:01:11.511] [exthost] [warning] [Decorations] CAPPING events from decorations provider vscode.git 4106
[2022-05-14 19:01:21.158] [exthost] [warning] [Decorations] CAPPING events from decorations provider vscode.git 4106
[2022-05-14 19:01:30.613] [exthost] [warning] [Decorations] CAPPING events from decorations provider vscode.git 4106
[2022-05-14 19:01:40.363] [exthost] [warning] [Decorations] CAPPING events from decorations provider vscode.git 4106
[2022-05-14 19:01:49.732] [exthost] [warning] [Decorations] CAPPING events from decorations provider vscode.git 4106
[2022-05-14 19:01:59.788] [exthost] [warning] [Decorations] CAPPING events from decorations provider vscode.git 4106
[2022-05-14 19:02:09.423] [exthost] [warning] [Decorations] CAPPING events from decorations provider vscode.git 4106
[2022-05-14 19:02:19.319] [exthost] [warning] [Decorations] CAPPING events from decorations provider vscode.git 4106
[2022-05-14 19:02:28.925] [exthost] [warning] [Decorations] CAPPING events from decorations provider vscode.git 4106
[2022-05-14 19:02:38.763] [exthost] [warning] [Decorations] CAPPING events from decorations provider vscode.git 4106
[2022-05-14 19:02:48.179] [exthost] [warning] [Decorations] CAPPING events from decorations provider vscode.git 4106
[2022-05-14 19:02:57.942] [exthost] [warning] [Decorations] CAPPING events from decorations provider vscode.git 4106
[2022-05-14 19:03:07.446] [exthost] [warning] [Decorations] CAPPING events from decorations provider vscode.git 4106
[2022-05-14 19:03:17.287] [exthost] [warning] [Decorations] CAPPING events from decorations provider vscode.git 4106
[2022-05-14 19:03:26.711] [exthost] [warning] [Decorations] CAPPING events from decorations provider vscode.git 4106
[2022-05-14 19:03:36.362] [exthost] [warning] [Decorations] CAPPING events from decorations provider vscode.git 4106
[2022-05-14 19:03:46.131] [exthost] [warning] [Decorations] CAPPING events from decorations provider vscode.git 4106
[2022-05-14 19:03:55.491] [exthost] [warning] [Decorations] CAPPING events from decorations provider vscode.git 4106
[2022-05-14 19:04:05.280] [exthost] [warning] [Decorations] CAPPING events from decorations provider vscode.git 4106
[2022-05-14 19:04:14.882] [exthost] [warning] [Decorations] CAPPING events from decorations provider vscode.git 4106
[2022-05-14 19:04:24.348] [exthost] [warning] [Decorations] CAPPING events from decorations provider vscode.git 4106
[2022-05-14 19:04:34.273] [exthost] [warning] [Decorations] CAPPING events from decorations provider vscode.git 4106
[2022-05-14 19:04:43.672] [exthost] [warning] [Decorations] CAPPING events from decorations provider vscode.git 4106
[2022-05-14 19:04:53.392] [exthost] [warning] [Decorations] CAPPING events from decorations provider vscode.git 4106
[2022-05-14 19:05:03.304] [exthost] [warning] [Decorations] CAPPING events from decorations provider vscode.git 4106
[2022-05-14 19:05:12.740] [exthost] [warning] [Decorations] CAPPING events from decorations provider vscode.git 4106
[2022-05-14 19:05:22.558] [exthost] [warning] [Decorations] CAPPING events from decorations provider vscode.git 4106
[2022-05-14 19:05:31.898] [exthost] [warning] [Decorations] CAPPING events from decorations provider vscode.git 4106
[2022-05-14 19:05:41.348] [exthost] [warning] [Decorations] CAPPING events from decorations provider vscode.git 4106
[2022-05-14 19:05:51.049] [exthost] [warning] [Decorations] CAPPING events from decorations provider vscode.git 4106
[2022-05-14 19:06:01.093] [exthost] [warning] [Decorations] CAPPING events from decorations provider vscode.git 4106
[2022-05-14 19:06:11.054] [exthost] [warning] [Decorations] CAPPING events from decorations provider vscode.git 4106
[2022-05-14 19:06:20.474] [exthost] [warning] [Decorations] CAPPING events from decorations provider vscode.git 4106
[2022-05-14 19:06:29.956] [exthost] [warning] [Decorations] CAPPING events from decorations provider vscode.git 4106
[2022-05-14 19:06:39.399] [exthost] [warning] [Decorations] CAPPING events from decorations provider vscode.git 4106
[2022-05-14 19:06:48.861] [exthost] [warning] [Decorations] CAPPING events from decorations provider vscode.git 4106
[2022-05-14 19:06:58.268] [exthost] [warning] [Decorations] CAPPING events from decorations provider vscode.git 4106
[2022-05-14 19:07:07.938] [exthost] [warning] [Decorations] CAPPING events from decorations provider vscode.git 4106
[2022-05-14 19:07:17.669] [exthost] [warning] [Decorations] CAPPING events from decorations provider vscode.git 4106
[2022-05-14 19:07:27.148] [exthost] [warning] [Decorations] CAPPING events from decorations provider vscode.git 4106
[2022-05-14 19:07:36.597] [exthost] [warning] [Decorations] CAPPING events from decorations provider vscode.git 4106
[2022-05-14 19:07:46.419] [exthost] [warning] [Decorations] CAPPING events from decorations provider vscode.git 4106
[2022-05-14 19:07:55.812] [exthost] [warning] [Decorations] CAPPING events from decorations provider vscode.git 4106
[2022-05-14 19:08:05.644] [exthost] [warning] [Decorations] CAPPING events from decorations provider vscode.git 4106
[2022-05-14 19:08:15.234] [exthost] [warning] [Decorations] CAPPING events from decorations provider vscode.git 4106
[2022-05-14 19:08:25.195] [exthost] [warning] [Decorations] CAPPING events from decorations provider vscode.git 4106
[2022-05-14 19:08:34.986] [exthost] [warning] [Decorations] CAPPING events from decorations provider vscode.git 4106
[2022-05-14 19:08:44.659] [exthost] [warning] [Decorations] CAPPING events from decorations provider vscode.git 4106
[2022-05-14 19:08:54.056] [exthost] [warning] [Decorations] CAPPING events from decorations provider vscode.git 4106
[2022-05-14 19:09:03.712] [exthost] [warning] [Decorations] CAPPING events from decorations provider vscode.git 4106
[2022-05-14 19:09:13.185] [exthost] [warning] [Decorations] CAPPING events from decorations provider vscode.git 4106
[2022-05-14 19:09:23.024] [exthost] [warning] [Decorations] CAPPING events from decorations provider vscode.git 4106
[2022-05-14 19:09:32.450] [exthost] [warning] [Decorations] CAPPING events from decorations provider vscode.git 4106
[2022-05-14 19:09:42.165] [exthost] [warning] [Decorations] CAPPING events from decorations provider vscode.git 4106
[2022-05-14 19:09:51.670] [exthost] [warning] [Decorations] CAPPING events from decorations provider vscode.git 4106
[2022-05-14 19:10:01.460] [exthost] [warning] [Decorations] CAPPING events from decorations provider vscode.git 4106
[2022-05-14 19:10:10.882] [exthost] [warning] [Decorations] CAPPING events from decorations provider vscode.git 4106
[2022-05-14 19:10:20.339] [exthost] [warning] [Decorations] CAPPING events from decorations provider vscode.git 4106
[2022-05-14 19:10:29.751] [exthost] [warning] [Decorations] CAPPING events from decorations provider vscode.git 4106
[2022-05-14 19:10:39.538] [exthost] [warning] [Decorations] CAPPING events from decorations provider vscode.git 4106
[2022-05-14 19:10:48.920] [exthost] [warning] [Decorations] CAPPING events from decorations provider vscode.git 4106
[2022-05-14 19:10:58.278] [exthost] [warning] [Decorations] CAPPING events from decorations provider vscode.git 4106
[2022-05-14 19:11:08.137] [exthost] [warning] [Decorations] CAPPING events from decorations provider vscode.git 4106
[2022-05-14 19:11:17.625] [exthost] [warning] [Decorations] CAPPING events from decorations provider vscode.git 4106
[2022-05-14 19:11:27.342] [exthost] [warning] [Decorations] CAPPING events from decorations provider vscode.git 4106
[2022-05-14 19:11:36.727] [exthost] [warning] [Decorations] CAPPING events from decorations provider vscode.git 4106
[2022-05-14 19:11:46.494] [exthost] [warning] [Decorations] CAPPING events from decorations provider vscode.git 4106
[2022-05-14 19:11:55.896] [exthost] [warning] [Decorations] CAPPING events from decorations provider vscode.git 4106
[2022-05-14 19:12:05.324] [exthost] [warning] [Decorations] CAPPING events from decorations provider vscode.git 4106
[2022-05-14 19:12:15.108] [exthost] [warning] [Decorations] CAPPING events from decorations provider vscode.git 4106
[2022-05-14 19:12:24.513] [exthost] [warning] [Decorations] CAPPING events from decorations provider vscode.git 4106
[2022-05-14 19:12:34.299] [exthost] [warning] [Decorations] CAPPING events from decorations provider vscode.git 4106
[2022-05-14 19:12:43.969] [exthost] [warning] [Decorations] CAPPING events from decorations provider vscode.git 4106
[2022-05-14 19:12:53.673] [exthost] [warning] [Decorations] CAPPING events from decorations provider vscode.git 4106
[2022-05-14 19:13:03.275] [exthost] [warning] [Decorations] CAPPING events from decorations provider vscode.git 4106
[2022-05-14 19:13:12.956] [exthost] [warning] [Decorations] CAPPING events from decorations provider vscode.git 4106
[2022-05-14 19:13:22.718] [exthost] [warning] [Decorations] CAPPING events from decorations provider vscode.git 4106
[2022-05-14 19:13:32.108] [exthost] [warning] [Decorations] CAPPING events from decorations provider vscode.git 4106
[2022-05-14 19:13:41.878] [exthost] [warning] [Decorations] CAPPING events from decorations provider vscode.git 4106
[2022-05-14 19:13:51.237] [exthost] [warning] [Decorations] CAPPING events from decorations provider vscode.git 4106
[2022-05-14 19:14:01.042] [exthost] [warning] [Decorations] CAPPING events from decorations provider vscode.git 4106
[2022-05-14 19:14:10.447] [exthost] [warning] [Decorations] CAPPING events from decorations provider vscode.git 4106
[2022-05-14 19:14:19.881] [exthost] [warning] [Decorations] CAPPING events from decorations provider vscode.git 4106
[2022-05-14 19:14:29.605] [exthost] [warning] [Decorations] CAPPING events from decorations provider vscode.git 4106
[2022-05-14 19:14:39.019] [exthost] [warning] [Decorations] CAPPING events from decorations provider vscode.git 4106
[2022-05-14 19:14:48.670] [exthost] [warning] [Decorations] CAPPING events from decorations provider vscode.git 4106
[2022-05-14 19:14:58.035] [exthost] [warning] [Decorations] CAPPING events from decorations provider vscode.git 4106
[2022-05-14 19:15:07.784] [exthost] [warning] [Decorations] CAPPING events from decorations provider vscode.git 4106
[2022-05-14 19:15:17.332] [exthost] [warning] [Decorations] CAPPING events from decorations provider vscode.git 4106
[2022-05-14 19:15:26.707] [exthost] [warning] [Decorations] CAPPING events from decorations provider vscode.git 4106
[2022-05-14 19:15:36.485] [exthost] [warning] [Decorations] CAPPING events from decorations provider vscode.git 4106
[2022-05-14 19:15:45.906] [exthost] [warning] [Decorations] CAPPING events from decorations provider vscode.git 4106
[2022-05-14 19:15:55.750] [exthost] [warning] [Decorations] CAPPING events from decorations provider vscode.git 4106
[2022-05-14 19:16:05.136] [exthost] [warning] [Decorations] CAPPING events from decorations provider vscode.git 4106
[2022-05-14 19:16:14.922] [exthost] [warning] [Decorations] CAPPING events from decorations provider vscode.git 4106
[2022-05-14 19:16:24.300] [exthost] [warning] [Decorations] CAPPING events from decorations provider vscode.git 4106
[2022-05-14 19:16:33.747] [exthost] [warning] [Decorations] CAPPING events from decorations provider vscode.git 4106
[2022-05-14 19:16:43.552] [exthost] [warning] [Decorations] CAPPING events from decorations provider vscode.git 4106
[2022-05-14 19:16:53.110] [exthost] [warning] [Decorations] CAPPING events from decorations provider vscode.git 4106
[2022-05-14 19:17:04.011] [exthost] [warning] [Decorations] CAPPING events from decorations provider vscode.git 4106
[2022-05-14 19:17:13.931] [exthost] [warning] [Decorations] CAPPING events from decorations provider vscode.git 4106
[2022-05-14 19:17:23.388] [exthost] [warning] [Decorations] CAPPING events from decorations provider vscode.git 4106
[2022-05-14 19:17:33.191] [exthost] [warning] [Decorations] CAPPING events from decorations provider vscode.git 4106
[2022-05-14 19:17:42.580] [exthost] [warning] [Decorations] CAPPING events from decorations provider vscode.git 4106
[2022-05-14 19:17:52.434] [exthost] [warning] [Decorations] CAPPING events from decorations provider vscode.git 4106
[2022-05-14 19:18:01.881] [exthost] [warning] [Decorations] CAPPING events from decorations provider vscode.git 4106
[2022-05-14 19:18:11.999] [exthost] [warning] [Decorations] CAPPING events from decorations provider vscode.git 4106
[2022-05-14 19:18:21.536] [exthost] [warning] [Decorations] CAPPING events from decorations provider vscode.git 4106
[2022-05-14 19:18:30.928] [exthost] [warning] [Decorations] CAPPING events from decorations provider vscode.git 4106
[2022-05-14 19:18:40.312] [exthost] [warning] [Decorations] CAPPING events from decorations provider vscode.git 4106
[2022-05-14 19:18:49.705] [exthost] [warning] [Decorations] CAPPING events from decorations provider vscode.git 4106
[2022-05-14 19:18:59.123] [exthost] [warning] [Decorations] CAPPING events from decorations provider vscode.git 4106
[2022-05-14 19:19:08.565] [exthost] [warning] [Decorations] CAPPING events from decorations provider vscode.git 4106
[2022-05-14 19:19:17.974] [exthost] [warning] [Decorations] CAPPING events from decorations provider vscode.git 4106
[2022-05-14 19:19:27.435] [exthost] [warning] [Decorations] CAPPING events from decorations provider vscode.git 4106
[2022-05-14 19:19:36.848] [exthost] [warning] [Decorations] CAPPING events from decorations provider vscode.git 4106
[2022-05-14 19:19:46.597] [exthost] [warning] [Decorations] CAPPING events from decorations provider vscode.git 4106
[2022-05-14 19:19:55.949] [exthost] [warning] [Decorations] CAPPING events from decorations provider vscode.git 4106
[2022-05-14 19:20:05.739] [exthost] [warning] [Decorations] CAPPING events from decorations provider vscode.git 4106
[2022-05-14 19:20:15.090] [exthost] [warning] [Decorations] CAPPING events from decorations provider vscode.git 4106
[2022-05-14 19:20:24.522] [exthost] [warning] [Decorations] CAPPING events from decorations provider vscode.git 4106
[2022-05-14 19:20:34.313] [exthost] [warning] [Decorations] CAPPING events from decorations provider vscode.git 4106
[2022-05-14 19:20:43.813] [exthost] [warning] [Decorations] CAPPING events from decorations provider vscode.git 4106
[2022-05-14 19:20:53.259] [exthost] [warning] [Decorations] CAPPING events from decorations provider vscode.git 4106
[2022-05-14 19:21:03.561] [exthost] [warning] [Decorations] CAPPING events from decorations provider vscode.git 4106
[2022-05-14 19:21:12.943] [exthost] [warning] [Decorations] CAPPING events from decorations provider vscode.git 4106
[2022-05-14 19:21:22.741] [exthost] [warning] [Decorations] CAPPING events from decorations provider vscode.git 4106
[2022-05-14 19:21:32.097] [exthost] [warning] [Decorations] CAPPING events from decorations provider vscode.git 4106
[2022-05-14 19:21:41.490] [exthost] [warning] [Decorations] CAPPING events from decorations provider vscode.git 4106
[2022-05-14 19:21:50.883] [exthost] [warning] [Decorations] CAPPING events from decorations provider vscode.git 4106
[2022-05-14 19:22:00.329] [exthost] [warning] [Decorations] CAPPING events from decorations provider vscode.git 4106
[2022-05-14 19:22:10.230] [exthost] [warning] [Decorations] CAPPING events from decorations provider vscode.git 4106
[2022-05-14 19:22:19.694] [exthost] [warning] [Decorations] CAPPING events from decorations provider vscode.git 4106
[2022-05-14 19:22:29.542] [exthost] [warning] [Decorations] CAPPING events from decorations provider vscode.git 4106
[2022-05-14 19:22:38.986] [exthost] [warning] [Decorations] CAPPING events from decorations provider vscode.git 4106
[2022-05-14 19:22:48.403] [exthost] [warning] [Decorations] CAPPING events from decorations provider vscode.git 4106
[2022-05-14 19:22:58.174] [exthost] [warning] [Decorations] CAPPING events from decorations provider vscode.git 4106
[2022-05-14 19:23:07.715] [exthost] [warning] [Decorations] CAPPING events from decorations provider vscode.git 4106
[2022-05-14 19:23:17.513] [exthost] [warning] [Decorations] CAPPING events from decorations provider vscode.git 4106
[2022-05-14 19:23:27.018] [exthost] [warning] [Decorations] CAPPING events from decorations provider vscode.git 4106
[2022-05-14 19:23:36.733] [exthost] [warning] [Decorations] CAPPING events from decorations provider vscode.git 4106
[2022-05-14 19:23:46.506] [exthost] [warning] [Decorations] CAPPING events from decorations provider vscode.git 4106
[2022-05-14 19:23:56.171] [exthost] [warning] [Decorations] CAPPING events from decorations provider vscode.git 4106
[2022-05-14 19:24:05.942] [exthost] [warning] [Decorations] CAPPING events from decorations provider vscode.git 4106
[2022-05-14 19:24:15.509] [exthost] [warning] [Decorations] CAPPING events from decorations provider vscode.git 4106
[2022-05-14 19:24:24.937] [exthost] [warning] [Decorations] CAPPING events from decorations provider vscode.git 4106
[2022-05-14 19:24:34.863] [exthost] [warning] [Decorations] CAPPING events from decorations provider vscode.git 4106
[2022-05-14 19:24:44.373] [exthost] [warning] [Decorations] CAPPING events from decorations provider vscode.git 4106
[2022-05-14 19:24:54.119] [exthost] [warning] [Decorations] CAPPING events from decorations provider vscode.git 4106
[2022-05-14 19:25:03.536] [exthost] [warning] [Decorations] CAPPING events from decorations provider vscode.git 4106
[2022-05-14 19:25:13.258] [exthost] [warning] [Decorations] CAPPING events from decorations provider vscode.git 4106
[2022-05-14 19:25:24.785] [exthost] [warning] [Decorations] CAPPING events from decorations provider vscode.git 4107
[2022-05-14 19:25:36.290] [exthost] [warning] [Decorations] CAPPING events from decorations provider vscode.git 4106
[2022-05-14 19:25:45.776] [exthost] [warning] [Decorations] CAPPING events from decorations provider vscode.git 4106
[2022-05-14 19:25:55.517] [exthost] [warning] [Decorations] CAPPING events from decorations provider vscode.git 4106
[2022-05-14 19:26:08.169] [exthost] [warning] [Decorations] CAPPING events from decorations provider vscode.git 4106
[2022-05-14 19:26:19.599] [exthost] [warning] [Decorations] CAPPING events from decorations provider vscode.git 4106
[2022-05-14 19:26:30.988] [exthost] [warning] [Decorations] CAPPING events from decorations provider vscode.git 4107
[2022-05-14 19:26:41.127] [exthost] [warning] [Decorations] CAPPING events from decorations provider vscode.git 4107
[2022-05-14 19:26:51.568] [exthost] [warning] [Decorations] CAPPING events from decorations provider vscode.git 4106
[2022-05-14 19:27:01.233] [exthost] [warning] [Decorations] CAPPING events from decorations provider vscode.git 4106
[2022-05-14 19:29:48.895] [exthost] [warning] [Decorations] CAPPING events from decorations provider vscode.git 4107
[2022-05-14 19:29:59.470] [exthost] [warning] [Decorations] CAPPING events from decorations provider vscode.git 4106
[2022-05-14 19:30:09.081] [exthost] [warning] [Decorations] CAPPING events from decorations provider vscode.git 4106
[2022-05-14 19:30:19.092] [exthost] [warning] [Decorations] CAPPING events from decorations provider vscode.git 4107
[2022-05-14 19:30:57.591] [exthost] [warning] [Decorations] CAPPING events from decorations provider vscode.git 4107
[2022-05-14 19:31:11.078] [exthost] [warning] [Decorations] CAPPING events from decorations provider vscode.git 4106
[2022-05-14 19:31:21.050] [exthost] [warning] [Decorations] CAPPING events from decorations provider vscode.git 4107
[2022-05-14 19:31:31.340] [exthost] [warning] [Decorations] CAPPING events from decorations provider vscode.git 4107
[2022-05-14 19:31:42.716] [exthost] [warning] [Decorations] CAPPING events from decorations provider vscode.git 4106
[2022-05-14 19:31:55.278] [exthost] [warning] [Decorations] CAPPING events from decorations provider vscode.git 4106
[2022-05-14 19:32:05.115] [exthost] [warning] [Decorations] CAPPING events from decorations provider vscode.git 4107
[2022-05-14 19:32:14.938] [exthost] [warning] [Decorations] CAPPING events from decorations provider vscode.git 4106
[2022-05-14 19:32:24.994] [exthost] [warning] [Decorations] CAPPING events from decorations provider vscode.git 4106
[2022-05-14 19:32:36.186] [exthost] [warning] [Decorations] CAPPING events from decorations provider vscode.git 4106
[2022-05-14 19:32:45.858] [exthost] [warning] [Decorations] CAPPING events from decorations provider vscode.git 4106
[2022-05-14 19:32:55.511] [exthost] [warning] [Decorations] CAPPING events from decorations provider vscode.git 4106
[2022-05-14 19:33:05.372] [exthost] [warning] [Decorations] CAPPING events from decorations provider vscode.git 4107
[2022-05-14 19:33:15.503] [exthost] [warning] [Decorations] CAPPING events from decorations provider vscode.git 4107
[2022-05-14 19:33:25.322] [exthost] [warning] [Decorations] CAPPING events from decorations provider vscode.git 4108
[2022-05-14 19:33:35.362] [exthost] [warning] [Decorations] CAPPING events from decorations provider vscode.git 4108
[2022-05-14 19:33:46.179] [exthost] [warning] [Decorations] CAPPING events from decorations provider vscode.git 4107
[2022-05-14 19:33:56.255] [exthost] [warning] [Decorations] CAPPING events from decorations provider vscode.git 4108
[2022-05-14 19:34:06.203] [exthost] [warning] [Decorations] CAPPING events from decorations provider vscode.git 4107
[2022-05-14 19:34:17.038] [exthost] [warning] [Decorations] CAPPING events from decorations provider vscode.git 4107
[2022-05-14 19:34:27.388] [exthost] [warning] [Decorations] CAPPING events from decorations provider vscode.git 4107
[2022-05-14 19:34:36.979] [exthost] [warning] [Decorations] CAPPING events from decorations provider vscode.git 4107
[2022-05-14 19:34:47.136] [exthost] [warning] [Decorations] CAPPING events from decorations provider vscode.git 4107
[2022-05-14 19:34:57.156] [exthost] [warning] [Decorations] CAPPING events from decorations provider vscode.git 4107
[2022-05-14 19:35:07.032] [exthost] [warning] [Decorations] CAPPING events from decorations provider vscode.git 4107
[2022-05-14 19:35:16.614] [exthost] [warning] [Decorations] CAPPING events from decorations provider vscode.git 4107
[2022-05-14 19:35:26.362] [exthost] [warning] [Decorations] CAPPING events from decorations provider vscode.git 4107
[2022-05-14 19:35:37.620] [exthost] [warning] [Decorations] CAPPING events from decorations provider vscode.git 4107
[2022-05-14 23:48:05.546] [exthost] [warning] [Decorations] CAPPING events from decorations provider vscode.git 4106
[2022-05-15 22:38:08.308] [exthost] [info] Extension host terminating: received terminate message from renderer
[2022-05-15 22:38:08.311] [exthost] [info] Lock '/home/jtorne2/.vscode-server/data/User/workspaceStorage/faf95380bff7befa0e8455c263d445cf/vscode.lock': Marking the lockfile as scheduled to be released in 6000 ms.
[2022-05-15 22:38:08.986] [exthost] [info] Extension host with pid 81 exiting with code 0
